mode: set
github.com/brunocalza/go-bustub/storage/table/table_page.go:41.67,42.23 1 1
github.com/brunocalza/go-bustub/storage/table/table_page.go:46.2,46.57 1 1
github.com/brunocalza/go-bustub/storage/table/table_page.go:50.2,53.58 2 1
github.com/brunocalza/go-bustub/storage/table/table_page.go:59.2,59.87 1 1
github.com/brunocalza/go-bustub/storage/table/table_page.go:63.2,68.32 5 1
github.com/brunocalza/go-bustub/storage/table/table_page.go:72.2,72.17 1 1
github.com/brunocalza/go-bustub/storage/table/table_page.go:42.23,44.3 1 0
github.com/brunocalza/go-bustub/storage/table/table_page.go:46.57,48.3 1 0
github.com/brunocalza/go-bustub/storage/table/table_page.go:53.58,54.33 1 1
github.com/brunocalza/go-bustub/storage/table/table_page.go:54.33,55.9 1 0
github.com/brunocalza/go-bustub/storage/table/table_page.go:59.87,61.3 1 0
github.com/brunocalza/go-bustub/storage/table/table_page.go:68.32,70.3 1 1
github.com/brunocalza/go-bustub/storage/table/table_page.go:76.71,82.2 5 1
github.com/brunocalza/go-bustub/storage/table/table_page.go:84.63,86.2 1 1
github.com/brunocalza/go-bustub/storage/table/table_page.go:88.55,90.2 1 1
github.com/brunocalza/go-bustub/storage/table/table_page.go:92.53,94.2 1 1
github.com/brunocalza/go-bustub/storage/table/table_page.go:96.51,98.2 1 1
github.com/brunocalza/go-bustub/storage/table/table_page.go:100.52,102.35 2 1
github.com/brunocalza/go-bustub/storage/table/table_page.go:102.35,106.3 3 1
github.com/brunocalza/go-bustub/storage/table/table_page.go:109.56,111.36 2 1
github.com/brunocalza/go-bustub/storage/table/table_page.go:111.36,115.3 3 1
github.com/brunocalza/go-bustub/storage/table/table_page.go:118.56,120.36 2 1
github.com/brunocalza/go-bustub/storage/table/table_page.go:120.36,124.3 3 1
github.com/brunocalza/go-bustub/storage/table/table_page.go:127.67,129.36 2 1
github.com/brunocalza/go-bustub/storage/table/table_page.go:129.36,133.3 3 1
github.com/brunocalza/go-bustub/storage/table/table_page.go:136.55,138.36 2 1
github.com/brunocalza/go-bustub/storage/table/table_page.go:138.36,142.3 3 1
github.com/brunocalza/go-bustub/storage/table/table_page.go:145.58,147.44 1 1
github.com/brunocalza/go-bustub/storage/table/table_page.go:153.2,154.68 2 1
github.com/brunocalza/go-bustub/storage/table/table_page.go:161.2,162.64 2 1
github.com/brunocalza/go-bustub/storage/table/table_page.go:147.44,150.3 2 1
github.com/brunocalza/go-bustub/storage/table/table_page.go:154.68,158.3 3 1
github.com/brunocalza/go-bustub/storage/table/table_page.go:162.64,166.3 3 1
github.com/brunocalza/go-bustub/storage/table/table_page.go:169.51,171.2 1 1
github.com/brunocalza/go-bustub/storage/table/table_page.go:173.50,175.2 1 1
github.com/brunocalza/go-bustub/storage/table/table_page.go:177.45,179.2 1 1
github.com/brunocalza/go-bustub/storage/table/table_page.go:181.53,188.41 5 1
github.com/brunocalza/go-bustub/storage/table/table_page.go:193.2,197.14 5 1
github.com/brunocalza/go-bustub/storage/table/table_page.go:188.41,191.3 2 1
github.com/brunocalza/go-bustub/storage/table/table_page.go:200.51,204.42 3 1
github.com/brunocalza/go-bustub/storage/table/table_page.go:209.2,209.12 1 0
github.com/brunocalza/go-bustub/storage/table/table_page.go:204.42,208.3 2 1
github.com/brunocalza/go-bustub/storage/table/table_page.go:212.63,216.50 3 1
github.com/brunocalza/go-bustub/storage/table/table_page.go:221.2,221.12 1 1
github.com/brunocalza/go-bustub/storage/table/table_page.go:216.50,220.3 2 1
github.com/brunocalza/go-bustub/execution/expression/comparison.go:20.97,25.2 4 1
github.com/brunocalza/go-bustub/execution/expression/comparison.go:27.85,31.2 3 1
github.com/brunocalza/go-bustub/execution/expression/comparison.go:33.79,34.26 1 1
github.com/brunocalza/go-bustub/execution/expression/comparison.go:40.2,40.14 1 0
github.com/brunocalza/go-bustub/execution/expression/comparison.go:35.13,36.32 1 1
github.com/brunocalza/go-bustub/execution/expression/comparison.go:37.16,38.35 1 1
github.com/brunocalza/go-bustub/execution/executors/seq_scan_executor.go:19.89,22.2 2 1
github.com/brunocalza/go-bustub/execution/executors/seq_scan_executor.go:24.34,26.2 1 1
github.com/brunocalza/go-bustub/execution/executors/seq_scan_executor.go:31.62,34.56 1 1
github.com/brunocalza/go-bustub/execution/executors/seq_scan_executor.go:41.2,41.17 1 1
github.com/brunocalza/go-bustub/execution/executors/seq_scan_executor.go:46.2,46.23 1 1
github.com/brunocalza/go-bustub/execution/executors/seq_scan_executor.go:34.56,35.42 1 1
github.com/brunocalza/go-bustub/execution/executors/seq_scan_executor.go:35.42,36.9 1 1
github.com/brunocalza/go-bustub/execution/executors/seq_scan_executor.go:41.17,44.3 2 1
github.com/brunocalza/go-bustub/execution/executors/seq_scan_executor.go:50.94,52.2 1 1
github.com/brunocalza/go-bustub/execution/executors/seq_scan_executor.go:56.69,60.61 3 1
github.com/brunocalza/go-bustub/execution/executors/seq_scan_executor.go:65.2,65.55 1 1
github.com/brunocalza/go-bustub/execution/executors/seq_scan_executor.go:60.61,63.3 2 1
github.com/brunocalza/go-bustub/storage/page/hash_table_block_page.go:30.54,32.2 1 0
github.com/brunocalza/go-bustub/storage/page/hash_table_block_page.go:35.56,37.2 1 0
github.com/brunocalza/go-bustub/storage/page/hash_table_block_page.go:40.76,41.28 1 0
github.com/brunocalza/go-bustub/storage/page/hash_table_block_page.go:45.2,48.13 4 0
github.com/brunocalza/go-bustub/storage/page/hash_table_block_page.go:41.28,43.3 1 0
github.com/brunocalza/go-bustub/storage/page/hash_table_block_page.go:51.51,52.29 1 0
github.com/brunocalza/go-bustub/storage/page/hash_table_block_page.go:56.2,56.47 1 0
github.com/brunocalza/go-bustub/storage/page/hash_table_block_page.go:52.29,54.3 1 0
github.com/brunocalza/go-bustub/storage/page/hash_table_block_page.go:60.60,62.2 1 0
github.com/brunocalza/go-bustub/storage/page/hash_table_block_page.go:65.60,67.2 1 0
github.com/brunocalza/go-bustub/storage/page/hash_table_header_page.go:18.67,20.2 1 0
github.com/brunocalza/go-bustub/storage/page/hash_table_header_page.go:22.53,24.2 1 0
github.com/brunocalza/go-bustub/storage/page/hash_table_header_page.go:26.59,28.2 1 0
github.com/brunocalza/go-bustub/storage/page/hash_table_header_page.go:30.47,32.2 1 0
github.com/brunocalza/go-bustub/storage/page/hash_table_header_page.go:34.50,36.2 1 0
github.com/brunocalza/go-bustub/storage/page/hash_table_header_page.go:38.64,41.2 2 0
github.com/brunocalza/go-bustub/storage/page/hash_table_header_page.go:43.50,45.2 1 0
github.com/brunocalza/go-bustub/storage/page/hash_table_header_page.go:47.52,49.2 1 0
github.com/brunocalza/go-bustub/storage/page/hash_table_header_page.go:51.48,53.2 1 0
github.com/brunocalza/go-bustub/storage/page/page.go:10.33,12.2 1 1
github.com/brunocalza/go-bustub/storage/page/page.go:26.30,28.2 1 1
github.com/brunocalza/go-bustub/storage/page/page.go:31.30,32.20 1 1
github.com/brunocalza/go-bustub/storage/page/page.go:32.20,34.3 1 1
github.com/brunocalza/go-bustub/storage/page/page.go:38.34,40.2 1 1
github.com/brunocalza/go-bustub/storage/page/page.go:43.28,45.2 1 1
github.com/brunocalza/go-bustub/storage/page/page.go:48.39,50.2 1 1
github.com/brunocalza/go-bustub/storage/page/page.go:53.41,55.2 1 1
github.com/brunocalza/go-bustub/storage/page/page.go:58.31,60.2 1 1
github.com/brunocalza/go-bustub/storage/page/page.go:63.40,64.33 1 0
github.com/brunocalza/go-bustub/storage/page/page.go:64.33,66.3 1 0
github.com/brunocalza/go-bustub/storage/page/page.go:70.63,72.2 1 0
github.com/brunocalza/go-bustub/storage/page/page.go:75.32,77.2 1 1
github.com/brunocalza/go-bustub/errors/type.go:5.31,5.51 1 0
github.com/brunocalza/go-bustub/types/value.go:13.36,15.2 1 1
github.com/brunocalza/go-bustub/types/value.go:17.35,19.2 1 1
github.com/brunocalza/go-bustub/types/value.go:21.48,22.21 1 1
github.com/brunocalza/go-bustub/types/value.go:26.2,26.14 1 0
github.com/brunocalza/go-bustub/types/value.go:23.15,24.38 1 1
github.com/brunocalza/go-bustub/types/value.go:29.51,30.21 1 1
github.com/brunocalza/go-bustub/types/value.go:34.2,34.14 1 0
github.com/brunocalza/go-bustub/types/value.go:31.15,32.38 1 1
github.com/brunocalza/go-bustub/types/value.go:37.45,40.21 3 1
github.com/brunocalza/go-bustub/types/value.go:46.2,46.36 1 1
github.com/brunocalza/go-bustub/types/value.go:41.15,43.52 2 1
github.com/brunocalza/go-bustub/types/value.go:46.36,50.3 3 1
github.com/brunocalza/go-bustub/types/value.go:53.33,55.2 1 1
github.com/brunocalza/go-bustub/types/value.go:57.34,59.2 1 1
github.com/brunocalza/go-bustub/types/value.go:61.64,62.19 1 1
github.com/brunocalza/go-bustub/types/value.go:66.2,66.12 1 0
github.com/brunocalza/go-bustub/types/value.go:63.15,64.65 1 1
github.com/brunocalza/go-bustub/storage/table/table_metadata.go:10.42,12.2 1 1
github.com/brunocalza/go-bustub/storage/table/table_metadata.go:14.38,16.2 1 1
github.com/brunocalza/go-bustub/storage/table/table_metadata.go:18.44,20.2 1 1
github.com/brunocalza/go-bustub/storage/buffer/buffer_pool_manager.go:20.70,22.44 1 1
github.com/brunocalza/go-bustub/storage/buffer/buffer_pool_manager.go:30.2,31.20 2 0
github.com/brunocalza/go-bustub/storage/buffer/buffer_pool_manager.go:35.2,35.21 1 0
github.com/brunocalza/go-bustub/storage/buffer/buffer_pool_manager.go:48.2,50.16 3 0
github.com/brunocalza/go-bustub/storage/buffer/buffer_pool_manager.go:53.2,59.11 6 0
github.com/brunocalza/go-bustub/storage/buffer/buffer_pool_manager.go:22.44,27.3 4 1
github.com/brunocalza/go-bustub/storage/buffer/buffer_pool_manager.go:31.20,33.3 1 0
github.com/brunocalza/go-bustub/storage/buffer/buffer_pool_manager.go:35.21,38.25 2 0
github.com/brunocalza/go-bustub/storage/buffer/buffer_pool_manager.go:38.25,39.29 1 0
github.com/brunocalza/go-bustub/storage/buffer/buffer_pool_manager.go:44.4,44.41 1 0
github.com/brunocalza/go-bustub/storage/buffer/buffer_pool_manager.go:39.29,42.5 2 0
github.com/brunocalza/go-bustub/storage/buffer/buffer_pool_manager.go:50.16,52.3 1 0
github.com/brunocalza/go-bustub/storage/buffer/buffer_pool_manager.go:63.79,64.44 1 1
github.com/brunocalza/go-bustub/storage/buffer/buffer_pool_manager.go:81.2,81.42 1 0
github.com/brunocalza/go-bustub/storage/buffer/buffer_pool_manager.go:64.44,68.25 3 1
github.com/brunocalza/go-bustub/storage/buffer/buffer_pool_manager.go:72.3,72.30 1 1
github.com/brunocalza/go-bustub/storage/buffer/buffer_pool_manager.go:78.3,78.13 1 1
github.com/brunocalza/go-bustub/storage/buffer/buffer_pool_manager.go:68.25,70.4 1 1
github.com/brunocalza/go-bustub/storage/buffer/buffer_pool_manager.go:72.30,74.4 1 1
github.com/brunocalza/go-bustub/storage/buffer/buffer_pool_manager.go:74.9,76.4 1 1
github.com/brunocalza/go-bustub/storage/buffer/buffer_pool_manager.go:85.64,86.44 1 1
github.com/brunocalza/go-bustub/storage/buffer/buffer_pool_manager.go:97.2,97.14 1 0
github.com/brunocalza/go-bustub/storage/buffer/buffer_pool_manager.go:86.44,95.3 6 1
github.com/brunocalza/go-bustub/storage/buffer/buffer_pool_manager.go:101.50,103.20 2 1
github.com/brunocalza/go-bustub/storage/buffer/buffer_pool_manager.go:107.2,107.21 1 1
github.com/brunocalza/go-bustub/storage/buffer/buffer_pool_manager.go:121.2,127.11 5 1
github.com/brunocalza/go-bustub/storage/buffer/buffer_pool_manager.go:103.20,105.3 1 0
github.com/brunocalza/go-bustub/storage/buffer/buffer_pool_manager.go:107.21,110.25 2 0
github.com/brunocalza/go-bustub/storage/buffer/buffer_pool_manager.go:110.25,111.29 1 0
github.com/brunocalza/go-bustub/storage/buffer/buffer_pool_manager.go:116.4,116.41 1 0
github.com/brunocalza/go-bustub/storage/buffer/buffer_pool_manager.go:111.29,114.5 2 0
github.com/brunocalza/go-bustub/storage/buffer/buffer_pool_manager.go:131.66,134.44 3 0
github.com/brunocalza/go-bustub/storage/buffer/buffer_pool_manager.go:138.2,140.25 2 0
github.com/brunocalza/go-bustub/storage/buffer/buffer_pool_manager.go:143.2,149.12 5 0
github.com/brunocalza/go-bustub/storage/buffer/buffer_pool_manager.go:134.44,136.3 1 0
github.com/brunocalza/go-bustub/storage/buffer/buffer_pool_manager.go:140.25,142.3 1 0
github.com/brunocalza/go-bustub/storage/buffer/buffer_pool_manager.go:154.45,155.34 1 1
github.com/brunocalza/go-bustub/storage/buffer/buffer_pool_manager.go:155.34,157.3 1 1
github.com/brunocalza/go-bustub/storage/buffer/buffer_pool_manager.go:160.59,161.25 1 1
github.com/brunocalza/go-bustub/storage/buffer/buffer_pool_manager.go:168.2,168.38 1 0
github.com/brunocalza/go-bustub/storage/buffer/buffer_pool_manager.go:161.25,166.3 3 1
github.com/brunocalza/go-bustub/storage/buffer/buffer_pool_manager.go:172.93,175.40 3 1
github.com/brunocalza/go-bustub/storage/buffer/buffer_pool_manager.go:180.2,181.98 2 1
github.com/brunocalza/go-bustub/storage/buffer/buffer_pool_manager.go:175.40,178.3 2 1
github.com/brunocalza/go-bustub/storage/buffer/clock_replacer.go:13.43,14.23 1 0
github.com/brunocalza/go-bustub/storage/buffer/clock_replacer.go:18.2,20.6 3 0
github.com/brunocalza/go-bustub/storage/buffer/clock_replacer.go:14.23,16.3 1 0
github.com/brunocalza/go-bustub/storage/buffer/clock_replacer.go:20.6,21.31 1 0
github.com/brunocalza/go-bustub/storage/buffer/clock_replacer.go:21.31,24.4 2 0
github.com/brunocalza/go-bustub/storage/buffer/clock_replacer.go:24.9,32.4 5 0
github.com/brunocalza/go-bustub/storage/buffer/clock_replacer.go:37.43,38.25 1 1
github.com/brunocalza/go-bustub/storage/buffer/clock_replacer.go:38.25,40.24 2 1
github.com/brunocalza/go-bustub/storage/buffer/clock_replacer.go:40.24,42.4 1 1
github.com/brunocalza/go-bustub/storage/buffer/clock_replacer.go:47.41,49.17 2 1
github.com/brunocalza/go-bustub/storage/buffer/clock_replacer.go:53.2,53.28 1 1
github.com/brunocalza/go-bustub/storage/buffer/clock_replacer.go:56.2,56.20 1 1
github.com/brunocalza/go-bustub/storage/buffer/clock_replacer.go:49.17,51.3 1 1
github.com/brunocalza/go-bustub/storage/buffer/clock_replacer.go:53.28,55.3 1 1
github.com/brunocalza/go-bustub/storage/buffer/clock_replacer.go:61.39,63.2 1 0
github.com/brunocalza/go-bustub/storage/buffer/clock_replacer.go:66.55,69.2 2 1
github.com/brunocalza/go-bustub/storage/table/schema.go:10.43,16.36 5 1
github.com/brunocalza/go-bustub/storage/table/schema.go:29.2,30.15 2 1
github.com/brunocalza/go-bustub/storage/table/schema.go:16.36,19.26 2 1
github.com/brunocalza/go-bustub/storage/table/schema.go:24.3,27.50 3 1
github.com/brunocalza/go-bustub/storage/table/schema.go:19.26,22.4 2 0
github.com/brunocalza/go-bustub/storage/table/schema.go:33.53,35.2 1 1
github.com/brunocalza/go-bustub/storage/table/schema.go:37.42,39.2 1 1
github.com/brunocalza/go-bustub/storage/table/schema.go:41.34,43.2 1 1
github.com/brunocalza/go-bustub/storage/table/schema.go:45.56,46.50 1 1
github.com/brunocalza/go-bustub/storage/table/schema.go:52.2,52.27 1 0
github.com/brunocalza/go-bustub/storage/table/schema.go:46.50,47.44 1 1
github.com/brunocalza/go-bustub/storage/table/schema.go:47.44,49.4 1 1
github.com/brunocalza/go-bustub/storage/table/schema.go:55.41,57.2 1 1
github.com/brunocalza/go-bustub/execution/plans/plan.go:25.63,27.2 1 1
github.com/brunocalza/go-bustub/execution/plans/plan.go:29.49,31.2 1 0
github.com/brunocalza/go-bustub/execution/plans/plan.go:33.57,35.2 1 1
github.com/brunocalza/go-bustub/execution/executors/testing_utils.go:41.69,43.37 2 1
github.com/brunocalza/go-bustub/execution/executors/testing_utils.go:46.2,54.42 6 1
github.com/brunocalza/go-bustub/execution/executors/testing_utils.go:43.37,45.3 1 1
github.com/brunocalza/go-bustub/execution/executors/testing_utils.go:54.42,57.3 2 1
github.com/brunocalza/go-bustub/execution/executors/execution_engine.go:17.93,22.6 4 1
github.com/brunocalza/go-bustub/execution/executors/execution_engine.go:33.2,33.15 1 1
github.com/brunocalza/go-bustub/execution/executors/execution_engine.go:22.6,24.25 2 1
github.com/brunocalza/go-bustub/execution/executors/execution_engine.go:28.3,28.19 1 1
github.com/brunocalza/go-bustub/execution/executors/execution_engine.go:24.25,25.9 1 1
github.com/brunocalza/go-bustub/execution/executors/execution_engine.go:28.19,30.4 1 1
github.com/brunocalza/go-bustub/execution/executors/execution_engine.go:36.94,37.26 1 1
github.com/brunocalza/go-bustub/execution/executors/execution_engine.go:45.2,45.12 1 0
github.com/brunocalza/go-bustub/execution/executors/execution_engine.go:38.29,39.39 1 1
github.com/brunocalza/go-bustub/execution/executors/execution_engine.go:40.30,41.40 1 1
github.com/brunocalza/go-bustub/execution/executors/execution_engine.go:42.28,43.85 1 1
github.com/brunocalza/go-bustub/execution/executors/executor_context.go:14.97,16.2 1 1
github.com/brunocalza/go-bustub/execution/executors/executor_context.go:18.55,20.2 1 1
github.com/brunocalza/go-bustub/execution/executors/executor_context.go:22.76,24.2 1 0
github.com/brunocalza/go-bustub/storage/page/rid.go:10.47,13.2 2 1
github.com/brunocalza/go-bustub/storage/page/rid.go:16.34,18.2 1 1
github.com/brunocalza/go-bustub/storage/page/rid.go:21.32,23.2 1 1
github.com/brunocalza/go-bustub/storage/disk/testing.go:15.39,18.16 2 1
github.com/brunocalza/go-bustub/storage/disk/testing.go:21.2,26.44 5 1
github.com/brunocalza/go-bustub/storage/disk/testing.go:18.16,19.13 1 0
github.com/brunocalza/go-bustub/storage/disk/testing.go:30.38,33.2 2 1
github.com/brunocalza/go-bustub/storage/buffer/circular_list.go:22.52,24.38 2 1
github.com/brunocalza/go-bustub/storage/buffer/circular_list.go:32.2,32.12 1 1
github.com/brunocalza/go-bustub/storage/buffer/circular_list.go:24.38,25.21 1 1
github.com/brunocalza/go-bustub/storage/buffer/circular_list.go:29.3,29.17 1 0
github.com/brunocalza/go-bustub/storage/buffer/circular_list.go:25.21,27.4 1 1
github.com/brunocalza/go-bustub/storage/buffer/circular_list.go:35.53,37.2 1 1
github.com/brunocalza/go-bustub/storage/buffer/circular_list.go:39.73,40.26 1 1
github.com/brunocalza/go-bustub/storage/buffer/circular_list.go:44.2,45.17 2 1
github.com/brunocalza/go-bustub/storage/buffer/circular_list.go:54.2,55.17 2 0
github.com/brunocalza/go-bustub/storage/buffer/circular_list.go:60.2,64.22 4 0
github.com/brunocalza/go-bustub/storage/buffer/circular_list.go:68.2,73.12 4 0
github.com/brunocalza/go-bustub/storage/buffer/circular_list.go:40.26,42.3 1 0
github.com/brunocalza/go-bustub/storage/buffer/circular_list.go:45.17,52.3 6 1
github.com/brunocalza/go-bustub/storage/buffer/circular_list.go:55.17,58.3 2 0
github.com/brunocalza/go-bustub/storage/buffer/circular_list.go:64.22,66.3 1 0
github.com/brunocalza/go-bustub/storage/buffer/circular_list.go:76.48,78.17 2 1
github.com/brunocalza/go-bustub/storage/buffer/circular_list.go:82.2,82.17 1 1
github.com/brunocalza/go-bustub/storage/buffer/circular_list.go:89.2,89.20 1 0
github.com/brunocalza/go-bustub/storage/buffer/circular_list.go:93.2,93.20 1 0
github.com/brunocalza/go-bustub/storage/buffer/circular_list.go:97.2,100.10 3 0
github.com/brunocalza/go-bustub/storage/buffer/circular_list.go:78.17,80.3 1 0
github.com/brunocalza/go-bustub/storage/buffer/circular_list.go:82.17,87.3 4 1
github.com/brunocalza/go-bustub/storage/buffer/circular_list.go:89.20,91.3 1 0
github.com/brunocalza/go-bustub/storage/buffer/circular_list.go:93.20,95.3 1 0
github.com/brunocalza/go-bustub/storage/buffer/circular_list.go:103.38,105.2 1 0
github.com/brunocalza/go-bustub/storage/buffer/circular_list.go:107.32,108.17 1 0
github.com/brunocalza/go-bustub/storage/buffer/circular_list.go:111.2,112.38 2 0
github.com/brunocalza/go-bustub/storage/buffer/circular_list.go:108.17,110.3 1 0
github.com/brunocalza/go-bustub/storage/buffer/circular_list.go:112.38,115.3 2 0
github.com/brunocalza/go-bustub/storage/buffer/circular_list.go:118.52,120.2 1 1
github.com/brunocalza/go-bustub/storage/table/tuple.go:17.70,30.43 7 1
github.com/brunocalza/go-bustub/storage/table/tuple.go:36.2,36.14 1 1
github.com/brunocalza/go-bustub/storage/table/tuple.go:30.43,34.3 3 1
github.com/brunocalza/go-bustub/storage/table/tuple.go:39.71,43.18 4 1
github.com/brunocalza/go-bustub/storage/table/tuple.go:46.2,46.15 1 1
github.com/brunocalza/go-bustub/storage/table/tuple.go:43.18,44.15 1 0
github.com/brunocalza/go-bustub/storage/table/tuple.go:49.31,51.2 1 1
github.com/brunocalza/go-bustub/storage/table/tuple.go:53.32,55.2 1 1
github.com/brunocalza/go-bustub/storage/table/tuple.go:57.36,59.2 1 0
github.com/brunocalza/go-bustub/execution/expression/constant_value.go:12.53,14.2 1 1
github.com/brunocalza/go-bustub/execution/expression/constant_value.go:16.88,18.2 1 1
github.com/brunocalza/go-bustub/storage/table/catalog.go:16.57,18.2 1 1
github.com/brunocalza/go-bustub/storage/table/catalog.go:20.63,21.36 1 0
github.com/brunocalza/go-bustub/storage/table/catalog.go:24.2,24.12 1 0
github.com/brunocalza/go-bustub/storage/table/catalog.go:21.36,23.3 1 0
github.com/brunocalza/go-bustub/storage/table/catalog.go:27.60,28.36 1 1
github.com/brunocalza/go-bustub/storage/table/catalog.go:31.2,31.12 1 0
github.com/brunocalza/go-bustub/storage/table/catalog.go:28.36,30.3 1 1
github.com/brunocalza/go-bustub/storage/table/catalog.go:35.75,45.2 7 1
github.com/brunocalza/go-bustub/storage/table/column.go:15.62,17.2 1 1
github.com/brunocalza/go-bustub/storage/table/column.go:19.35,21.2 1 1
github.com/brunocalza/go-bustub/storage/table/column.go:23.41,25.2 1 1
github.com/brunocalza/go-bustub/storage/table/column.go:27.37,29.2 1 1
github.com/brunocalza/go-bustub/storage/table/column.go:31.41,33.2 1 1
github.com/brunocalza/go-bustub/execution/plans/insert.go:16.68,18.2 1 1
github.com/brunocalza/go-bustub/execution/plans/insert.go:21.47,23.2 1 1
github.com/brunocalza/go-bustub/execution/plans/insert.go:26.57,28.2 1 1
github.com/brunocalza/go-bustub/execution/plans/insert.go:30.45,32.2 1 0
github.com/brunocalza/go-bustub/execution/plans/seq_scan.go:14.103,16.2 1 1
github.com/brunocalza/go-bustub/execution/plans/seq_scan.go:18.65,20.2 1 1
github.com/brunocalza/go-bustub/execution/plans/seq_scan.go:22.48,24.2 1 1
github.com/brunocalza/go-bustub/execution/plans/seq_scan.go:26.46,28.2 1 0
github.com/brunocalza/go-bustub/execution/executors/limit_executor.go:17.101,19.2 1 1
github.com/brunocalza/go-bustub/execution/executors/limit_executor.go:21.32,23.2 1 1
github.com/brunocalza/go-bustub/execution/executors/limit_executor.go:25.60,27.16 2 1
github.com/brunocalza/go-bustub/execution/executors/limit_executor.go:31.2,31.36 1 1
github.com/brunocalza/go-bustub/execution/executors/limit_executor.go:36.2,37.35 2 1
github.com/brunocalza/go-bustub/execution/executors/limit_executor.go:41.2,41.26 1 1
github.com/brunocalza/go-bustub/execution/executors/limit_executor.go:27.16,29.3 1 0
github.com/brunocalza/go-bustub/execution/executors/limit_executor.go:31.36,34.3 2 1
github.com/brunocalza/go-bustub/execution/executors/limit_executor.go:37.35,39.3 1 1
github.com/brunocalza/go-bustub/container/hash/linear_probe_hash_table.go:18.88,26.34 6 0
github.com/brunocalza/go-bustub/container/hash/linear_probe_hash_table.go:31.2,33.48 2 0
github.com/brunocalza/go-bustub/container/hash/linear_probe_hash_table.go:26.34,30.3 3 0
github.com/brunocalza/go-bustub/container/hash/linear_probe_hash_table.go:36.57,50.35 10 0
github.com/brunocalza/go-bustub/container/hash/linear_probe_hash_table.go:62.2,65.15 3 0
github.com/brunocalza/go-bustub/container/hash/linear_probe_hash_table.go:50.35,51.69 1 0
github.com/brunocalza/go-bustub/container/hash/linear_probe_hash_table.go:55.3,57.70 3 0
github.com/brunocalza/go-bustub/container/hash/linear_probe_hash_table.go:51.69,53.4 1 0
github.com/brunocalza/go-bustub/container/hash/linear_probe_hash_table.go:57.70,58.9 1 0
github.com/brunocalza/go-bustub/container/hash/linear_probe_hash_table.go:68.72,81.6 9 0
github.com/brunocalza/go-bustub/container/hash/linear_probe_hash_table.go:100.2,103.8 3 0
github.com/brunocalza/go-bustub/container/hash/linear_probe_hash_table.go:81.6,82.73 1 0
github.com/brunocalza/go-bustub/container/hash/linear_probe_hash_table.go:87.3,87.36 1 0
github.com/brunocalza/go-bustub/container/hash/linear_probe_hash_table.go:92.3,95.70 3 0
github.com/brunocalza/go-bustub/container/hash/linear_probe_hash_table.go:82.73,84.9 2 0
github.com/brunocalza/go-bustub/container/hash/linear_probe_hash_table.go:87.36,90.9 3 0
github.com/brunocalza/go-bustub/container/hash/linear_probe_hash_table.go:95.70,96.9 1 0
github.com/brunocalza/go-bustub/container/hash/linear_probe_hash_table.go:106.60,119.35 9 0
github.com/brunocalza/go-bustub/container/hash/linear_probe_hash_table.go:131.2,132.42 2 0
github.com/brunocalza/go-bustub/container/hash/linear_probe_hash_table.go:119.35,120.107 1 0
github.com/brunocalza/go-bustub/container/hash/linear_probe_hash_table.go:124.3,126.70 3 0
github.com/brunocalza/go-bustub/container/hash/linear_probe_hash_table.go:120.107,122.4 1 0
github.com/brunocalza/go-bustub/container/hash/linear_probe_hash_table.go:126.70,127.9 1 0
github.com/brunocalza/go-bustub/container/hash/linear_probe_hash_table.go:135.51,145.2 6 0
github.com/brunocalza/go-bustub/testing/assert.go:12.74,13.16 1 1
github.com/brunocalza/go-bustub/testing/assert.go:13.16,17.3 3 0
github.com/brunocalza/go-bustub/testing/assert.go:21.35,22.16 1 0
github.com/brunocalza/go-bustub/testing/assert.go:22.16,26.3 3 0
github.com/brunocalza/go-bustub/testing/assert.go:30.36,31.16 1 0
github.com/brunocalza/go-bustub/testing/assert.go:31.16,35.3 3 0
github.com/brunocalza/go-bustub/testing/assert.go:39.50,40.34 1 1
github.com/brunocalza/go-bustub/testing/assert.go:40.34,44.3 3 0
github.com/brunocalza/go-bustub/storage/table/table_heap.go:18.61,24.2 5 1
github.com/brunocalza/go-bustub/storage/table/table_heap.go:32.74,35.6 2 1
github.com/brunocalza/go-bustub/storage/table/table_heap.go:55.2,56.17 2 1
github.com/brunocalza/go-bustub/storage/table/table_heap.go:35.6,37.41 2 1
github.com/brunocalza/go-bustub/storage/table/table_heap.go:41.3,42.27 2 0
github.com/brunocalza/go-bustub/storage/table/table_heap.go:37.41,38.9 1 1
github.com/brunocalza/go-bustub/storage/table/table_heap.go:42.27,45.4 2 0
github.com/brunocalza/go-bustub/storage/table/table_heap.go:45.9,52.4 6 0
github.com/brunocalza/go-bustub/storage/table/table_heap.go:60.52,64.2 3 1
github.com/brunocalza/go-bustub/storage/table/table_heap.go:67.44,70.23 3 1
github.com/brunocalza/go-bustub/storage/table/table_heap.go:79.2,79.24 1 1
github.com/brunocalza/go-bustub/storage/table/table_heap.go:70.23,74.17 4 1
github.com/brunocalza/go-bustub/storage/table/table_heap.go:77.3,77.32 1 0
github.com/brunocalza/go-bustub/storage/table/table_heap.go:74.17,75.9 1 1
github.com/brunocalza/go-bustub/storage/table/table_heap.go:83.51,85.2 1 1
github.com/brunocalza/go-bustub/execution/expression/column_value.go:13.68,15.2 1 1
github.com/brunocalza/go-bustub/execution/expression/column_value.go:17.86,19.2 1 1
github.com/brunocalza/go-bustub/storage/disk/disk_manager_impl.go:21.56,30.16 4 1
github.com/brunocalza/go-bustub/storage/disk/disk_manager_impl.go:34.2,34.10 1 1
github.com/brunocalza/go-bustub/storage/disk/disk_manager_impl.go:30.16,32.3 1 0
github.com/brunocalza/go-bustub/storage/disk/disk_manager_impl.go:38.38,40.2 1 1
github.com/brunocalza/go-bustub/storage/disk/disk_manager_impl.go:43.80,48.16 5 1
github.com/brunocalza/go-bustub/storage/disk/disk_manager_impl.go:52.2,52.35 1 1
github.com/brunocalza/go-bustub/storage/disk/disk_manager_impl.go:56.2,57.12 2 1
github.com/brunocalza/go-bustub/storage/disk/disk_manager_impl.go:48.16,50.3 1 0
github.com/brunocalza/go-bustub/storage/disk/disk_manager_impl.go:52.35,54.3 1 0
github.com/brunocalza/go-bustub/storage/disk/disk_manager_impl.go:61.79,65.16 3 0
github.com/brunocalza/go-bustub/storage/disk/disk_manager_impl.go:69.2,69.30 1 0
github.com/brunocalza/go-bustub/storage/disk/disk_manager_impl.go:73.2,76.16 3 0
github.com/brunocalza/go-bustub/storage/disk/disk_manager_impl.go:80.2,80.31 1 0
github.com/brunocalza/go-bustub/storage/disk/disk_manager_impl.go:85.2,85.12 1 0
github.com/brunocalza/go-bustub/storage/disk/disk_manager_impl.go:65.16,67.3 1 0
github.com/brunocalza/go-bustub/storage/disk/disk_manager_impl.go:69.30,71.3 1 0
github.com/brunocalza/go-bustub/storage/disk/disk_manager_impl.go:76.16,78.3 1 0
github.com/brunocalza/go-bustub/storage/disk/disk_manager_impl.go:80.31,81.38 1 0
github.com/brunocalza/go-bustub/storage/disk/disk_manager_impl.go:81.38,83.4 1 0
github.com/brunocalza/go-bustub/storage/disk/disk_manager_impl.go:90.54,94.2 3 1
github.com/brunocalza/go-bustub/storage/disk/disk_manager_impl.go:99.63,100.2 0 0
github.com/brunocalza/go-bustub/storage/disk/disk_manager_impl.go:103.49,105.2 1 0
github.com/brunocalza/go-bustub/storage/disk/disk_manager_impl.go:108.49,110.16 2 0
github.com/brunocalza/go-bustub/storage/disk/disk_manager_impl.go:114.2,114.29 1 0
github.com/brunocalza/go-bustub/storage/disk/disk_manager_impl.go:110.16,112.3 1 0
github.com/brunocalza/go-bustub/container/hash/linear_probe_hash_table_iterator.go:19.135,26.2 4 0
github.com/brunocalza/go-bustub/container/hash/linear_probe_hash_table_iterator.go:28.38,31.39 2 0
github.com/brunocalza/go-bustub/container/hash/linear_probe_hash_table_iterator.go:31.39,36.47 3 0
github.com/brunocalza/go-bustub/container/hash/linear_probe_hash_table_iterator.go:40.3,44.72 4 0
github.com/brunocalza/go-bustub/container/hash/linear_probe_hash_table_iterator.go:36.47,38.4 1 0
github.com/brunocalza/go-bustub/storage/table/table_heap_iterator.go:18.68,20.2 1 1
github.com/brunocalza/go-bustub/storage/table/table_heap_iterator.go:23.47,25.2 1 1
github.com/brunocalza/go-bustub/storage/table/table_heap_iterator.go:28.41,30.2 1 1
github.com/brunocalza/go-bustub/storage/table/table_heap_iterator.go:35.44,40.25 4 1
github.com/brunocalza/go-bustub/storage/table/table_heap_iterator.go:52.2,52.63 1 1
github.com/brunocalza/go-bustub/storage/table/table_heap_iterator.go:58.2,59.17 2 1
github.com/brunocalza/go-bustub/storage/table/table_heap_iterator.go:40.25,41.45 1 1
github.com/brunocalza/go-bustub/storage/table/table_heap_iterator.go:41.45,46.27 5 0
github.com/brunocalza/go-bustub/storage/table/table_heap_iterator.go:46.27,47.10 1 0
github.com/brunocalza/go-bustub/storage/table/table_heap_iterator.go:52.63,54.3 1 1
github.com/brunocalza/go-bustub/storage/table/table_heap_iterator.go:54.8,56.3 1 1
github.com/brunocalza/go-bustub/execution/plans/limit.go:9.69,11.2 1 1
github.com/brunocalza/go-bustub/execution/plans/limit.go:13.43,15.2 1 1
github.com/brunocalza/go-bustub/execution/plans/limit.go:17.44,19.2 1 1
github.com/brunocalza/go-bustub/execution/plans/limit.go:21.44,23.2 1 0
github.com/brunocalza/go-bustub/execution/executors/insert_executor.go:15.87,18.2 2 1
github.com/brunocalza/go-bustub/execution/executors/insert_executor.go:20.34,22.2 0 1
github.com/brunocalza/go-bustub/execution/executors/insert_executor.go:27.61,30.47 1 1
github.com/brunocalza/go-bustub/execution/executors/insert_executor.go:38.2,38.23 1 1
github.com/brunocalza/go-bustub/execution/executors/insert_executor.go:30.47,33.17 3 1
github.com/brunocalza/go-bustub/execution/executors/insert_executor.go:33.17,35.4 1 0
github.com/brunocalza/go-bustub/execution/executors/seq_scan_executor.go:19.89,22.2 2 0
github.com/brunocalza/go-bustub/execution/executors/seq_scan_executor.go:24.34,26.2 1 0
github.com/brunocalza/go-bustub/execution/executors/seq_scan_executor.go:31.62,34.56 1 0
github.com/brunocalza/go-bustub/execution/executors/seq_scan_executor.go:41.2,41.17 1 0
github.com/brunocalza/go-bustub/execution/executors/seq_scan_executor.go:46.2,46.23 1 0
github.com/brunocalza/go-bustub/execution/executors/seq_scan_executor.go:34.56,35.42 1 0
github.com/brunocalza/go-bustub/execution/executors/seq_scan_executor.go:35.42,36.9 1 0
github.com/brunocalza/go-bustub/execution/executors/seq_scan_executor.go:41.17,44.3 2 0
github.com/brunocalza/go-bustub/execution/executors/seq_scan_executor.go:50.94,52.2 1 0
github.com/brunocalza/go-bustub/execution/executors/seq_scan_executor.go:56.69,60.61 3 0
github.com/brunocalza/go-bustub/execution/executors/seq_scan_executor.go:65.2,65.55 1 0
github.com/brunocalza/go-bustub/execution/executors/seq_scan_executor.go:60.61,63.3 2 0
github.com/brunocalza/go-bustub/execution/executors/testing_utils.go:41.69,43.37 2 0
github.com/brunocalza/go-bustub/execution/executors/testing_utils.go:46.2,54.42 6 0
github.com/brunocalza/go-bustub/execution/executors/testing_utils.go:43.37,45.3 1 0
github.com/brunocalza/go-bustub/execution/executors/testing_utils.go:54.42,57.3 2 0
github.com/brunocalza/go-bustub/storage/page/page.go:10.33,12.2 1 0
github.com/brunocalza/go-bustub/storage/page/page.go:26.30,28.2 1 0
github.com/brunocalza/go-bustub/storage/page/page.go:31.30,32.20 1 0
github.com/brunocalza/go-bustub/storage/page/page.go:32.20,34.3 1 0
github.com/brunocalza/go-bustub/storage/page/page.go:38.34,40.2 1 0
github.com/brunocalza/go-bustub/storage/page/page.go:43.28,45.2 1 0
github.com/brunocalza/go-bustub/storage/page/page.go:48.39,50.2 1 0
github.com/brunocalza/go-bustub/storage/page/page.go:53.41,55.2 1 0
github.com/brunocalza/go-bustub/storage/page/page.go:58.31,60.2 1 0
github.com/brunocalza/go-bustub/storage/page/page.go:63.40,64.33 1 0
github.com/brunocalza/go-bustub/storage/page/page.go:64.33,66.3 1 0
github.com/brunocalza/go-bustub/storage/page/page.go:70.63,72.2 1 0
github.com/brunocalza/go-bustub/storage/page/page.go:75.32,77.2 1 0
github.com/brunocalza/go-bustub/storage/buffer/circular_list.go:22.52,24.38 2 0
github.com/brunocalza/go-bustub/storage/buffer/circular_list.go:32.2,32.12 1 0
github.com/brunocalza/go-bustub/storage/buffer/circular_list.go:24.38,25.21 1 0
github.com/brunocalza/go-bustub/storage/buffer/circular_list.go:29.3,29.17 1 0
github.com/brunocalza/go-bustub/storage/buffer/circular_list.go:25.21,27.4 1 0
github.com/brunocalza/go-bustub/storage/buffer/circular_list.go:35.53,37.2 1 0
github.com/brunocalza/go-bustub/storage/buffer/circular_list.go:39.73,40.26 1 0
github.com/brunocalza/go-bustub/storage/buffer/circular_list.go:44.2,45.17 2 0
github.com/brunocalza/go-bustub/storage/buffer/circular_list.go:54.2,55.17 2 0
github.com/brunocalza/go-bustub/storage/buffer/circular_list.go:60.2,64.22 4 0
github.com/brunocalza/go-bustub/storage/buffer/circular_list.go:68.2,73.12 4 0
github.com/brunocalza/go-bustub/storage/buffer/circular_list.go:40.26,42.3 1 0
github.com/brunocalza/go-bustub/storage/buffer/circular_list.go:45.17,52.3 6 0
github.com/brunocalza/go-bustub/storage/buffer/circular_list.go:55.17,58.3 2 0
github.com/brunocalza/go-bustub/storage/buffer/circular_list.go:64.22,66.3 1 0
github.com/brunocalza/go-bustub/storage/buffer/circular_list.go:76.48,78.17 2 0
github.com/brunocalza/go-bustub/storage/buffer/circular_list.go:82.2,82.17 1 0
github.com/brunocalza/go-bustub/storage/buffer/circular_list.go:89.2,89.20 1 0
github.com/brunocalza/go-bustub/storage/buffer/circular_list.go:93.2,93.20 1 0
github.com/brunocalza/go-bustub/storage/buffer/circular_list.go:97.2,100.10 3 0
github.com/brunocalza/go-bustub/storage/buffer/circular_list.go:78.17,80.3 1 0
github.com/brunocalza/go-bustub/storage/buffer/circular_list.go:82.17,87.3 4 0
github.com/brunocalza/go-bustub/storage/buffer/circular_list.go:89.20,91.3 1 0
github.com/brunocalza/go-bustub/storage/buffer/circular_list.go:93.20,95.3 1 0
github.com/brunocalza/go-bustub/storage/buffer/circular_list.go:103.38,105.2 1 0
github.com/brunocalza/go-bustub/storage/buffer/circular_list.go:107.32,108.17 1 0
github.com/brunocalza/go-bustub/storage/buffer/circular_list.go:111.2,112.38 2 0
github.com/brunocalza/go-bustub/storage/buffer/circular_list.go:108.17,110.3 1 0
github.com/brunocalza/go-bustub/storage/buffer/circular_list.go:112.38,115.3 2 0
github.com/brunocalza/go-bustub/storage/buffer/circular_list.go:118.52,120.2 1 0
github.com/brunocalza/go-bustub/storage/table/table_page.go:41.67,42.23 1 0
github.com/brunocalza/go-bustub/storage/table/table_page.go:46.2,46.57 1 0
github.com/brunocalza/go-bustub/storage/table/table_page.go:50.2,53.58 2 0
github.com/brunocalza/go-bustub/storage/table/table_page.go:59.2,59.87 1 0
github.com/brunocalza/go-bustub/storage/table/table_page.go:63.2,68.32 5 0
github.com/brunocalza/go-bustub/storage/table/table_page.go:72.2,72.17 1 0
github.com/brunocalza/go-bustub/storage/table/table_page.go:42.23,44.3 1 0
github.com/brunocalza/go-bustub/storage/table/table_page.go:46.57,48.3 1 0
github.com/brunocalza/go-bustub/storage/table/table_page.go:53.58,54.33 1 0
github.com/brunocalza/go-bustub/storage/table/table_page.go:54.33,55.9 1 0
github.com/brunocalza/go-bustub/storage/table/table_page.go:59.87,61.3 1 0
github.com/brunocalza/go-bustub/storage/table/table_page.go:68.32,70.3 1 0
github.com/brunocalza/go-bustub/storage/table/table_page.go:76.71,82.2 5 0
github.com/brunocalza/go-bustub/storage/table/table_page.go:84.63,86.2 1 0
github.com/brunocalza/go-bustub/storage/table/table_page.go:88.55,90.2 1 0
github.com/brunocalza/go-bustub/storage/table/table_page.go:92.53,94.2 1 0
github.com/brunocalza/go-bustub/storage/table/table_page.go:96.51,98.2 1 0
github.com/brunocalza/go-bustub/storage/table/table_page.go:100.52,102.35 2 0
github.com/brunocalza/go-bustub/storage/table/table_page.go:102.35,106.3 3 0
github.com/brunocalza/go-bustub/storage/table/table_page.go:109.56,111.36 2 0
github.com/brunocalza/go-bustub/storage/table/table_page.go:111.36,115.3 3 0
github.com/brunocalza/go-bustub/storage/table/table_page.go:118.56,120.36 2 0
github.com/brunocalza/go-bustub/storage/table/table_page.go:120.36,124.3 3 0
github.com/brunocalza/go-bustub/storage/table/table_page.go:127.67,129.36 2 0
github.com/brunocalza/go-bustub/storage/table/table_page.go:129.36,133.3 3 0
github.com/brunocalza/go-bustub/storage/table/table_page.go:136.55,138.36 2 0
github.com/brunocalza/go-bustub/storage/table/table_page.go:138.36,142.3 3 0
github.com/brunocalza/go-bustub/storage/table/table_page.go:145.58,147.44 1 0
github.com/brunocalza/go-bustub/storage/table/table_page.go:153.2,154.68 2 0
github.com/brunocalza/go-bustub/storage/table/table_page.go:161.2,162.64 2 0
github.com/brunocalza/go-bustub/storage/table/table_page.go:147.44,150.3 2 0
github.com/brunocalza/go-bustub/storage/table/table_page.go:154.68,158.3 3 0
github.com/brunocalza/go-bustub/storage/table/table_page.go:162.64,166.3 3 0
github.com/brunocalza/go-bustub/storage/table/table_page.go:169.51,171.2 1 0
github.com/brunocalza/go-bustub/storage/table/table_page.go:173.50,175.2 1 0
github.com/brunocalza/go-bustub/storage/table/table_page.go:177.45,179.2 1 0
github.com/brunocalza/go-bustub/storage/table/table_page.go:181.53,188.41 5 0
github.com/brunocalza/go-bustub/storage/table/table_page.go:193.2,197.14 5 0
github.com/brunocalza/go-bustub/storage/table/table_page.go:188.41,191.3 2 0
github.com/brunocalza/go-bustub/storage/table/table_page.go:200.51,204.42 3 0
github.com/brunocalza/go-bustub/storage/table/table_page.go:209.2,209.12 1 0
github.com/brunocalza/go-bustub/storage/table/table_page.go:204.42,208.3 2 0
github.com/brunocalza/go-bustub/storage/table/table_page.go:212.63,216.50 3 0
github.com/brunocalza/go-bustub/storage/table/table_page.go:221.2,221.12 1 0
github.com/brunocalza/go-bustub/storage/table/table_page.go:216.50,220.3 2 0
github.com/brunocalza/go-bustub/execution/plans/plan.go:25.63,27.2 1 0
github.com/brunocalza/go-bustub/execution/plans/plan.go:29.49,31.2 1 0
github.com/brunocalza/go-bustub/execution/plans/plan.go:33.57,35.2 1 0
github.com/brunocalza/go-bustub/execution/plans/limit.go:9.69,11.2 1 0
github.com/brunocalza/go-bustub/execution/plans/limit.go:13.43,15.2 1 0
github.com/brunocalza/go-bustub/execution/plans/limit.go:17.44,19.2 1 0
github.com/brunocalza/go-bustub/execution/plans/limit.go:21.44,23.2 1 0
github.com/brunocalza/go-bustub/execution/plans/seq_scan.go:14.103,16.2 1 0
github.com/brunocalza/go-bustub/execution/plans/seq_scan.go:18.65,20.2 1 0
github.com/brunocalza/go-bustub/execution/plans/seq_scan.go:22.48,24.2 1 0
github.com/brunocalza/go-bustub/execution/plans/seq_scan.go:26.46,28.2 1 0
github.com/brunocalza/go-bustub/storage/buffer/clock_replacer.go:13.43,14.23 1 0
github.com/brunocalza/go-bustub/storage/buffer/clock_replacer.go:18.2,20.6 3 0
github.com/brunocalza/go-bustub/storage/buffer/clock_replacer.go:14.23,16.3 1 0
github.com/brunocalza/go-bustub/storage/buffer/clock_replacer.go:20.6,21.31 1 0
github.com/brunocalza/go-bustub/storage/buffer/clock_replacer.go:21.31,24.4 2 0
github.com/brunocalza/go-bustub/storage/buffer/clock_replacer.go:24.9,32.4 5 0
github.com/brunocalza/go-bustub/storage/buffer/clock_replacer.go:37.43,38.25 1 0
github.com/brunocalza/go-bustub/storage/buffer/clock_replacer.go:38.25,40.24 2 0
github.com/brunocalza/go-bustub/storage/buffer/clock_replacer.go:40.24,42.4 1 0
github.com/brunocalza/go-bustub/storage/buffer/clock_replacer.go:47.41,49.17 2 0
github.com/brunocalza/go-bustub/storage/buffer/clock_replacer.go:53.2,53.28 1 0
github.com/brunocalza/go-bustub/storage/buffer/clock_replacer.go:56.2,56.20 1 0
github.com/brunocalza/go-bustub/storage/buffer/clock_replacer.go:49.17,51.3 1 0
github.com/brunocalza/go-bustub/storage/buffer/clock_replacer.go:53.28,55.3 1 0
github.com/brunocalza/go-bustub/storage/buffer/clock_replacer.go:61.39,63.2 1 0
github.com/brunocalza/go-bustub/storage/buffer/clock_replacer.go:66.55,69.2 2 0
github.com/brunocalza/go-bustub/errors/type.go:5.31,5.51 1 0
github.com/brunocalza/go-bustub/storage/table/catalog.go:16.57,18.2 1 0
github.com/brunocalza/go-bustub/storage/table/catalog.go:20.63,21.36 1 0
github.com/brunocalza/go-bustub/storage/table/catalog.go:24.2,24.12 1 0
github.com/brunocalza/go-bustub/storage/table/catalog.go:21.36,23.3 1 0
github.com/brunocalza/go-bustub/storage/table/catalog.go:27.60,28.36 1 0
github.com/brunocalza/go-bustub/storage/table/catalog.go:31.2,31.12 1 0
github.com/brunocalza/go-bustub/storage/table/catalog.go:28.36,30.3 1 0
github.com/brunocalza/go-bustub/storage/table/catalog.go:35.75,45.2 7 0
github.com/brunocalza/go-bustub/storage/table/column.go:15.62,17.2 1 0
github.com/brunocalza/go-bustub/storage/table/column.go:19.35,21.2 1 0
github.com/brunocalza/go-bustub/storage/table/column.go:23.41,25.2 1 0
github.com/brunocalza/go-bustub/storage/table/column.go:27.37,29.2 1 0
github.com/brunocalza/go-bustub/storage/table/column.go:31.41,33.2 1 0
github.com/brunocalza/go-bustub/execution/expression/constant_value.go:12.53,14.2 1 0
github.com/brunocalza/go-bustub/execution/expression/constant_value.go:16.88,18.2 1 0
github.com/brunocalza/go-bustub/execution/executors/insert_executor.go:15.87,18.2 2 0
github.com/brunocalza/go-bustub/execution/executors/insert_executor.go:20.34,22.2 0 0
github.com/brunocalza/go-bustub/execution/executors/insert_executor.go:27.61,30.47 1 0
github.com/brunocalza/go-bustub/execution/executors/insert_executor.go:38.2,38.23 1 0
github.com/brunocalza/go-bustub/execution/executors/insert_executor.go:30.47,33.17 3 0
github.com/brunocalza/go-bustub/execution/executors/insert_executor.go:33.17,35.4 1 0
github.com/brunocalza/go-bustub/execution/executors/limit_executor.go:17.101,19.2 1 0
github.com/brunocalza/go-bustub/execution/executors/limit_executor.go:21.32,23.2 1 0
github.com/brunocalza/go-bustub/execution/executors/limit_executor.go:25.60,27.16 2 0
github.com/brunocalza/go-bustub/execution/executors/limit_executor.go:31.2,31.36 1 0
github.com/brunocalza/go-bustub/execution/executors/limit_executor.go:36.2,37.35 2 0
github.com/brunocalza/go-bustub/execution/executors/limit_executor.go:41.2,41.26 1 0
github.com/brunocalza/go-bustub/execution/executors/limit_executor.go:27.16,29.3 1 0
github.com/brunocalza/go-bustub/execution/executors/limit_executor.go:31.36,34.3 2 0
github.com/brunocalza/go-bustub/execution/executors/limit_executor.go:37.35,39.3 1 0
github.com/brunocalza/go-bustub/storage/disk/disk_manager_impl.go:21.56,30.16 4 1
github.com/brunocalza/go-bustub/storage/disk/disk_manager_impl.go:34.2,34.10 1 1
github.com/brunocalza/go-bustub/storage/disk/disk_manager_impl.go:30.16,32.3 1 0
github.com/brunocalza/go-bustub/storage/disk/disk_manager_impl.go:38.38,40.2 1 1
github.com/brunocalza/go-bustub/storage/disk/disk_manager_impl.go:43.80,48.16 5 1
github.com/brunocalza/go-bustub/storage/disk/disk_manager_impl.go:52.2,52.35 1 1
github.com/brunocalza/go-bustub/storage/disk/disk_manager_impl.go:56.2,57.12 2 1
github.com/brunocalza/go-bustub/storage/disk/disk_manager_impl.go:48.16,50.3 1 0
github.com/brunocalza/go-bustub/storage/disk/disk_manager_impl.go:52.35,54.3 1 0
github.com/brunocalza/go-bustub/storage/disk/disk_manager_impl.go:61.79,65.16 3 1
github.com/brunocalza/go-bustub/storage/disk/disk_manager_impl.go:69.2,69.30 1 1
github.com/brunocalza/go-bustub/storage/disk/disk_manager_impl.go:73.2,76.16 3 1
github.com/brunocalza/go-bustub/storage/disk/disk_manager_impl.go:80.2,80.31 1 1
github.com/brunocalza/go-bustub/storage/disk/disk_manager_impl.go:85.2,85.12 1 1
github.com/brunocalza/go-bustub/storage/disk/disk_manager_impl.go:65.16,67.3 1 0
github.com/brunocalza/go-bustub/storage/disk/disk_manager_impl.go:69.30,71.3 1 0
github.com/brunocalza/go-bustub/storage/disk/disk_manager_impl.go:76.16,78.3 1 1
github.com/brunocalza/go-bustub/storage/disk/disk_manager_impl.go:80.31,81.38 1 0
github.com/brunocalza/go-bustub/storage/disk/disk_manager_impl.go:81.38,83.4 1 0
github.com/brunocalza/go-bustub/storage/disk/disk_manager_impl.go:90.54,94.2 3 0
github.com/brunocalza/go-bustub/storage/disk/disk_manager_impl.go:99.63,100.2 0 0
github.com/brunocalza/go-bustub/storage/disk/disk_manager_impl.go:103.49,105.2 1 0
github.com/brunocalza/go-bustub/storage/disk/disk_manager_impl.go:108.49,110.16 2 1
github.com/brunocalza/go-bustub/storage/disk/disk_manager_impl.go:114.2,114.29 1 1
github.com/brunocalza/go-bustub/storage/disk/disk_manager_impl.go:110.16,112.3 1 0
github.com/brunocalza/go-bustub/execution/plans/insert.go:16.68,18.2 1 0
github.com/brunocalza/go-bustub/execution/plans/insert.go:21.47,23.2 1 0
github.com/brunocalza/go-bustub/execution/plans/insert.go:26.57,28.2 1 0
github.com/brunocalza/go-bustub/execution/plans/insert.go:30.45,32.2 1 0
github.com/brunocalza/go-bustub/execution/executors/execution_engine.go:17.93,22.6 4 0
github.com/brunocalza/go-bustub/execution/executors/execution_engine.go:33.2,33.15 1 0
github.com/brunocalza/go-bustub/execution/executors/execution_engine.go:22.6,24.25 2 0
github.com/brunocalza/go-bustub/execution/executors/execution_engine.go:28.3,28.19 1 0
github.com/brunocalza/go-bustub/execution/executors/execution_engine.go:24.25,25.9 1 0
github.com/brunocalza/go-bustub/execution/executors/execution_engine.go:28.19,30.4 1 0
github.com/brunocalza/go-bustub/execution/executors/execution_engine.go:36.94,37.26 1 0
github.com/brunocalza/go-bustub/execution/executors/execution_engine.go:45.2,45.12 1 0
github.com/brunocalza/go-bustub/execution/executors/execution_engine.go:38.29,39.39 1 0
github.com/brunocalza/go-bustub/execution/executors/execution_engine.go:40.30,41.40 1 0
github.com/brunocalza/go-bustub/execution/executors/execution_engine.go:42.28,43.85 1 0
github.com/brunocalza/go-bustub/storage/page/rid.go:10.47,13.2 2 0
github.com/brunocalza/go-bustub/storage/page/rid.go:16.34,18.2 1 0
github.com/brunocalza/go-bustub/storage/page/rid.go:21.32,23.2 1 0
github.com/brunocalza/go-bustub/storage/buffer/buffer_pool_manager.go:20.70,22.44 1 0
github.com/brunocalza/go-bustub/storage/buffer/buffer_pool_manager.go:30.2,31.20 2 0
github.com/brunocalza/go-bustub/storage/buffer/buffer_pool_manager.go:35.2,35.21 1 0
github.com/brunocalza/go-bustub/storage/buffer/buffer_pool_manager.go:48.2,50.16 3 0
github.com/brunocalza/go-bustub/storage/buffer/buffer_pool_manager.go:53.2,59.11 6 0
github.com/brunocalza/go-bustub/storage/buffer/buffer_pool_manager.go:22.44,27.3 4 0
github.com/brunocalza/go-bustub/storage/buffer/buffer_pool_manager.go:31.20,33.3 1 0
github.com/brunocalza/go-bustub/storage/buffer/buffer_pool_manager.go:35.21,38.25 2 0
github.com/brunocalza/go-bustub/storage/buffer/buffer_pool_manager.go:38.25,39.29 1 0
github.com/brunocalza/go-bustub/storage/buffer/buffer_pool_manager.go:44.4,44.41 1 0
github.com/brunocalza/go-bustub/storage/buffer/buffer_pool_manager.go:39.29,42.5 2 0
github.com/brunocalza/go-bustub/storage/buffer/buffer_pool_manager.go:50.16,52.3 1 0
github.com/brunocalza/go-bustub/storage/buffer/buffer_pool_manager.go:63.79,64.44 1 0
github.com/brunocalza/go-bustub/storage/buffer/buffer_pool_manager.go:81.2,81.42 1 0
github.com/brunocalza/go-bustub/storage/buffer/buffer_pool_manager.go:64.44,68.25 3 0
github.com/brunocalza/go-bustub/storage/buffer/buffer_pool_manager.go:72.3,72.30 1 0
github.com/brunocalza/go-bustub/storage/buffer/buffer_pool_manager.go:78.3,78.13 1 0
github.com/brunocalza/go-bustub/storage/buffer/buffer_pool_manager.go:68.25,70.4 1 0
github.com/brunocalza/go-bustub/storage/buffer/buffer_pool_manager.go:72.30,74.4 1 0
github.com/brunocalza/go-bustub/storage/buffer/buffer_pool_manager.go:74.9,76.4 1 0
github.com/brunocalza/go-bustub/storage/buffer/buffer_pool_manager.go:85.64,86.44 1 0
github.com/brunocalza/go-bustub/storage/buffer/buffer_pool_manager.go:97.2,97.14 1 0
github.com/brunocalza/go-bustub/storage/buffer/buffer_pool_manager.go:86.44,95.3 6 0
github.com/brunocalza/go-bustub/storage/buffer/buffer_pool_manager.go:101.50,103.20 2 0
github.com/brunocalza/go-bustub/storage/buffer/buffer_pool_manager.go:107.2,107.21 1 0
github.com/brunocalza/go-bustub/storage/buffer/buffer_pool_manager.go:121.2,127.11 5 0
github.com/brunocalza/go-bustub/storage/buffer/buffer_pool_manager.go:103.20,105.3 1 0
github.com/brunocalza/go-bustub/storage/buffer/buffer_pool_manager.go:107.21,110.25 2 0
github.com/brunocalza/go-bustub/storage/buffer/buffer_pool_manager.go:110.25,111.29 1 0
github.com/brunocalza/go-bustub/storage/buffer/buffer_pool_manager.go:116.4,116.41 1 0
github.com/brunocalza/go-bustub/storage/buffer/buffer_pool_manager.go:111.29,114.5 2 0
github.com/brunocalza/go-bustub/storage/buffer/buffer_pool_manager.go:131.66,134.44 3 0
github.com/brunocalza/go-bustub/storage/buffer/buffer_pool_manager.go:138.2,140.25 2 0
github.com/brunocalza/go-bustub/storage/buffer/buffer_pool_manager.go:143.2,149.12 5 0
github.com/brunocalza/go-bustub/storage/buffer/buffer_pool_manager.go:134.44,136.3 1 0
github.com/brunocalza/go-bustub/storage/buffer/buffer_pool_manager.go:140.25,142.3 1 0
github.com/brunocalza/go-bustub/storage/buffer/buffer_pool_manager.go:154.45,155.34 1 0
github.com/brunocalza/go-bustub/storage/buffer/buffer_pool_manager.go:155.34,157.3 1 0
github.com/brunocalza/go-bustub/storage/buffer/buffer_pool_manager.go:160.59,161.25 1 0
github.com/brunocalza/go-bustub/storage/buffer/buffer_pool_manager.go:168.2,168.38 1 0
github.com/brunocalza/go-bustub/storage/buffer/buffer_pool_manager.go:161.25,166.3 3 0
github.com/brunocalza/go-bustub/storage/buffer/buffer_pool_manager.go:172.93,175.40 3 0
github.com/brunocalza/go-bustub/storage/buffer/buffer_pool_manager.go:180.2,181.98 2 0
github.com/brunocalza/go-bustub/storage/buffer/buffer_pool_manager.go:175.40,178.3 2 0
github.com/brunocalza/go-bustub/storage/table/tuple.go:17.70,30.43 7 0
github.com/brunocalza/go-bustub/storage/table/tuple.go:36.2,36.14 1 0
github.com/brunocalza/go-bustub/storage/table/tuple.go:30.43,34.3 3 0
github.com/brunocalza/go-bustub/storage/table/tuple.go:39.71,43.18 4 0
github.com/brunocalza/go-bustub/storage/table/tuple.go:46.2,46.15 1 0
github.com/brunocalza/go-bustub/storage/table/tuple.go:43.18,44.15 1 0
github.com/brunocalza/go-bustub/storage/table/tuple.go:49.31,51.2 1 0
github.com/brunocalza/go-bustub/storage/table/tuple.go:53.32,55.2 1 0
github.com/brunocalza/go-bustub/storage/table/tuple.go:57.36,59.2 1 0
github.com/brunocalza/go-bustub/execution/expression/column_value.go:13.68,15.2 1 0
github.com/brunocalza/go-bustub/execution/expression/column_value.go:17.86,19.2 1 0
github.com/brunocalza/go-bustub/storage/table/table_metadata.go:10.42,12.2 1 0
github.com/brunocalza/go-bustub/storage/table/table_metadata.go:14.38,16.2 1 0
github.com/brunocalza/go-bustub/storage/table/table_metadata.go:18.44,20.2 1 0
github.com/brunocalza/go-bustub/execution/expression/comparison.go:20.97,25.2 4 0
github.com/brunocalza/go-bustub/execution/expression/comparison.go:27.85,31.2 3 0
github.com/brunocalza/go-bustub/execution/expression/comparison.go:33.79,34.26 1 0
github.com/brunocalza/go-bustub/execution/expression/comparison.go:40.2,40.14 1 0
github.com/brunocalza/go-bustub/execution/expression/comparison.go:35.13,36.32 1 0
github.com/brunocalza/go-bustub/execution/expression/comparison.go:37.16,38.35 1 0
github.com/brunocalza/go-bustub/storage/page/hash_table_block_page.go:30.54,32.2 1 0
github.com/brunocalza/go-bustub/storage/page/hash_table_block_page.go:35.56,37.2 1 0
github.com/brunocalza/go-bustub/storage/page/hash_table_block_page.go:40.76,41.28 1 0
github.com/brunocalza/go-bustub/storage/page/hash_table_block_page.go:45.2,48.13 4 0
github.com/brunocalza/go-bustub/storage/page/hash_table_block_page.go:41.28,43.3 1 0
github.com/brunocalza/go-bustub/storage/page/hash_table_block_page.go:51.51,52.29 1 0
github.com/brunocalza/go-bustub/storage/page/hash_table_block_page.go:56.2,56.47 1 0
github.com/brunocalza/go-bustub/storage/page/hash_table_block_page.go:52.29,54.3 1 0
github.com/brunocalza/go-bustub/storage/page/hash_table_block_page.go:60.60,62.2 1 0
github.com/brunocalza/go-bustub/storage/page/hash_table_block_page.go:65.60,67.2 1 0
github.com/brunocalza/go-bustub/container/hash/linear_probe_hash_table_iterator.go:19.135,26.2 4 0
github.com/brunocalza/go-bustub/container/hash/linear_probe_hash_table_iterator.go:28.38,31.39 2 0
github.com/brunocalza/go-bustub/container/hash/linear_probe_hash_table_iterator.go:31.39,36.47 3 0
github.com/brunocalza/go-bustub/container/hash/linear_probe_hash_table_iterator.go:40.3,44.72 4 0
github.com/brunocalza/go-bustub/container/hash/linear_probe_hash_table_iterator.go:36.47,38.4 1 0
github.com/brunocalza/go-bustub/testing/assert.go:12.74,13.16 1 0
github.com/brunocalza/go-bustub/testing/assert.go:13.16,17.3 3 0
github.com/brunocalza/go-bustub/testing/assert.go:21.35,22.16 1 1
github.com/brunocalza/go-bustub/testing/assert.go:22.16,26.3 3 0
github.com/brunocalza/go-bustub/testing/assert.go:30.36,31.16 1 0
github.com/brunocalza/go-bustub/testing/assert.go:31.16,35.3 3 0
github.com/brunocalza/go-bustub/testing/assert.go:39.50,40.34 1 1
github.com/brunocalza/go-bustub/testing/assert.go:40.34,44.3 3 0
github.com/brunocalza/go-bustub/types/value.go:13.36,15.2 1 0
github.com/brunocalza/go-bustub/types/value.go:17.35,19.2 1 0
github.com/brunocalza/go-bustub/types/value.go:21.48,22.21 1 0
github.com/brunocalza/go-bustub/types/value.go:26.2,26.14 1 0
github.com/brunocalza/go-bustub/types/value.go:23.15,24.38 1 0
github.com/brunocalza/go-bustub/types/value.go:29.51,30.21 1 0
github.com/brunocalza/go-bustub/types/value.go:34.2,34.14 1 0
github.com/brunocalza/go-bustub/types/value.go:31.15,32.38 1 0
github.com/brunocalza/go-bustub/types/value.go:37.45,40.21 3 0
github.com/brunocalza/go-bustub/types/value.go:46.2,46.36 1 0
github.com/brunocalza/go-bustub/types/value.go:41.15,43.52 2 0
github.com/brunocalza/go-bustub/types/value.go:46.36,50.3 3 0
github.com/brunocalza/go-bustub/types/value.go:53.33,55.2 1 0
github.com/brunocalza/go-bustub/types/value.go:57.34,59.2 1 0
github.com/brunocalza/go-bustub/types/value.go:61.64,62.19 1 0
github.com/brunocalza/go-bustub/types/value.go:66.2,66.12 1 0
github.com/brunocalza/go-bustub/types/value.go:63.15,64.65 1 0
github.com/brunocalza/go-bustub/storage/table/table_heap.go:18.61,24.2 5 0
github.com/brunocalza/go-bustub/storage/table/table_heap.go:32.74,35.6 2 0
github.com/brunocalza/go-bustub/storage/table/table_heap.go:55.2,56.17 2 0
github.com/brunocalza/go-bustub/storage/table/table_heap.go:35.6,37.41 2 0
github.com/brunocalza/go-bustub/storage/table/table_heap.go:41.3,42.27 2 0
github.com/brunocalza/go-bustub/storage/table/table_heap.go:37.41,38.9 1 0
github.com/brunocalza/go-bustub/storage/table/table_heap.go:42.27,45.4 2 0
github.com/brunocalza/go-bustub/storage/table/table_heap.go:45.9,52.4 6 0
github.com/brunocalza/go-bustub/storage/table/table_heap.go:60.52,64.2 3 0
github.com/brunocalza/go-bustub/storage/table/table_heap.go:67.44,70.23 3 0
github.com/brunocalza/go-bustub/storage/table/table_heap.go:79.2,79.24 1 0
github.com/brunocalza/go-bustub/storage/table/table_heap.go:70.23,74.17 4 0
github.com/brunocalza/go-bustub/storage/table/table_heap.go:77.3,77.32 1 0
github.com/brunocalza/go-bustub/storage/table/table_heap.go:74.17,75.9 1 0
github.com/brunocalza/go-bustub/storage/table/table_heap.go:83.51,85.2 1 0
github.com/brunocalza/go-bustub/storage/page/hash_table_header_page.go:18.67,20.2 1 0
github.com/brunocalza/go-bustub/storage/page/hash_table_header_page.go:22.53,24.2 1 0
github.com/brunocalza/go-bustub/storage/page/hash_table_header_page.go:26.59,28.2 1 0
github.com/brunocalza/go-bustub/storage/page/hash_table_header_page.go:30.47,32.2 1 0
github.com/brunocalza/go-bustub/storage/page/hash_table_header_page.go:34.50,36.2 1 0
github.com/brunocalza/go-bustub/storage/page/hash_table_header_page.go:38.64,41.2 2 0
github.com/brunocalza/go-bustub/storage/page/hash_table_header_page.go:43.50,45.2 1 0
github.com/brunocalza/go-bustub/storage/page/hash_table_header_page.go:47.52,49.2 1 0
github.com/brunocalza/go-bustub/storage/page/hash_table_header_page.go:51.48,53.2 1 0
github.com/brunocalza/go-bustub/storage/table/schema.go:10.43,16.36 5 0
github.com/brunocalza/go-bustub/storage/table/schema.go:29.2,30.15 2 0
github.com/brunocalza/go-bustub/storage/table/schema.go:16.36,19.26 2 0
github.com/brunocalza/go-bustub/storage/table/schema.go:24.3,27.50 3 0
github.com/brunocalza/go-bustub/storage/table/schema.go:19.26,22.4 2 0
github.com/brunocalza/go-bustub/storage/table/schema.go:33.53,35.2 1 0
github.com/brunocalza/go-bustub/storage/table/schema.go:37.42,39.2 1 0
github.com/brunocalza/go-bustub/storage/table/schema.go:41.34,43.2 1 0
github.com/brunocalza/go-bustub/storage/table/schema.go:45.56,46.50 1 0
github.com/brunocalza/go-bustub/storage/table/schema.go:52.2,52.27 1 0
github.com/brunocalza/go-bustub/storage/table/schema.go:46.50,47.44 1 0
github.com/brunocalza/go-bustub/storage/table/schema.go:47.44,49.4 1 0
github.com/brunocalza/go-bustub/storage/table/schema.go:55.41,57.2 1 0
github.com/brunocalza/go-bustub/container/hash/linear_probe_hash_table.go:18.88,26.34 6 0
github.com/brunocalza/go-bustub/container/hash/linear_probe_hash_table.go:31.2,33.48 2 0
github.com/brunocalza/go-bustub/container/hash/linear_probe_hash_table.go:26.34,30.3 3 0
github.com/brunocalza/go-bustub/container/hash/linear_probe_hash_table.go:36.57,50.35 10 0
github.com/brunocalza/go-bustub/container/hash/linear_probe_hash_table.go:62.2,65.15 3 0
github.com/brunocalza/go-bustub/container/hash/linear_probe_hash_table.go:50.35,51.69 1 0
github.com/brunocalza/go-bustub/container/hash/linear_probe_hash_table.go:55.3,57.70 3 0
github.com/brunocalza/go-bustub/container/hash/linear_probe_hash_table.go:51.69,53.4 1 0
github.com/brunocalza/go-bustub/container/hash/linear_probe_hash_table.go:57.70,58.9 1 0
github.com/brunocalza/go-bustub/container/hash/linear_probe_hash_table.go:68.72,81.6 9 0
github.com/brunocalza/go-bustub/container/hash/linear_probe_hash_table.go:100.2,103.8 3 0
github.com/brunocalza/go-bustub/container/hash/linear_probe_hash_table.go:81.6,82.73 1 0
github.com/brunocalza/go-bustub/container/hash/linear_probe_hash_table.go:87.3,87.36 1 0
github.com/brunocalza/go-bustub/container/hash/linear_probe_hash_table.go:92.3,95.70 3 0
github.com/brunocalza/go-bustub/container/hash/linear_probe_hash_table.go:82.73,84.9 2 0
github.com/brunocalza/go-bustub/container/hash/linear_probe_hash_table.go:87.36,90.9 3 0
github.com/brunocalza/go-bustub/container/hash/linear_probe_hash_table.go:95.70,96.9 1 0
github.com/brunocalza/go-bustub/container/hash/linear_probe_hash_table.go:106.60,119.35 9 0
github.com/brunocalza/go-bustub/container/hash/linear_probe_hash_table.go:131.2,132.42 2 0
github.com/brunocalza/go-bustub/container/hash/linear_probe_hash_table.go:119.35,120.107 1 0
github.com/brunocalza/go-bustub/container/hash/linear_probe_hash_table.go:124.3,126.70 3 0
github.com/brunocalza/go-bustub/container/hash/linear_probe_hash_table.go:120.107,122.4 1 0
github.com/brunocalza/go-bustub/container/hash/linear_probe_hash_table.go:126.70,127.9 1 0
github.com/brunocalza/go-bustub/container/hash/linear_probe_hash_table.go:135.51,145.2 6 0
github.com/brunocalza/go-bustub/execution/executors/executor_context.go:14.97,16.2 1 0
github.com/brunocalza/go-bustub/execution/executors/executor_context.go:18.55,20.2 1 0
github.com/brunocalza/go-bustub/execution/executors/executor_context.go:22.76,24.2 1 0
github.com/brunocalza/go-bustub/storage/disk/testing.go:15.39,18.16 2 1
github.com/brunocalza/go-bustub/storage/disk/testing.go:21.2,26.44 5 1
github.com/brunocalza/go-bustub/storage/disk/testing.go:18.16,19.13 1 0
github.com/brunocalza/go-bustub/storage/disk/testing.go:30.38,33.2 2 1
github.com/brunocalza/go-bustub/storage/table/table_heap_iterator.go:18.68,20.2 1 0
github.com/brunocalza/go-bustub/storage/table/table_heap_iterator.go:23.47,25.2 1 0
github.com/brunocalza/go-bustub/storage/table/table_heap_iterator.go:28.41,30.2 1 0
github.com/brunocalza/go-bustub/storage/table/table_heap_iterator.go:35.44,40.25 4 0
github.com/brunocalza/go-bustub/storage/table/table_heap_iterator.go:52.2,52.63 1 0
github.com/brunocalza/go-bustub/storage/table/table_heap_iterator.go:58.2,59.17 2 0
github.com/brunocalza/go-bustub/storage/table/table_heap_iterator.go:40.25,41.45 1 0
github.com/brunocalza/go-bustub/storage/table/table_heap_iterator.go:41.45,46.27 5 0
github.com/brunocalza/go-bustub/storage/table/table_heap_iterator.go:46.27,47.10 1 0
github.com/brunocalza/go-bustub/storage/table/table_heap_iterator.go:52.63,54.3 1 0
github.com/brunocalza/go-bustub/storage/table/table_heap_iterator.go:54.8,56.3 1 0
github.com/brunocalza/go-bustub/storage/disk/testing.go:15.39,18.16 2 1
github.com/brunocalza/go-bustub/storage/disk/testing.go:21.2,26.44 5 1
github.com/brunocalza/go-bustub/storage/disk/testing.go:18.16,19.13 1 0
github.com/brunocalza/go-bustub/storage/disk/testing.go:30.38,33.2 2 1
github.com/brunocalza/go-bustub/container/hash/linear_probe_hash_table.go:18.88,26.34 6 0
github.com/brunocalza/go-bustub/container/hash/linear_probe_hash_table.go:31.2,33.48 2 0
github.com/brunocalza/go-bustub/container/hash/linear_probe_hash_table.go:26.34,30.3 3 0
github.com/brunocalza/go-bustub/container/hash/linear_probe_hash_table.go:36.57,50.35 10 0
github.com/brunocalza/go-bustub/container/hash/linear_probe_hash_table.go:62.2,65.15 3 0
github.com/brunocalza/go-bustub/container/hash/linear_probe_hash_table.go:50.35,51.69 1 0
github.com/brunocalza/go-bustub/container/hash/linear_probe_hash_table.go:55.3,57.70 3 0
github.com/brunocalza/go-bustub/container/hash/linear_probe_hash_table.go:51.69,53.4 1 0
github.com/brunocalza/go-bustub/container/hash/linear_probe_hash_table.go:57.70,58.9 1 0
github.com/brunocalza/go-bustub/container/hash/linear_probe_hash_table.go:68.72,81.6 9 0
github.com/brunocalza/go-bustub/container/hash/linear_probe_hash_table.go:100.2,103.8 3 0
github.com/brunocalza/go-bustub/container/hash/linear_probe_hash_table.go:81.6,82.73 1 0
github.com/brunocalza/go-bustub/container/hash/linear_probe_hash_table.go:87.3,87.36 1 0
github.com/brunocalza/go-bustub/container/hash/linear_probe_hash_table.go:92.3,95.70 3 0
github.com/brunocalza/go-bustub/container/hash/linear_probe_hash_table.go:82.73,84.9 2 0
github.com/brunocalza/go-bustub/container/hash/linear_probe_hash_table.go:87.36,90.9 3 0
github.com/brunocalza/go-bustub/container/hash/linear_probe_hash_table.go:95.70,96.9 1 0
github.com/brunocalza/go-bustub/container/hash/linear_probe_hash_table.go:106.60,119.35 9 0
github.com/brunocalza/go-bustub/container/hash/linear_probe_hash_table.go:131.2,132.42 2 0
github.com/brunocalza/go-bustub/container/hash/linear_probe_hash_table.go:119.35,120.107 1 0
github.com/brunocalza/go-bustub/container/hash/linear_probe_hash_table.go:124.3,126.70 3 0
github.com/brunocalza/go-bustub/container/hash/linear_probe_hash_table.go:120.107,122.4 1 0
github.com/brunocalza/go-bustub/container/hash/linear_probe_hash_table.go:126.70,127.9 1 0
github.com/brunocalza/go-bustub/container/hash/linear_probe_hash_table.go:135.51,145.2 6 0
github.com/brunocalza/go-bustub/storage/table/catalog.go:16.57,18.2 1 0
github.com/brunocalza/go-bustub/storage/table/catalog.go:20.63,21.36 1 0
github.com/brunocalza/go-bustub/storage/table/catalog.go:24.2,24.12 1 0
github.com/brunocalza/go-bustub/storage/table/catalog.go:21.36,23.3 1 0
github.com/brunocalza/go-bustub/storage/table/catalog.go:27.60,28.36 1 0
github.com/brunocalza/go-bustub/storage/table/catalog.go:31.2,31.12 1 0
github.com/brunocalza/go-bustub/storage/table/catalog.go:28.36,30.3 1 0
github.com/brunocalza/go-bustub/storage/table/catalog.go:35.75,45.2 7 0
github.com/brunocalza/go-bustub/storage/table/tuple.go:17.70,30.43 7 0
github.com/brunocalza/go-bustub/storage/table/tuple.go:36.2,36.14 1 0
github.com/brunocalza/go-bustub/storage/table/tuple.go:30.43,34.3 3 0
github.com/brunocalza/go-bustub/storage/table/tuple.go:39.71,43.18 4 0
github.com/brunocalza/go-bustub/storage/table/tuple.go:46.2,46.15 1 0
github.com/brunocalza/go-bustub/storage/table/tuple.go:43.18,44.15 1 0
github.com/brunocalza/go-bustub/storage/table/tuple.go:49.31,51.2 1 0
github.com/brunocalza/go-bustub/storage/table/tuple.go:53.32,55.2 1 0
github.com/brunocalza/go-bustub/storage/table/tuple.go:57.36,59.2 1 0
github.com/brunocalza/go-bustub/execution/executors/insert_executor.go:15.87,18.2 2 0
github.com/brunocalza/go-bustub/execution/executors/insert_executor.go:20.34,22.2 0 0
github.com/brunocalza/go-bustub/execution/executors/insert_executor.go:27.61,30.47 1 0
github.com/brunocalza/go-bustub/execution/executors/insert_executor.go:38.2,38.23 1 0
github.com/brunocalza/go-bustub/execution/executors/insert_executor.go:30.47,33.17 3 0
github.com/brunocalza/go-bustub/execution/executors/insert_executor.go:33.17,35.4 1 0
github.com/brunocalza/go-bustub/execution/executors/executor_context.go:14.97,16.2 1 0
github.com/brunocalza/go-bustub/execution/executors/executor_context.go:18.55,20.2 1 0
github.com/brunocalza/go-bustub/execution/executors/executor_context.go:22.76,24.2 1 0
github.com/brunocalza/go-bustub/storage/page/hash_table_header_page.go:18.67,20.2 1 0
github.com/brunocalza/go-bustub/storage/page/hash_table_header_page.go:22.53,24.2 1 0
github.com/brunocalza/go-bustub/storage/page/hash_table_header_page.go:26.59,28.2 1 0
github.com/brunocalza/go-bustub/storage/page/hash_table_header_page.go:30.47,32.2 1 0
github.com/brunocalza/go-bustub/storage/page/hash_table_header_page.go:34.50,36.2 1 0
github.com/brunocalza/go-bustub/storage/page/hash_table_header_page.go:38.64,41.2 2 0
github.com/brunocalza/go-bustub/storage/page/hash_table_header_page.go:43.50,45.2 1 0
github.com/brunocalza/go-bustub/storage/page/hash_table_header_page.go:47.52,49.2 1 0
github.com/brunocalza/go-bustub/storage/page/hash_table_header_page.go:51.48,53.2 1 0
github.com/brunocalza/go-bustub/container/hash/linear_probe_hash_table_iterator.go:19.135,26.2 4 0
github.com/brunocalza/go-bustub/container/hash/linear_probe_hash_table_iterator.go:28.38,31.39 2 0
github.com/brunocalza/go-bustub/container/hash/linear_probe_hash_table_iterator.go:31.39,36.47 3 0
github.com/brunocalza/go-bustub/container/hash/linear_probe_hash_table_iterator.go:40.3,44.72 4 0
github.com/brunocalza/go-bustub/container/hash/linear_probe_hash_table_iterator.go:36.47,38.4 1 0
github.com/brunocalza/go-bustub/types/value.go:13.36,15.2 1 0
github.com/brunocalza/go-bustub/types/value.go:17.35,19.2 1 0
github.com/brunocalza/go-bustub/types/value.go:21.48,22.21 1 0
github.com/brunocalza/go-bustub/types/value.go:26.2,26.14 1 0
github.com/brunocalza/go-bustub/types/value.go:23.15,24.38 1 0
github.com/brunocalza/go-bustub/types/value.go:29.51,30.21 1 0
github.com/brunocalza/go-bustub/types/value.go:34.2,34.14 1 0
github.com/brunocalza/go-bustub/types/value.go:31.15,32.38 1 0
github.com/brunocalza/go-bustub/types/value.go:37.45,40.21 3 0
github.com/brunocalza/go-bustub/types/value.go:46.2,46.36 1 0
github.com/brunocalza/go-bustub/types/value.go:41.15,43.52 2 0
github.com/brunocalza/go-bustub/types/value.go:46.36,50.3 3 0
github.com/brunocalza/go-bustub/types/value.go:53.33,55.2 1 0
github.com/brunocalza/go-bustub/types/value.go:57.34,59.2 1 0
github.com/brunocalza/go-bustub/types/value.go:61.64,62.19 1 0
github.com/brunocalza/go-bustub/types/value.go:66.2,66.12 1 0
github.com/brunocalza/go-bustub/types/value.go:63.15,64.65 1 0
github.com/brunocalza/go-bustub/storage/table/table_page.go:41.67,42.23 1 0
github.com/brunocalza/go-bustub/storage/table/table_page.go:46.2,46.57 1 0
github.com/brunocalza/go-bustub/storage/table/table_page.go:50.2,53.58 2 0
github.com/brunocalza/go-bustub/storage/table/table_page.go:59.2,59.87 1 0
github.com/brunocalza/go-bustub/storage/table/table_page.go:63.2,68.32 5 0
github.com/brunocalza/go-bustub/storage/table/table_page.go:72.2,72.17 1 0
github.com/brunocalza/go-bustub/storage/table/table_page.go:42.23,44.3 1 0
github.com/brunocalza/go-bustub/storage/table/table_page.go:46.57,48.3 1 0
github.com/brunocalza/go-bustub/storage/table/table_page.go:53.58,54.33 1 0
github.com/brunocalza/go-bustub/storage/table/table_page.go:54.33,55.9 1 0
github.com/brunocalza/go-bustub/storage/table/table_page.go:59.87,61.3 1 0
github.com/brunocalza/go-bustub/storage/table/table_page.go:68.32,70.3 1 0
github.com/brunocalza/go-bustub/storage/table/table_page.go:76.71,82.2 5 0
github.com/brunocalza/go-bustub/storage/table/table_page.go:84.63,86.2 1 0
github.com/brunocalza/go-bustub/storage/table/table_page.go:88.55,90.2 1 0
github.com/brunocalza/go-bustub/storage/table/table_page.go:92.53,94.2 1 0
github.com/brunocalza/go-bustub/storage/table/table_page.go:96.51,98.2 1 0
github.com/brunocalza/go-bustub/storage/table/table_page.go:100.52,102.35 2 0
github.com/brunocalza/go-bustub/storage/table/table_page.go:102.35,106.3 3 0
github.com/brunocalza/go-bustub/storage/table/table_page.go:109.56,111.36 2 0
github.com/brunocalza/go-bustub/storage/table/table_page.go:111.36,115.3 3 0
github.com/brunocalza/go-bustub/storage/table/table_page.go:118.56,120.36 2 0
github.com/brunocalza/go-bustub/storage/table/table_page.go:120.36,124.3 3 0
github.com/brunocalza/go-bustub/storage/table/table_page.go:127.67,129.36 2 0
github.com/brunocalza/go-bustub/storage/table/table_page.go:129.36,133.3 3 0
github.com/brunocalza/go-bustub/storage/table/table_page.go:136.55,138.36 2 0
github.com/brunocalza/go-bustub/storage/table/table_page.go:138.36,142.3 3 0
github.com/brunocalza/go-bustub/storage/table/table_page.go:145.58,147.44 1 0
github.com/brunocalza/go-bustub/storage/table/table_page.go:153.2,154.68 2 0
github.com/brunocalza/go-bustub/storage/table/table_page.go:161.2,162.64 2 0
github.com/brunocalza/go-bustub/storage/table/table_page.go:147.44,150.3 2 0
github.com/brunocalza/go-bustub/storage/table/table_page.go:154.68,158.3 3 0
github.com/brunocalza/go-bustub/storage/table/table_page.go:162.64,166.3 3 0
github.com/brunocalza/go-bustub/storage/table/table_page.go:169.51,171.2 1 0
github.com/brunocalza/go-bustub/storage/table/table_page.go:173.50,175.2 1 0
github.com/brunocalza/go-bustub/storage/table/table_page.go:177.45,179.2 1 0
github.com/brunocalza/go-bustub/storage/table/table_page.go:181.53,188.41 5 0
github.com/brunocalza/go-bustub/storage/table/table_page.go:193.2,197.14 5 0
github.com/brunocalza/go-bustub/storage/table/table_page.go:188.41,191.3 2 0
github.com/brunocalza/go-bustub/storage/table/table_page.go:200.51,204.42 3 0
github.com/brunocalza/go-bustub/storage/table/table_page.go:209.2,209.12 1 0
github.com/brunocalza/go-bustub/storage/table/table_page.go:204.42,208.3 2 0
github.com/brunocalza/go-bustub/storage/table/table_page.go:212.63,216.50 3 0
github.com/brunocalza/go-bustub/storage/table/table_page.go:221.2,221.12 1 0
github.com/brunocalza/go-bustub/storage/table/table_page.go:216.50,220.3 2 0
github.com/brunocalza/go-bustub/execution/expression/comparison.go:20.97,25.2 4 0
github.com/brunocalza/go-bustub/execution/expression/comparison.go:27.85,31.2 3 0
github.com/brunocalza/go-bustub/execution/expression/comparison.go:33.79,34.26 1 0
github.com/brunocalza/go-bustub/execution/expression/comparison.go:40.2,40.14 1 0
github.com/brunocalza/go-bustub/execution/expression/comparison.go:35.13,36.32 1 0
github.com/brunocalza/go-bustub/execution/expression/comparison.go:37.16,38.35 1 0
github.com/brunocalza/go-bustub/execution/executors/execution_engine.go:17.93,22.6 4 0
github.com/brunocalza/go-bustub/execution/executors/execution_engine.go:33.2,33.15 1 0
github.com/brunocalza/go-bustub/execution/executors/execution_engine.go:22.6,24.25 2 0
github.com/brunocalza/go-bustub/execution/executors/execution_engine.go:28.3,28.19 1 0
github.com/brunocalza/go-bustub/execution/executors/execution_engine.go:24.25,25.9 1 0
github.com/brunocalza/go-bustub/execution/executors/execution_engine.go:28.19,30.4 1 0
github.com/brunocalza/go-bustub/execution/executors/execution_engine.go:36.94,37.26 1 0
github.com/brunocalza/go-bustub/execution/executors/execution_engine.go:45.2,45.12 1 0
github.com/brunocalza/go-bustub/execution/executors/execution_engine.go:38.29,39.39 1 0
github.com/brunocalza/go-bustub/execution/executors/execution_engine.go:40.30,41.40 1 0
github.com/brunocalza/go-bustub/execution/executors/execution_engine.go:42.28,43.85 1 0
github.com/brunocalza/go-bustub/storage/buffer/circular_list.go:22.52,24.38 2 1
github.com/brunocalza/go-bustub/storage/buffer/circular_list.go:32.2,32.12 1 1
github.com/brunocalza/go-bustub/storage/buffer/circular_list.go:24.38,25.21 1 1
github.com/brunocalza/go-bustub/storage/buffer/circular_list.go:29.3,29.17 1 1
github.com/brunocalza/go-bustub/storage/buffer/circular_list.go:25.21,27.4 1 1
github.com/brunocalza/go-bustub/storage/buffer/circular_list.go:35.53,37.2 1 1
github.com/brunocalza/go-bustub/storage/buffer/circular_list.go:39.73,40.26 1 1
github.com/brunocalza/go-bustub/storage/buffer/circular_list.go:44.2,45.17 2 1
github.com/brunocalza/go-bustub/storage/buffer/circular_list.go:54.2,55.17 2 1
github.com/brunocalza/go-bustub/storage/buffer/circular_list.go:60.2,64.22 4 1
github.com/brunocalza/go-bustub/storage/buffer/circular_list.go:68.2,73.12 4 1
github.com/brunocalza/go-bustub/storage/buffer/circular_list.go:40.26,42.3 1 0
github.com/brunocalza/go-bustub/storage/buffer/circular_list.go:45.17,52.3 6 1
github.com/brunocalza/go-bustub/storage/buffer/circular_list.go:55.17,58.3 2 0
github.com/brunocalza/go-bustub/storage/buffer/circular_list.go:64.22,66.3 1 1
github.com/brunocalza/go-bustub/storage/buffer/circular_list.go:76.48,78.17 2 1
github.com/brunocalza/go-bustub/storage/buffer/circular_list.go:82.2,82.17 1 1
github.com/brunocalza/go-bustub/storage/buffer/circular_list.go:89.2,89.20 1 1
github.com/brunocalza/go-bustub/storage/buffer/circular_list.go:93.2,93.20 1 1
github.com/brunocalza/go-bustub/storage/buffer/circular_list.go:97.2,100.10 3 1
github.com/brunocalza/go-bustub/storage/buffer/circular_list.go:78.17,80.3 1 0
github.com/brunocalza/go-bustub/storage/buffer/circular_list.go:82.17,87.3 4 1
github.com/brunocalza/go-bustub/storage/buffer/circular_list.go:89.20,91.3 1 1
github.com/brunocalza/go-bustub/storage/buffer/circular_list.go:93.20,95.3 1 0
github.com/brunocalza/go-bustub/storage/buffer/circular_list.go:103.38,105.2 1 0
github.com/brunocalza/go-bustub/storage/buffer/circular_list.go:107.32,108.17 1 0
github.com/brunocalza/go-bustub/storage/buffer/circular_list.go:111.2,112.38 2 0
github.com/brunocalza/go-bustub/storage/buffer/circular_list.go:108.17,110.3 1 0
github.com/brunocalza/go-bustub/storage/buffer/circular_list.go:112.38,115.3 2 0
github.com/brunocalza/go-bustub/storage/buffer/circular_list.go:118.52,120.2 1 1
github.com/brunocalza/go-bustub/storage/table/table_metadata.go:10.42,12.2 1 0
github.com/brunocalza/go-bustub/storage/table/table_metadata.go:14.38,16.2 1 0
github.com/brunocalza/go-bustub/storage/table/table_metadata.go:18.44,20.2 1 0
github.com/brunocalza/go-bustub/execution/executors/seq_scan_executor.go:19.89,22.2 2 0
github.com/brunocalza/go-bustub/execution/executors/seq_scan_executor.go:24.34,26.2 1 0
github.com/brunocalza/go-bustub/execution/executors/seq_scan_executor.go:31.62,34.56 1 0
github.com/brunocalza/go-bustub/execution/executors/seq_scan_executor.go:41.2,41.17 1 0
github.com/brunocalza/go-bustub/execution/executors/seq_scan_executor.go:46.2,46.23 1 0
github.com/brunocalza/go-bustub/execution/executors/seq_scan_executor.go:34.56,35.42 1 0
github.com/brunocalza/go-bustub/execution/executors/seq_scan_executor.go:35.42,36.9 1 0
github.com/brunocalza/go-bustub/execution/executors/seq_scan_executor.go:41.17,44.3 2 0
github.com/brunocalza/go-bustub/execution/executors/seq_scan_executor.go:50.94,52.2 1 0
github.com/brunocalza/go-bustub/execution/executors/seq_scan_executor.go:56.69,60.61 3 0
github.com/brunocalza/go-bustub/execution/executors/seq_scan_executor.go:65.2,65.55 1 0
github.com/brunocalza/go-bustub/execution/executors/seq_scan_executor.go:60.61,63.3 2 0
github.com/brunocalza/go-bustub/storage/buffer/clock_replacer.go:13.43,14.23 1 1
github.com/brunocalza/go-bustub/storage/buffer/clock_replacer.go:18.2,20.6 3 1
github.com/brunocalza/go-bustub/storage/buffer/clock_replacer.go:14.23,16.3 1 1
github.com/brunocalza/go-bustub/storage/buffer/clock_replacer.go:20.6,21.31 1 1
github.com/brunocalza/go-bustub/storage/buffer/clock_replacer.go:21.31,24.4 2 1
github.com/brunocalza/go-bustub/storage/buffer/clock_replacer.go:24.9,32.4 5 1
github.com/brunocalza/go-bustub/storage/buffer/clock_replacer.go:37.43,38.25 1 1
github.com/brunocalza/go-bustub/storage/buffer/clock_replacer.go:38.25,40.24 2 1
github.com/brunocalza/go-bustub/storage/buffer/clock_replacer.go:40.24,42.4 1 1
github.com/brunocalza/go-bustub/storage/buffer/clock_replacer.go:47.41,49.17 2 1
github.com/brunocalza/go-bustub/storage/buffer/clock_replacer.go:53.2,53.28 1 1
github.com/brunocalza/go-bustub/storage/buffer/clock_replacer.go:56.2,56.20 1 1
github.com/brunocalza/go-bustub/storage/buffer/clock_replacer.go:49.17,51.3 1 1
github.com/brunocalza/go-bustub/storage/buffer/clock_replacer.go:53.28,55.3 1 1
github.com/brunocalza/go-bustub/storage/buffer/clock_replacer.go:61.39,63.2 1 1
github.com/brunocalza/go-bustub/storage/buffer/clock_replacer.go:66.55,69.2 2 1
github.com/brunocalza/go-bustub/storage/page/hash_table_block_page.go:30.54,32.2 1 0
github.com/brunocalza/go-bustub/storage/page/hash_table_block_page.go:35.56,37.2 1 0
github.com/brunocalza/go-bustub/storage/page/hash_table_block_page.go:40.76,41.28 1 0
github.com/brunocalza/go-bustub/storage/page/hash_table_block_page.go:45.2,48.13 4 0
github.com/brunocalza/go-bustub/storage/page/hash_table_block_page.go:41.28,43.3 1 0
github.com/brunocalza/go-bustub/storage/page/hash_table_block_page.go:51.51,52.29 1 0
github.com/brunocalza/go-bustub/storage/page/hash_table_block_page.go:56.2,56.47 1 0
github.com/brunocalza/go-bustub/storage/page/hash_table_block_page.go:52.29,54.3 1 0
github.com/brunocalza/go-bustub/storage/page/hash_table_block_page.go:60.60,62.2 1 0
github.com/brunocalza/go-bustub/storage/page/hash_table_block_page.go:65.60,67.2 1 0
github.com/brunocalza/go-bustub/storage/page/page.go:10.33,12.2 1 0
github.com/brunocalza/go-bustub/storage/page/page.go:26.30,28.2 1 0
github.com/brunocalza/go-bustub/storage/page/page.go:31.30,32.20 1 1
github.com/brunocalza/go-bustub/storage/page/page.go:32.20,34.3 1 1
github.com/brunocalza/go-bustub/storage/page/page.go:38.34,40.2 1 1
github.com/brunocalza/go-bustub/storage/page/page.go:43.28,45.2 1 1
github.com/brunocalza/go-bustub/storage/page/page.go:48.39,50.2 1 1
github.com/brunocalza/go-bustub/storage/page/page.go:53.41,55.2 1 1
github.com/brunocalza/go-bustub/storage/page/page.go:58.31,60.2 1 1
github.com/brunocalza/go-bustub/storage/page/page.go:63.40,64.33 1 1
github.com/brunocalza/go-bustub/storage/page/page.go:64.33,66.3 1 1
[...]
github.com/brunocalza/go-bustub/storage/buffer/circular_list.go:89.20,91.3 1 1
github.com/brunocalza/go-bustub/storage/buffer/circular_list.go:93.20,95.3 1 1
github.com/brunocalza/go-bustub/storage/buffer/circular_list.go:103.38,105.2 1 0
github.com/brunocalza/go-bustub/storage/buffer/circular_list.go:107.32,108.17 1 0
github.com/brunocalza/go-bustub/storage/buffer/circular_list.go:111.2,112.38 2 0
github.com/brunocalza/go-bustub/storage/buffer/circular_list.go:108.17,110.3 1 0
github.com/brunocalza/go-bustub/storage/buffer/circular_list.go:112.38,115.3 2 0
github.com/brunocalza/go-bustub/storage/buffer/circular_list.go:118.52,120.2 1 1
github.com/brunocalza/go-bustub/types/value.go:13.36,15.2 1 0
github.com/brunocalza/go-bustub/types/value.go:17.35,19.2 1 0
github.com/brunocalza/go-bustub/types/value.go:21.48,22.21 1 0
github.com/brunocalza/go-bustub/types/value.go:26.2,26.14 1 0
github.com/brunocalza/go-bustub/types/value.go:23.15,24.38 1 0
github.com/brunocalza/go-bustub/types/value.go:29.51,30.21 1 0
github.com/brunocalza/go-bustub/types/value.go:34.2,34.14 1 0
github.com/brunocalza/go-bustub/types/value.go:31.15,32.38 1 0
github.com/brunocalza/go-bustub/types/value.go:37.45,40.21 3 0
github.com/brunocalza/go-bustub/types/value.go:46.2,46.36 1 0
github.com/brunocalza/go-bustub/types/value.go:41.15,43.52 2 0
github.com/brunocalza/go-bustub/types/value.go:46.36,50.3 3 0
github.com/brunocalza/go-bustub/types/value.go:53.33,55.2 1 0
github.com/brunocalza/go-bustub/types/value.go:57.34,59.2 1 0
github.com/brunocalza/go-bustub/types/value.go:61.64,62.19 1 0
github.com/brunocalza/go-bustub/types/value.go:66.2,66.12 1 0
github.com/brunocalza/go-bustub/types/value.go:63.15,64.65 1 0
github.com/brunocalza/go-bustub/storage/table/column.go:15.62,17.2 1 0
github.com/brunocalza/go-bustub/storage/table/column.go:19.35,21.2 1 0
github.com/brunocalza/go-bustub/storage/table/column.go:23.41,25.2 1 0
github.com/brunocalza/go-bustub/storage/table/column.go:27.37,29.2 1 0
github.com/brunocalza/go-bustub/storage/table/column.go:31.41,33.2 1 0
github.com/brunocalza/go-bustub/storage/table/table_metadata.go:10.42,12.2 1 0
github.com/brunocalza/go-bustub/storage/table/table_metadata.go:14.38,16.2 1 0
github.com/brunocalza/go-bustub/storage/table/table_metadata.go:18.44,20.2 1 0
github.com/brunocalza/go-bustub/execution/executors/execution_engine.go:17.93,22.6 4 0
github.com/brunocalza/go-bustub/execution/executors/execution_engine.go:33.2,33.15 1 0
github.com/brunocalza/go-bustub/execution/executors/execution_engine.go:22.6,24.25 2 0
github.com/brunocalza/go-bustub/execution/executors/execution_engine.go:28.3,28.19 1 0
github.com/brunocalza/go-bustub/execution/executors/execution_engine.go:24.25,25.9 1 0
github.com/brunocalza/go-bustub/execution/executors/execution_engine.go:28.19,30.4 1 0
github.com/brunocalza/go-bustub/execution/executors/execution_engine.go:36.94,37.26 1 0
github.com/brunocalza/go-bustub/execution/executors/execution_engine.go:45.2,45.12 1 0
github.com/brunocalza/go-bustub/execution/executors/execution_engine.go:38.29,39.39 1 0
github.com/brunocalza/go-bustub/execution/executors/execution_engine.go:40.30,41.40 1 0
github.com/brunocalza/go-bustub/execution/executors/execution_engine.go:42.28,43.85 1 0
github.com/brunocalza/go-bustub/storage/page/page.go:10.33,12.2 1 0
github.com/brunocalza/go-bustub/storage/page/page.go:26.30,28.2 1 1
github.com/brunocalza/go-bustub/storage/page/page.go:31.30,32.20 1 1
github.com/brunocalza/go-bustub/storage/page/page.go:32.20,34.3 1 1
github.com/brunocalza/go-bustub/storage/page/page.go:38.34,40.2 1 1
github.com/brunocalza/go-bustub/storage/page/page.go:43.28,45.2 1 1
github.com/brunocalza/go-bustub/storage/page/page.go:48.39,50.2 1 1
github.com/brunocalza/go-bustub/storage/page/page.go:53.41,55.2 1 1
github.com/brunocalza/go-bustub/storage/page/page.go:58.31,60.2 1 1
github.com/brunocalza/go-bustub/storage/page/page.go:63.40,64.33 1 0
github.com/brunocalza/go-bustub/storage/page/page.go:64.33,66.3 1 0
github.com/brunocalza/go-bustub/storage/page/page.go:70.63,72.2 1 1
github.com/brunocalza/go-bustub/storage/page/page.go:75.32,77.2 1 1
github.com/brunocalza/go-bustub/execution/executors/testing_utils.go:41.69,43.37 2 0
github.com/brunocalza/go-bustub/execution/executors/testing_utils.go:46.2,54.42 6 0
github.com/brunocalza/go-bustub/execution/executors/testing_utils.go:43.37,45.3 1 0
github.com/brunocalza/go-bustub/execution/executors/testing_utils.go:54.42,57.3 2 0
github.com/brunocalza/go-bustub/container/hash/linear_probe_hash_table.go:18.88,26.34 6 1
github.com/brunocalza/go-bustub/container/hash/linear_probe_hash_table.go:31.2,33.48 2 1
github.com/brunocalza/go-bustub/container/hash/linear_probe_hash_table.go:26.34,30.3 3 1
github.com/brunocalza/go-bustub/container/hash/linear_probe_hash_table.go:36.57,50.35 10 1
github.com/brunocalza/go-bustub/container/hash/linear_probe_hash_table.go:62.2,65.15 3 1
github.com/brunocalza/go-bustub/container/hash/linear_probe_hash_table.go:50.35,51.69 1 1
github.com/brunocalza/go-bustub/container/hash/linear_probe_hash_table.go:55.3,57.70 3 1
github.com/brunocalza/go-bustub/container/hash/linear_probe_hash_table.go:51.69,53.4 1 1
github.com/brunocalza/go-bustub/container/hash/linear_probe_hash_table.go:57.70,58.9 1 0
github.com/brunocalza/go-bustub/container/hash/linear_probe_hash_table.go:68.72,81.6 9 1
github.com/brunocalza/go-bustub/container/hash/linear_probe_hash_table.go:100.2,103.8 3 1
github.com/brunocalza/go-bustub/container/hash/linear_probe_hash_table.go:81.6,82.73 1 1
github.com/brunocalza/go-bustub/container/hash/linear_probe_hash_table.go:87.3,87.36 1 1
github.com/brunocalza/go-bustub/container/hash/linear_probe_hash_table.go:92.3,95.70 3 1
github.com/brunocalza/go-bustub/container/hash/linear_probe_hash_table.go:82.73,84.9 2 1
github.com/brunocalza/go-bustub/container/hash/linear_probe_hash_table.go:87.36,90.9 3 1
github.com/brunocalza/go-bustub/container/hash/linear_probe_hash_table.go:95.70,96.9 1 0
github.com/brunocalza/go-bustub/container/hash/linear_probe_hash_table.go:106.60,119.35 9 1
github.com/brunocalza/go-bustub/container/hash/linear_probe_hash_table.go:131.2,132.42 2 1
github.com/brunocalza/go-bustub/container/hash/linear_probe_hash_table.go:119.35,120.107 1 1
github.com/brunocalza/go-bustub/container/hash/linear_probe_hash_table.go:124.3,126.70 3 1
github.com/brunocalza/go-bustub/container/hash/linear_probe_hash_table.go:120.107,122.4 1 1
github.com/brunocalza/go-bustub/container/hash/linear_probe_hash_table.go:126.70,127.9 1 0
github.com/brunocalza/go-bustub/container/hash/linear_probe_hash_table.go:135.51,145.2 6 1
github.com/brunocalza/go-bustub/execution/executors/insert_executor.go:15.87,18.2 2 0
github.com/brunocalza/go-bustub/execution/executors/insert_executor.go:20.34,22.2 0 0
github.com/brunocalza/go-bustub/execution/executors/insert_executor.go:27.61,30.47 1 0
github.com/brunocalza/go-bustub/execution/executors/insert_executor.go:38.2,38.23 1 0
github.com/brunocalza/go-bustub/execution/executors/insert_executor.go:30.47,33.17 3 0
github.com/brunocalza/go-bustub/execution/executors/insert_executor.go:33.17,35.4 1 0
github.com/brunocalza/go-bustub/execution/plans/insert.go:16.68,18.2 1 0
github.com/brunocalza/go-bustub/execution/plans/insert.go:21.47,23.2 1 0
github.com/brunocalza/go-bustub/execution/plans/insert.go:26.57,28.2 1 0
github.com/brunocalza/go-bustub/execution/plans/insert.go:30.45,32.2 1 0
github.com/brunocalza/go-bustub/execution/plans/limit.go:9.69,11.2 1 0
github.com/brunocalza/go-bustub/execution/plans/limit.go:13.43,15.2 1 0
github.com/brunocalza/go-bustub/execution/plans/limit.go:17.44,19.2 1 0
github.com/brunocalza/go-bustub/execution/plans/limit.go:21.44,23.2 1 0
github.com/brunocalza/go-bustub/execution/executors/seq_scan_executor.go:19.89,22.2 2 0
github.com/brunocalza/go-bustub/execution/executors/seq_scan_executor.go:24.34,26.2 1 0
github.com/brunocalza/go-bustub/execution/executors/seq_scan_executor.go:31.62,34.56 1 0
github.com/brunocalza/go-bustub/execution/executors/seq_scan_executor.go:41.2,41.17 1 0
github.com/brunocalza/go-bustub/execution/executors/seq_scan_executor.go:46.2,46.23 1 0
github.com/brunocalza/go-bustub/execution/executors/seq_scan_executor.go:34.56,35.42 1 0
github.com/brunocalza/go-bustub/execution/executors/seq_scan_executor.go:35.42,36.9 1 0
github.com/brunocalza/go-bustub/execution/executors/seq_scan_executor.go:41.17,44.3 2 0
github.com/brunocalza/go-bustub/execution/executors/seq_scan_executor.go:50.94,52.2 1 0
github.com/brunocalza/go-bustub/execution/executors/seq_scan_executor.go:56.69,60.61 3 0
github.com/brunocalza/go-bustub/execution/executors/seq_scan_executor.go:65.2,65.55 1 0
github.com/brunocalza/go-bustub/execution/executors/seq_scan_executor.go:60.61,63.3 2 0
github.com/brunocalza/go-bustub/container/hash/linear_probe_hash_table_iterator.go:19.135,26.2 4 1
github.com/brunocalza/go-bustub/container/hash/linear_probe_hash_table_iterator.go:28.38,31.39 2 1
github.com/brunocalza/go-bustub/container/hash/linear_probe_hash_table_iterator.go:31.39,36.47 3 0
github.com/brunocalza/go-bustub/container/hash/linear_probe_hash_table_iterator.go:40.3,44.72 4 0
github.com/brunocalza/go-bustub/container/hash/linear_probe_hash_table_iterator.go:36.47,38.4 1 0
github.com/brunocalza/go-bustub/execution/expression/column_value.go:13.68,15.2 1 0
github.com/brunocalza/go-bustub/execution/expression/column_value.go:17.86,19.2 1 0
github.com/brunocalza/go-bustub/storage/buffer/clock_replacer.go:13.43,14.23 1 1
github.com/brunocalza/go-bustub/storage/buffer/clock_replacer.go:18.2,20.6 3 1
github.com/brunocalza/go-bustub/storage/buffer/clock_replacer.go:14.23,16.3 1 0
github.com/brunocalza/go-bustub/storage/buffer/clock_replacer.go:20.6,21.31 1 1
github.com/brunocalza/go-bustub/storage/buffer/clock_replacer.go:21.31,24.4 2 1
github.com/brunocalza/go-bustub/storage/buffer/clock_replacer.go:24.9,32.4 5 1
github.com/brunocalza/go-bustub/storage/buffer/clock_replacer.go:37.43,38.25 1 1
github.com/brunocalza/go-bustub/storage/buffer/clock_replacer.go:38.25,40.24 2 1
github.com/brunocalza/go-bustub/storage/buffer/clock_replacer.go:40.24,42.4 1 1
github.com/brunocalza/go-bustub/storage/buffer/clock_replacer.go:47.41,49.17 2 1
github.com/brunocalza/go-bustub/storage/buffer/clock_replacer.go:53.2,53.28 1 1
github.com/brunocalza/go-bustub/storage/buffer/clock_replacer.go:56.2,56.20 1 1
github.com/brunocalza/go-bustub/storage/buffer/clock_replacer.go:49.17,51.3 1 0
github.com/brunocalza/go-bustub/storage/buffer/clock_replacer.go:53.28,55.3 1 0
github.com/brunocalza/go-bustub/storage/buffer/clock_replacer.go:61.39,63.2 1 0
github.com/brunocalza/go-bustub/storage/buffer/clock_replacer.go:66.55,69.2 2 1
github.com/brunocalza/go-bustub/storage/table/schema.go:10.43,16.36 5 0
github.com/brunocalza/go-bustub/storage/table/schema.go:29.2,30.15 2 0
github.com/brunocalza/go-bustub/storage/table/schema.go:16.36,19.26 2 0
github.com/brunocalza/go-bustub/storage/table/schema.go:24.3,27.50 3 0
github.com/brunocalza/go-bustub/storage/table/schema.go:19.26,22.4 2 0
github.com/brunocalza/go-bustub/storage/table/schema.go:33.53,35.2 1 0
github.com/brunocalza/go-bustub/storage/table/schema.go:37.42,39.2 1 0
github.com/brunocalza/go-bustub/storage/table/schema.go:41.34,43.2 1 0
github.com/brunocalza/go-bustub/storage/table/schema.go:45.56,46.50 1 0
github.com/brunocalza/go-bustub/storage/table/schema.go:52.2,52.27 1 0
github.com/brunocalza/go-bustub/storage/table/schema.go:46.50,47.44 1 0
github.com/brunocalza/go-bustub/storage/table/schema.go:47.44,49.4 1 0
github.com/brunocalza/go-bustub/storage/table/schema.go:55.41,57.2 1 0
github.com/brunocalza/go-bustub/storage/page/hash_table_header_page.go:18.67,20.2 1 1
github.com/brunocalza/go-bustub/storage/page/hash_table_header_page.go:22.53,24.2 1 0
github.com/brunocalza/go-bustub/storage/page/hash_table_header_page.go:26.59,28.2 1 1
github.com/brunocalza/go-bustub/storage/page/hash_table_header_page.go:30.47,32.2 1 0
github.com/brunocalza/go-bustub/storage/page/hash_table_header_page.go:34.50,36.2 1 0
github.com/brunocalza/go-bustub/storage/page/hash_table_header_page.go:38.64,41.2 2 1
github.com/brunocalza/go-bustub/storage/page/hash_table_header_page.go:43.50,45.2 1 1
github.com/brunocalza/go-bustub/storage/page/hash_table_header_page.go:47.52,49.2 1 1
github.com/brunocalza/go-bustub/storage/page/hash_table_header_page.go:51.48,53.2 1 0
github.com/brunocalza/go-bustub/storage/table/table_heap_iterator.go:18.68,20.2 1 0
github.com/brunocalza/go-bustub/storage/table/table_heap_iterator.go:23.47,25.2 1 0
github.com/brunocalza/go-bustub/storage/table/table_heap_iterator.go:28.41,30.2 1 0
github.com/brunocalza/go-bustub/storage/table/table_heap_iterator.go:35.44,40.25 4 0
github.com/brunocalza/go-bustub/storage/table/table_heap_iterator.go:52.2,52.63 1 0
github.com/brunocalza/go-bustub/storage/table/table_heap_iterator.go:58.2,59.17 2 0
github.com/brunocalza/go-bustub/storage/table/table_heap_iterator.go:40.25,41.45 1 0
github.com/brunocalza/go-bustub/storage/table/table_heap_iterator.go:41.45,46.27 5 0
github.com/brunocalza/go-bustub/storage/table/table_heap_iterator.go:46.27,47.10 1 0
github.com/brunocalza/go-bustub/storage/table/table_heap_iterator.go:52.63,54.3 1 0
github.com/brunocalza/go-bustub/storage/table/table_heap_iterator.go:54.8,56.3 1 0
github.com/brunocalza/go-bustub/storage/table/tuple.go:17.70,30.43 7 0
github.com/brunocalza/go-bustub/storage/table/tuple.go:36.2,36.14 1 0
github.com/brunocalza/go-bustub/storage/table/tuple.go:30.43,34.3 3 0
github.com/brunocalza/go-bustub/storage/table/tuple.go:39.71,43.18 4 0
github.com/brunocalza/go-bustub/storage/table/tuple.go:46.2,46.15 1 0
github.com/brunocalza/go-bustub/storage/table/tuple.go:43.18,44.15 1 0
github.com/brunocalza/go-bustub/storage/table/tuple.go:49.31,51.2 1 0
github.com/brunocalza/go-bustub/storage/table/tuple.go:53.32,55.2 1 0
github.com/brunocalza/go-bustub/storage/table/tuple.go:57.36,59.2 1 0
github.com/brunocalza/go-bustub/execution/expression/comparison.go:20.97,25.2 4 0
github.com/brunocalza/go-bustub/execution/expression/comparison.go:27.85,31.2 3 0
github.com/brunocalza/go-bustub/execution/expression/comparison.go:33.79,34.26 1 0
github.com/brunocalza/go-bustub/execution/expression/comparison.go:40.2,40.14 1 0
github.com/brunocalza/go-bustub/execution/expression/comparison.go:35.13,36.32 1 0
github.com/brunocalza/go-bustub/execution/expression/comparison.go:37.16,38.35 1 0
github.com/brunocalza/go-bustub/errors/type.go:5.31,5.51 1 0
github.com/brunocalza/go-bustub/testing/assert.go:12.74,13.16 1 0
github.com/brunocalza/go-bustub/testing/assert.go:13.16,17.3 3 0
github.com/brunocalza/go-bustub/testing/assert.go:21.35,22.16 1 1
github.com/brunocalza/go-bustub/testing/assert.go:22.16,26.3 3 0
github.com/brunocalza/go-bustub/testing/assert.go:30.36,31.16 1 1
github.com/brunocalza/go-bustub/testing/assert.go:31.16,35.3 3 0
github.com/brunocalza/go-bustub/testing/assert.go:39.50,40.34 1 1
github.com/brunocalza/go-bustub/testing/assert.go:40.34,44.3 3 0
github.com/brunocalza/go-bustub/storage/table/catalog.go:16.57,18.2 1 0
github.com/brunocalza/go-bustub/storage/table/catalog.go:20.63,21.36 1 0
github.com/brunocalza/go-bustub/storage/table/catalog.go:24.2,24.12 1 0
github.com/brunocalza/go-bustub/storage/table/catalog.go:21.36,23.3 1 0
github.com/brunocalza/go-bustub/storage/table/catalog.go:27.60,28.36 1 0
github.com/brunocalza/go-bustub/storage/table/catalog.go:31.2,31.12 1 0
github.com/brunocalza/go-bustub/storage/table/catalog.go:28.36,30.3 1 0
github.com/brunocalza/go-bustub/storage/table/catalog.go:35.75,45.2 7 0
github.com/brunocalza/go-bustub/execution/expression/constant_value.go:12.53,14.2 1 0
github.com/brunocalza/go-bustub/execution/expression/constant_value.go:16.88,18.2 1 0
github.com/brunocalza/go-bustub/storage/disk/disk_manager_impl.go:21.56,30.16 4 1
github.com/brunocalza/go-bustub/storage/disk/disk_manager_impl.go:34.2,34.10 1 1
github.com/brunocalza/go-bustub/storage/disk/disk_manager_impl.go:30.16,32.3 1 0
github.com/brunocalza/go-bustub/storage/disk/disk_manager_impl.go:38.38,40.2 1 1
github.com/brunocalza/go-bustub/storage/disk/disk_manager_impl.go:43.80,48.16 5 1
github.com/brunocalza/go-bustub/storage/disk/disk_manager_impl.go:52.2,52.35 1 1
github.com/brunocalza/go-bustub/storage/disk/disk_manager_impl.go:56.2,57.12 2 1
github.com/brunocalza/go-bustub/storage/disk/disk_manager_impl.go:48.16,50.3 1 0
github.com/brunocalza/go-bustub/storage/disk/disk_manager_impl.go:52.35,54.3 1 0
github.com/brunocalza/go-bustub/storage/disk/disk_manager_impl.go:61.79,65.16 3 1
github.com/brunocalza/go-bustub/storage/disk/disk_manager_impl.go:69.2,69.30 1 1
github.com/brunocalza/go-bustub/storage/disk/disk_manager_impl.go:73.2,76.16 3 1
github.com/brunocalza/go-bustub/storage/disk/disk_manager_impl.go:80.2,80.31 1 1
github.com/brunocalza/go-bustub/storage/disk/disk_manager_impl.go:85.2,85.12 1 1
github.com/brunocalza/go-bustub/storage/disk/disk_manager_impl.go:65.16,67.3 1 0
github.com/brunocalza/go-bustub/storage/disk/disk_manager_impl.go:69.30,71.3 1 0
github.com/brunocalza/go-bustub/storage/disk/disk_manager_impl.go:76.16,78.3 1 0
github.com/brunocalza/go-bustub/storage/disk/disk_manager_impl.go:80.31,81.38 1 0
github.com/brunocalza/go-bustub/storage/disk/disk_manager_impl.go:81.38,83.4 1 0
github.com/brunocalza/go-bustub/storage/disk/disk_manager_impl.go:90.54,94.2 3 1
github.com/brunocalza/go-bustub/storage/disk/disk_manager_impl.go:99.63,100.2 0 0
github.com/brunocalza/go-bustub/storage/disk/disk_manager_impl.go:103.49,105.2 1 0
github.com/brunocalza/go-bustub/storage/disk/disk_manager_impl.go:108.49,110.16 2 0
github.com/brunocalza/go-bustub/storage/disk/disk_manager_impl.go:114.2,114.29 1 0
github.com/brunocalza/go-bustub/storage/disk/disk_manager_impl.go:110.16,112.3 1 0
github.com/brunocalza/go-bustub/execution/plans/plan.go:25.63,27.2 1 0
github.com/brunocalza/go-bustub/execution/plans/plan.go:29.49,31.2 1 0
github.com/brunocalza/go-bustub/execution/plans/plan.go:33.57,35.2 1 0
github.com/brunocalza/go-bustub/execution/executors/executor_context.go:14.97,16.2 1 0
github.com/brunocalza/go-bustub/execution/executors/executor_context.go:18.55,20.2 1 0
github.com/brunocalza/go-bustub/execution/executors/executor_context.go:22.76,24.2 1 0
github.com/brunocalza/go-bustub/execution/executors/limit_executor.go:17.101,19.2 1 0
github.com/brunocalza/go-bustub/execution/executors/limit_executor.go:21.32,23.2 1 0
github.com/brunocalza/go-bustub/execution/executors/limit_executor.go:25.60,27.16 2 0
github.com/brunocalza/go-bustub/execution/executors/limit_executor.go:31.2,31.36 1 0
github.com/brunocalza/go-bustub/execution/executors/limit_executor.go:36.2,37.35 2 0
github.com/brunocalza/go-bustub/execution/executors/limit_executor.go:41.2,41.26 1 0
github.com/brunocalza/go-bustub/execution/executors/limit_executor.go:27.16,29.3 1 0
github.com/brunocalza/go-bustub/execution/executors/limit_executor.go:31.36,34.3 2 0
github.com/brunocalza/go-bustub/execution/executors/limit_executor.go:37.35,39.3 1 0
github.com/brunocalza/go-bustub/storage/page/hash_table_block_page.go:30.54,32.2 1 1
github.com/brunocalza/go-bustub/storage/page/hash_table_block_page.go:35.56,37.2 1 1
github.com/brunocalza/go-bustub/storage/page/hash_table_block_page.go:40.76,41.28 1 1
github.com/brunocalza/go-bustub/storage/page/hash_table_block_page.go:45.2,48.13 4 1
github.com/brunocalza/go-bustub/storage/page/hash_table_block_page.go:41.28,43.3 1 0
github.com/brunocalza/go-bustub/storage/page/hash_table_block_page.go:51.51,52.29 1 1
github.com/brunocalza/go-bustub/storage/page/hash_table_block_page.go:56.2,56.47 1 1
github.com/brunocalza/go-bustub/storage/page/hash_table_block_page.go:52.29,54.3 1 0
github.com/brunocalza/go-bustub/storage/page/hash_table_block_page.go:60.60,62.2 1 1
github.com/brunocalza/go-bustub/storage/page/hash_table_block_page.go:65.60,67.2 1 1
