mode: set
github.com/brunocalza/go-bustub/storage/page/rid.go:12.53,15.2 2 1
github.com/brunocalza/go-bustub/storage/page/rid.go:18.40,20.2 1 1
github.com/brunocalza/go-bustub/storage/page/rid.go:23.32,25.2 1 1
github.com/brunocalza/go-bustub/storage/table/tuple.go:15.70,25.55 5 1
github.com/brunocalza/go-bustub/storage/table/tuple.go:29.2,29.14 1 1
github.com/brunocalza/go-bustub/storage/table/tuple.go:25.55,27.3 1 1
github.com/brunocalza/go-bustub/storage/table/tuple.go:32.71,35.18 3 1
github.com/brunocalza/go-bustub/storage/table/tuple.go:38.2,38.15 1 1
github.com/brunocalza/go-bustub/storage/table/tuple.go:35.18,36.15 1 0
github.com/brunocalza/go-bustub/storage/table/tuple.go:41.31,43.2 1 1
github.com/brunocalza/go-bustub/storage/table/tuple.go:45.31,47.2 1 0
github.com/brunocalza/go-bustub/storage/table/tuple.go:49.36,51.2 1 1
github.com/brunocalza/go-bustub/storage/table/tuple.go:53.50,55.2 1 1
github.com/brunocalza/go-bustub/execution/plans/limit.go:9.69,11.2 1 0
github.com/brunocalza/go-bustub/execution/plans/limit.go:13.43,15.2 1 0
github.com/brunocalza/go-bustub/execution/plans/limit.go:17.44,19.2 1 0
github.com/brunocalza/go-bustub/execution/plans/limit.go:21.44,23.2 1 0
github.com/brunocalza/go-bustub/testing/assert.go:12.74,13.16 1 0
github.com/brunocalza/go-bustub/testing/assert.go:13.16,17.3 3 0
github.com/brunocalza/go-bustub/testing/assert.go:21.35,22.16 1 1
github.com/brunocalza/go-bustub/testing/assert.go:22.16,26.3 3 0
github.com/brunocalza/go-bustub/testing/assert.go:30.36,31.16 1 0
github.com/brunocalza/go-bustub/testing/assert.go:31.16,35.3 3 0
github.com/brunocalza/go-bustub/testing/assert.go:39.50,40.34 1 1
github.com/brunocalza/go-bustub/testing/assert.go:40.34,44.3 3 0
github.com/brunocalza/go-bustub/container/hash/linear_probe_hash_table.go:19.88,27.34 6 0
github.com/brunocalza/go-bustub/container/hash/linear_probe_hash_table.go:32.2,34.48 2 0
github.com/brunocalza/go-bustub/container/hash/linear_probe_hash_table.go:27.34,31.3 3 0
github.com/brunocalza/go-bustub/container/hash/linear_probe_hash_table.go:37.57,51.35 10 0
github.com/brunocalza/go-bustub/container/hash/linear_probe_hash_table.go:63.2,66.15 3 0
github.com/brunocalza/go-bustub/container/hash/linear_probe_hash_table.go:51.35,52.69 1 0
github.com/brunocalza/go-bustub/container/hash/linear_probe_hash_table.go:56.3,58.70 3 0
github.com/brunocalza/go-bustub/container/hash/linear_probe_hash_table.go:52.69,54.4 1 0
github.com/brunocalza/go-bustub/container/hash/linear_probe_hash_table.go:58.70,59.9 1 0
github.com/brunocalza/go-bustub/container/hash/linear_probe_hash_table.go:69.72,82.6 9 0
github.com/brunocalza/go-bustub/container/hash/linear_probe_hash_table.go:101.2,104.8 3 0
github.com/brunocalza/go-bustub/container/hash/linear_probe_hash_table.go:82.6,83.73 1 0
github.com/brunocalza/go-bustub/container/hash/linear_probe_hash_table.go:88.3,88.36 1 0
github.com/brunocalza/go-bustub/container/hash/linear_probe_hash_table.go:93.3,96.70 3 0
github.com/brunocalza/go-bustub/container/hash/linear_probe_hash_table.go:83.73,85.9 2 0
github.com/brunocalza/go-bustub/container/hash/linear_probe_hash_table.go:88.36,91.9 3 0
github.com/brunocalza/go-bustub/container/hash/linear_probe_hash_table.go:96.70,97.9 1 0
github.com/brunocalza/go-bustub/container/hash/linear_probe_hash_table.go:107.60,120.35 9 0
github.com/brunocalza/go-bustub/container/hash/linear_probe_hash_table.go:132.2,133.42 2 0
github.com/brunocalza/go-bustub/container/hash/linear_probe_hash_table.go:120.35,121.107 1 0
github.com/brunocalza/go-bustub/container/hash/linear_probe_hash_table.go:125.3,127.70 3 0
github.com/brunocalza/go-bustub/container/hash/linear_probe_hash_table.go:121.107,123.4 1 0
github.com/brunocalza/go-bustub/container/hash/linear_probe_hash_table.go:127.70,128.9 1 0
github.com/brunocalza/go-bustub/container/hash/linear_probe_hash_table.go:136.51,146.2 6 0
github.com/brunocalza/go-bustub/storage/page/hash_table_block_page.go:30.54,32.2 1 0
github.com/brunocalza/go-bustub/storage/page/hash_table_block_page.go:35.56,37.2 1 0
github.com/brunocalza/go-bustub/storage/page/hash_table_block_page.go:40.76,41.28 1 0
github.com/brunocalza/go-bustub/storage/page/hash_table_block_page.go:45.2,48.13 4 0
github.com/brunocalza/go-bustub/storage/page/hash_table_block_page.go:41.28,43.3 1 0
github.com/brunocalza/go-bustub/storage/page/hash_table_block_page.go:51.51,52.29 1 0
github.com/brunocalza/go-bustub/storage/page/hash_table_block_page.go:56.2,56.47 1 0
github.com/brunocalza/go-bustub/storage/page/hash_table_block_page.go:52.29,54.3 1 0
github.com/brunocalza/go-bustub/storage/page/hash_table_block_page.go:60.60,62.2 1 0
github.com/brunocalza/go-bustub/storage/page/hash_table_block_page.go:65.60,67.2 1 0
github.com/brunocalza/go-bustub/storage/table/column.go:15.62,17.2 1 1
github.com/brunocalza/go-bustub/storage/table/column.go:19.35,21.2 1 1
github.com/brunocalza/go-bustub/storage/table/column.go:23.41,25.2 1 1
github.com/brunocalza/go-bustub/storage/table/column.go:27.37,29.2 1 1
github.com/brunocalza/go-bustub/storage/table/column.go:31.41,33.2 1 0
github.com/brunocalza/go-bustub/execution/plans/plan.go:25.63,27.2 1 0
github.com/brunocalza/go-bustub/execution/plans/plan.go:29.49,31.2 1 0
github.com/brunocalza/go-bustub/execution/plans/plan.go:33.57,35.2 1 0
github.com/brunocalza/go-bustub/storage/access/table_heap_iterator.go:18.68,20.2 1 1
github.com/brunocalza/go-bustub/storage/access/table_heap_iterator.go:23.53,25.2 1 1
github.com/brunocalza/go-bustub/storage/access/table_heap_iterator.go:28.41,30.2 1 1
github.com/brunocalza/go-bustub/storage/access/table_heap_iterator.go:35.50,40.25 4 1
github.com/brunocalza/go-bustub/storage/access/table_heap_iterator.go:52.2,52.63 1 1
github.com/brunocalza/go-bustub/storage/access/table_heap_iterator.go:58.2,59.17 2 1
github.com/brunocalza/go-bustub/storage/access/table_heap_iterator.go:40.25,41.45 1 1
github.com/brunocalza/go-bustub/storage/access/table_heap_iterator.go:41.45,46.27 5 1
github.com/brunocalza/go-bustub/storage/access/table_heap_iterator.go:46.27,47.10 1 0
github.com/brunocalza/go-bustub/storage/access/table_heap_iterator.go:52.63,54.3 1 1
github.com/brunocalza/go-bustub/storage/access/table_heap_iterator.go:54.8,56.3 1 1
github.com/brunocalza/go-bustub/execution/executors/execution_engine.go:17.93,22.6 4 0
github.com/brunocalza/go-bustub/execution/executors/execution_engine.go:33.2,33.15 1 0
github.com/brunocalza/go-bustub/execution/executors/execution_engine.go:22.6,24.25 2 0
github.com/brunocalza/go-bustub/execution/executors/execution_engine.go:28.3,28.19 1 0
github.com/brunocalza/go-bustub/execution/executors/execution_engine.go:24.25,25.9 1 0
github.com/brunocalza/go-bustub/execution/executors/execution_engine.go:28.19,30.4 1 0
github.com/brunocalza/go-bustub/execution/executors/execution_engine.go:36.94,37.26 1 0
github.com/brunocalza/go-bustub/execution/executors/execution_engine.go:45.2,45.12 1 0
github.com/brunocalza/go-bustub/execution/executors/execution_engine.go:38.29,39.39 1 0
github.com/brunocalza/go-bustub/execution/executors/execution_engine.go:40.30,41.40 1 0
github.com/brunocalza/go-bustub/execution/executors/execution_engine.go:42.28,43.85 1 0
github.com/brunocalza/go-bustub/execution/executors/insert_executor.go:16.87,19.2 2 0
github.com/brunocalza/go-bustub/execution/executors/insert_executor.go:21.34,23.2 0 0
github.com/brunocalza/go-bustub/execution/executors/insert_executor.go:28.61,31.47 1 0
github.com/brunocalza/go-bustub/execution/executors/insert_executor.go:39.2,39.23 1 0
github.com/brunocalza/go-bustub/execution/executors/insert_executor.go:31.47,34.17 3 0
github.com/brunocalza/go-bustub/execution/executors/insert_executor.go:34.17,36.4 1 0
github.com/brunocalza/go-bustub/storage/page/page.go:17.30,19.2 1 1
github.com/brunocalza/go-bustub/storage/page/page.go:22.30,23.20 1 1
github.com/brunocalza/go-bustub/storage/page/page.go:23.20,25.3 1 1
github.com/brunocalza/go-bustub/storage/page/page.go:29.34,31.2 1 1
github.com/brunocalza/go-bustub/storage/page/page.go:34.34,36.2 1 1
github.com/brunocalza/go-bustub/storage/page/page.go:39.39,41.2 1 1
github.com/brunocalza/go-bustub/storage/page/page.go:44.41,46.2 1 1
github.com/brunocalza/go-bustub/storage/page/page.go:49.31,51.2 1 1
github.com/brunocalza/go-bustub/storage/page/page.go:54.49,56.2 1 1
github.com/brunocalza/go-bustub/storage/page/page.go:59.69,61.2 1 0
github.com/brunocalza/go-bustub/storage/page/page.go:64.38,66.2 1 1
github.com/brunocalza/go-bustub/execution/expression/column_value.go:13.68,15.2 1 0
github.com/brunocalza/go-bustub/execution/expression/column_value.go:17.86,19.2 1 0
github.com/brunocalza/go-bustub/execution/expression/comparison.go:20.97,25.2 4 0
github.com/brunocalza/go-bustub/execution/expression/comparison.go:27.85,31.2 3 0
github.com/brunocalza/go-bustub/execution/expression/comparison.go:33.79,34.26 1 0
github.com/brunocalza/go-bustub/execution/expression/comparison.go:40.2,40.14 1 0
github.com/brunocalza/go-bustub/execution/expression/comparison.go:35.13,36.32 1 0
github.com/brunocalza/go-bustub/execution/expression/comparison.go:37.16,38.35 1 0
github.com/brunocalza/go-bustub/execution/plans/insert.go:16.68,18.2 1 0
github.com/brunocalza/go-bustub/execution/plans/insert.go:21.47,23.2 1 0
github.com/brunocalza/go-bustub/execution/plans/insert.go:26.57,28.2 1 0
github.com/brunocalza/go-bustub/execution/plans/insert.go:30.45,32.2 1 0
github.com/brunocalza/go-bustub/storage/access/table_heap.go:18.61,24.2 5 1
github.com/brunocalza/go-bustub/storage/access/table_heap.go:32.80,35.6 2 1
github.com/brunocalza/go-bustub/storage/access/table_heap.go:55.2,56.17 2 1
github.com/brunocalza/go-bustub/storage/access/table_heap.go:35.6,37.47 2 1
github.com/brunocalza/go-bustub/storage/access/table_heap.go:41.3,42.27 2 1
github.com/brunocalza/go-bustub/storage/access/table_heap.go:37.47,38.9 1 1
github.com/brunocalza/go-bustub/storage/access/table_heap.go:42.27,45.4 2 1
github.com/brunocalza/go-bustub/storage/access/table_heap.go:45.9,52.4 6 1
github.com/brunocalza/go-bustub/storage/access/table_heap.go:60.58,64.2 3 1
github.com/brunocalza/go-bustub/storage/access/table_heap.go:67.50,70.23 3 1
github.com/brunocalza/go-bustub/storage/access/table_heap.go:79.2,79.24 1 1
github.com/brunocalza/go-bustub/storage/access/table_heap.go:70.23,74.17 4 1
github.com/brunocalza/go-bustub/storage/access/table_heap.go:77.3,77.32 1 0
github.com/brunocalza/go-bustub/storage/access/table_heap.go:74.17,75.9 1 1
github.com/brunocalza/go-bustub/storage/access/table_heap.go:83.51,85.2 1 1
github.com/brunocalza/go-bustub/storage/page/hash_table_header_page.go:20.73,22.2 1 0
github.com/brunocalza/go-bustub/storage/page/hash_table_header_page.go:24.59,26.2 1 0
github.com/brunocalza/go-bustub/storage/page/hash_table_header_page.go:28.65,30.2 1 0
github.com/brunocalza/go-bustub/storage/page/hash_table_header_page.go:32.47,34.2 1 0
github.com/brunocalza/go-bustub/storage/page/hash_table_header_page.go:36.50,38.2 1 0
github.com/brunocalza/go-bustub/storage/page/hash_table_header_page.go:40.70,43.2 2 0
github.com/brunocalza/go-bustub/storage/page/hash_table_header_page.go:45.50,47.2 1 0
github.com/brunocalza/go-bustub/storage/page/hash_table_header_page.go:49.52,51.2 1 0
github.com/brunocalza/go-bustub/storage/page/hash_table_header_page.go:53.48,55.2 1 0
github.com/brunocalza/go-bustub/storage/buffer/buffer_pool_manager.go:21.71,23.44 1 1
github.com/brunocalza/go-bustub/storage/buffer/buffer_pool_manager.go:31.2,32.20 2 0
github.com/brunocalza/go-bustub/storage/buffer/buffer_pool_manager.go:36.2,36.21 1 0
github.com/brunocalza/go-bustub/storage/buffer/buffer_pool_manager.go:49.2,51.16 3 0
github.com/brunocalza/go-bustub/storage/buffer/buffer_pool_manager.go:54.2,60.11 6 0
github.com/brunocalza/go-bustub/storage/buffer/buffer_pool_manager.go:23.44,28.3 4 1
github.com/brunocalza/go-bustub/storage/buffer/buffer_pool_manager.go:32.20,34.3 1 0
github.com/brunocalza/go-bustub/storage/buffer/buffer_pool_manager.go:36.21,39.25 2 0
github.com/brunocalza/go-bustub/storage/buffer/buffer_pool_manager.go:39.25,40.29 1 0
github.com/brunocalza/go-bustub/storage/buffer/buffer_pool_manager.go:45.4,45.41 1 0
github.com/brunocalza/go-bustub/storage/buffer/buffer_pool_manager.go:40.29,43.5 2 0
github.com/brunocalza/go-bustub/storage/buffer/buffer_pool_manager.go:51.16,53.3 1 0
github.com/brunocalza/go-bustub/storage/buffer/buffer_pool_manager.go:64.80,65.44 1 1
github.com/brunocalza/go-bustub/storage/buffer/buffer_pool_manager.go:82.2,82.42 1 0
github.com/brunocalza/go-bustub/storage/buffer/buffer_pool_manager.go:65.44,69.25 3 1
github.com/brunocalza/go-bustub/storage/buffer/buffer_pool_manager.go:73.3,73.30 1 1
github.com/brunocalza/go-bustub/storage/buffer/buffer_pool_manager.go:79.3,79.13 1 1
github.com/brunocalza/go-bustub/storage/buffer/buffer_pool_manager.go:69.25,71.4 1 1
github.com/brunocalza/go-bustub/storage/buffer/buffer_pool_manager.go:73.30,75.4 1 1
github.com/brunocalza/go-bustub/storage/buffer/buffer_pool_manager.go:75.9,77.4 1 1
github.com/brunocalza/go-bustub/storage/buffer/buffer_pool_manager.go:86.65,87.44 1 1
github.com/brunocalza/go-bustub/storage/buffer/buffer_pool_manager.go:98.2,98.14 1 0
github.com/brunocalza/go-bustub/storage/buffer/buffer_pool_manager.go:87.44,96.3 6 1
github.com/brunocalza/go-bustub/storage/buffer/buffer_pool_manager.go:102.50,104.20 2 1
github.com/brunocalza/go-bustub/storage/buffer/buffer_pool_manager.go:108.2,108.21 1 1
github.com/brunocalza/go-bustub/storage/buffer/buffer_pool_manager.go:122.2,128.11 5 1
github.com/brunocalza/go-bustub/storage/buffer/buffer_pool_manager.go:104.20,106.3 1 0
github.com/brunocalza/go-bustub/storage/buffer/buffer_pool_manager.go:108.21,111.25 2 0
github.com/brunocalza/go-bustub/storage/buffer/buffer_pool_manager.go:111.25,112.29 1 0
github.com/brunocalza/go-bustub/storage/buffer/buffer_pool_manager.go:117.4,117.41 1 0
github.com/brunocalza/go-bustub/storage/buffer/buffer_pool_manager.go:112.29,115.5 2 0
github.com/brunocalza/go-bustub/storage/buffer/buffer_pool_manager.go:132.67,135.44 3 0
github.com/brunocalza/go-bustub/storage/buffer/buffer_pool_manager.go:139.2,141.25 2 0
github.com/brunocalza/go-bustub/storage/buffer/buffer_pool_manager.go:144.2,150.12 5 0
github.com/brunocalza/go-bustub/storage/buffer/buffer_pool_manager.go:135.44,137.3 1 0
github.com/brunocalza/go-bustub/storage/buffer/buffer_pool_manager.go:141.25,143.3 1 0
github.com/brunocalza/go-bustub/storage/buffer/buffer_pool_manager.go:155.45,156.34 1 1
github.com/brunocalza/go-bustub/storage/buffer/buffer_pool_manager.go:156.34,158.3 1 1
github.com/brunocalza/go-bustub/storage/buffer/buffer_pool_manager.go:161.59,162.25 1 1
github.com/brunocalza/go-bustub/storage/buffer/buffer_pool_manager.go:169.2,169.38 1 0
github.com/brunocalza/go-bustub/storage/buffer/buffer_pool_manager.go:162.25,167.3 3 1
github.com/brunocalza/go-bustub/storage/buffer/buffer_pool_manager.go:173.93,176.40 3 1
github.com/brunocalza/go-bustub/storage/buffer/buffer_pool_manager.go:181.2,182.99 2 1
github.com/brunocalza/go-bustub/storage/buffer/buffer_pool_manager.go:176.40,179.3 2 1
github.com/brunocalza/go-bustub/storage/table/table_page.go:42.54,43.17 1 1
github.com/brunocalza/go-bustub/storage/table/table_page.go:46.2,46.43 1 1
github.com/brunocalza/go-bustub/storage/table/table_page.go:43.17,45.3 1 0
github.com/brunocalza/go-bustub/storage/table/table_page.go:50.67,51.23 1 1
github.com/brunocalza/go-bustub/storage/table/table_page.go:55.2,55.57 1 1
github.com/brunocalza/go-bustub/storage/table/table_page.go:59.2,62.58 2 1
github.com/brunocalza/go-bustub/storage/table/table_page.go:68.2,68.87 1 1
github.com/brunocalza/go-bustub/storage/table/table_page.go:72.2,77.32 5 1
github.com/brunocalza/go-bustub/storage/table/table_page.go:81.2,81.17 1 1
github.com/brunocalza/go-bustub/storage/table/table_page.go:51.23,53.3 1 0
github.com/brunocalza/go-bustub/storage/table/table_page.go:55.57,57.3 1 1
github.com/brunocalza/go-bustub/storage/table/table_page.go:62.58,63.33 1 1
github.com/brunocalza/go-bustub/storage/table/table_page.go:63.33,64.9 1 0
github.com/brunocalza/go-bustub/storage/table/table_page.go:68.87,70.3 1 0
github.com/brunocalza/go-bustub/storage/table/table_page.go:77.32,79.3 1 1
github.com/brunocalza/go-bustub/storage/table/table_page.go:85.73,91.2 5 1
github.com/brunocalza/go-bustub/storage/table/table_page.go:93.53,95.2 1 1
github.com/brunocalza/go-bustub/storage/table/table_page.go:97.57,99.2 1 1
github.com/brunocalza/go-bustub/storage/table/table_page.go:101.57,103.2 1 1
github.com/brunocalza/go-bustub/storage/table/table_page.go:105.67,107.2 1 1
github.com/brunocalza/go-bustub/storage/table/table_page.go:109.55,111.2 1 1
github.com/brunocalza/go-bustub/storage/table/table_page.go:113.58,118.2 4 1
github.com/brunocalza/go-bustub/storage/table/table_page.go:120.52,122.2 1 1
github.com/brunocalza/go-bustub/storage/table/table_page.go:124.51,126.2 1 1
github.com/brunocalza/go-bustub/storage/table/table_page.go:128.45,130.2 1 1
github.com/brunocalza/go-bustub/storage/table/table_page.go:132.63,134.2 1 1
github.com/brunocalza/go-bustub/storage/table/table_page.go:136.55,138.2 1 1
github.com/brunocalza/go-bustub/storage/table/table_page.go:140.53,142.2 1 1
github.com/brunocalza/go-bustub/storage/table/table_page.go:144.51,146.2 1 1
github.com/brunocalza/go-bustub/storage/table/table_page.go:148.53,157.2 6 1
github.com/brunocalza/go-bustub/storage/table/table_page.go:159.51,163.42 3 1
github.com/brunocalza/go-bustub/storage/table/table_page.go:168.2,168.12 1 0
github.com/brunocalza/go-bustub/storage/table/table_page.go:163.42,167.3 2 1
github.com/brunocalza/go-bustub/storage/table/table_page.go:171.63,175.50 3 1
github.com/brunocalza/go-bustub/storage/table/table_page.go:180.2,180.12 1 1
github.com/brunocalza/go-bustub/storage/table/table_page.go:175.50,179.3 2 1
github.com/brunocalza/go-bustub/execution/executors/testing_utils.go:42.69,44.37 2 0
github.com/brunocalza/go-bustub/execution/executors/testing_utils.go:47.2,55.42 6 0
github.com/brunocalza/go-bustub/execution/executors/testing_utils.go:44.37,46.3 1 0
github.com/brunocalza/go-bustub/execution/executors/testing_utils.go:55.42,58.3 2 0
github.com/brunocalza/go-bustub/types/page_id.go:15.33,17.2 1 1
github.com/brunocalza/go-bustub/types/page_id.go:20.37,24.2 3 1
github.com/brunocalza/go-bustub/types/page_id.go:27.51,30.2 2 1
github.com/brunocalza/go-bustub/storage/disk/testing.go:15.39,18.16 2 1
github.com/brunocalza/go-bustub/storage/disk/testing.go:21.2,26.44 5 1
github.com/brunocalza/go-bustub/storage/disk/testing.go:18.16,19.13 1 0
github.com/brunocalza/go-bustub/storage/disk/testing.go:30.38,33.2 2 1
github.com/brunocalza/go-bustub/storage/buffer/circular_list.go:22.52,24.38 2 1
github.com/brunocalza/go-bustub/storage/buffer/circular_list.go:32.2,32.12 1 1
github.com/brunocalza/go-bustub/storage/buffer/circular_list.go:24.38,25.21 1 1
github.com/brunocalza/go-bustub/storage/buffer/circular_list.go:29.3,29.17 1 1
github.com/brunocalza/go-bustub/storage/buffer/circular_list.go:25.21,27.4 1 1
github.com/brunocalza/go-bustub/storage/buffer/circular_list.go:35.53,37.2 1 1
github.com/brunocalza/go-bustub/storage/buffer/circular_list.go:39.73,40.26 1 1
github.com/brunocalza/go-bustub/storage/buffer/circular_list.go:44.2,45.17 2 1
github.com/brunocalza/go-bustub/storage/buffer/circular_list.go:54.2,55.17 2 1
github.com/brunocalza/go-bustub/storage/buffer/circular_list.go:60.2,64.22 4 1
github.com/brunocalza/go-bustub/storage/buffer/circular_list.go:68.2,73.12 4 1
github.com/brunocalza/go-bustub/storage/buffer/circular_list.go:40.26,42.3 1 0
github.com/brunocalza/go-bustub/storage/buffer/circular_list.go:45.17,52.3 6 1
github.com/brunocalza/go-bustub/storage/buffer/circular_list.go:55.17,58.3 2 0
github.com/brunocalza/go-bustub/storage/buffer/circular_list.go:64.22,66.3 1 1
github.com/brunocalza/go-bustub/storage/buffer/circular_list.go:76.48,78.17 2 1
github.com/brunocalza/go-bustub/storage/buffer/circular_list.go:82.2,82.17 1 1
github.com/brunocalza/go-bustub/storage/buffer/circular_list.go:89.2,89.20 1 1
github.com/brunocalza/go-bustub/storage/buffer/circular_list.go:93.2,93.20 1 1
github.com/brunocalza/go-bustub/storage/buffer/circular_list.go:97.2,100.10 3 1
github.com/brunocalza/go-bustub/storage/buffer/circular_list.go:78.17,80.3 1 0
github.com/brunocalza/go-bustub/storage/buffer/circular_list.go:82.17,87.3 4 1
github.com/brunocalza/go-bustub/storage/buffer/circular_list.go:89.20,91.3 1 1
github.com/brunocalza/go-bustub/storage/buffer/circular_list.go:93.20,95.3 1 1
github.com/brunocalza/go-bustub/storage/buffer/circular_list.go:103.38,105.2 1 0
github.com/brunocalza/go-bustub/storage/buffer/circular_list.go:107.32,108.17 1 0
github.com/brunocalza/go-bustub/storage/buffer/circular_list.go:111.2,112.38 2 0
github.com/brunocalza/go-bustub/storage/buffer/circular_list.go:108.17,110.3 1 0
github.com/brunocalza/go-bustub/storage/buffer/circular_list.go:112.38,115.3 2 0
github.com/brunocalza/go-bustub/storage/buffer/circular_list.go:118.52,120.2 1 1
github.com/brunocalza/go-bustub/storage/buffer/clock_replacer.go:13.43,14.23 1 0
github.com/brunocalza/go-bustub/storage/buffer/clock_replacer.go:18.2,20.6 3 0
github.com/brunocalza/go-bustub/storage/buffer/clock_replacer.go:14.23,16.3 1 0
github.com/brunocalza/go-bustub/storage/buffer/clock_replacer.go:20.6,21.31 1 0
github.com/brunocalza/go-bustub/storage/buffer/clock_replacer.go:21.31,24.4 2 0
github.com/brunocalza/go-bustub/storage/buffer/clock_replacer.go:24.9,32.4 5 0
github.com/brunocalza/go-bustub/storage/buffer/clock_replacer.go:37.43,38.25 1 1
github.com/brunocalza/go-bustub/storage/buffer/clock_replacer.go:38.25,40.24 2 1
github.com/brunocalza/go-bustub/storage/buffer/clock_replacer.go:40.24,42.4 1 1
github.com/brunocalza/go-bustub/storage/buffer/clock_replacer.go:47.41,49.17 2 1
github.com/brunocalza/go-bustub/storage/buffer/clock_replacer.go:53.2,53.28 1 1
github.com/brunocalza/go-bustub/storage/buffer/clock_replacer.go:56.2,56.20 1 1
github.com/brunocalza/go-bustub/storage/buffer/clock_replacer.go:49.17,51.3 1 1
github.com/brunocalza/go-bustub/storage/buffer/clock_replacer.go:53.28,55.3 1 1
github.com/brunocalza/go-bustub/storage/buffer/clock_replacer.go:61.39,63.2 1 0
github.com/brunocalza/go-bustub/storage/buffer/clock_replacer.go:66.55,69.2 2 1
github.com/brunocalza/go-bustub/execution/executors/executor_context.go:14.99,16.2 1 0
github.com/brunocalza/go-bustub/execution/executors/executor_context.go:18.57,20.2 1 0
github.com/brunocalza/go-bustub/execution/executors/executor_context.go:22.76,24.2 1 0
github.com/brunocalza/go-bustub/execution/executors/seq_scan_executor.go:21.89,24.2 2 0
github.com/brunocalza/go-bustub/execution/executors/seq_scan_executor.go:26.34,28.2 1 0
github.com/brunocalza/go-bustub/execution/executors/seq_scan_executor.go:33.62,36.56 1 0
github.com/brunocalza/go-bustub/execution/executors/seq_scan_executor.go:43.2,43.17 1 0
github.com/brunocalza/go-bustub/execution/executors/seq_scan_executor.go:48.2,48.23 1 0
github.com/brunocalza/go-bustub/execution/executors/seq_scan_executor.go:36.56,37.42 1 0
github.com/brunocalza/go-bustub/execution/executors/seq_scan_executor.go:37.42,38.9 1 0
github.com/brunocalza/go-bustub/execution/executors/seq_scan_executor.go:43.17,46.3 2 0
github.com/brunocalza/go-bustub/execution/executors/seq_scan_executor.go:52.94,54.2 1 0
github.com/brunocalza/go-bustub/execution/executors/seq_scan_executor.go:58.69,62.61 3 0
github.com/brunocalza/go-bustub/execution/executors/seq_scan_executor.go:67.2,67.55 1 0
github.com/brunocalza/go-bustub/execution/executors/seq_scan_executor.go:62.61,65.3 2 0
github.com/brunocalza/go-bustub/types/column_value.go:14.36,16.2 1 1
github.com/brunocalza/go-bustub/types/column_value.go:18.35,20.2 1 0
github.com/brunocalza/go-bustub/types/column_value.go:22.48,23.21 1 0
github.com/brunocalza/go-bustub/types/column_value.go:27.2,27.14 1 0
github.com/brunocalza/go-bustub/types/column_value.go:24.15,25.38 1 0
github.com/brunocalza/go-bustub/types/column_value.go:30.51,31.21 1 0
github.com/brunocalza/go-bustub/types/column_value.go:35.2,35.14 1 0
github.com/brunocalza/go-bustub/types/column_value.go:32.15,33.38 1 0
github.com/brunocalza/go-bustub/types/column_value.go:38.35,39.21 1 1
github.com/brunocalza/go-bustub/types/column_value.go:45.2,45.17 1 0
github.com/brunocalza/go-bustub/types/column_value.go:40.15,43.21 3 1
github.com/brunocalza/go-bustub/types/column_value.go:48.68,49.19 1 1
github.com/brunocalza/go-bustub/types/column_value.go:56.2,56.12 1 1
github.com/brunocalza/go-bustub/types/column_value.go:50.15,54.18 4 1
github.com/brunocalza/go-bustub/types/column_value.go:59.33,61.2 1 0
github.com/brunocalza/go-bustub/types/column_value.go:63.34,65.2 1 1
github.com/brunocalza/go-bustub/catalog/catalog.go:18.57,20.2 1 0
github.com/brunocalza/go-bustub/catalog/catalog.go:34.63,35.36 1 0
github.com/brunocalza/go-bustub/catalog/catalog.go:38.2,38.12 1 0
github.com/brunocalza/go-bustub/catalog/catalog.go:35.36,37.3 1 0
github.com/brunocalza/go-bustub/catalog/catalog.go:41.60,42.36 1 0
github.com/brunocalza/go-bustub/catalog/catalog.go:45.2,45.12 1 0
github.com/brunocalza/go-bustub/catalog/catalog.go:42.36,44.3 1 0
github.com/brunocalza/go-bustub/catalog/catalog.go:49.81,61.2 7 0
github.com/brunocalza/go-bustub/catalog/table_metadata.go:15.48,17.2 1 0
github.com/brunocalza/go-bustub/catalog/table_metadata.go:19.38,21.2 1 0
github.com/brunocalza/go-bustub/catalog/table_metadata.go:23.51,25.2 1 0
github.com/brunocalza/go-bustub/execution/plans/seq_scan.go:14.103,16.2 1 0
github.com/brunocalza/go-bustub/execution/plans/seq_scan.go:18.65,20.2 1 0
github.com/brunocalza/go-bustub/execution/plans/seq_scan.go:22.48,24.2 1 0
github.com/brunocalza/go-bustub/execution/plans/seq_scan.go:26.46,28.2 1 0
github.com/brunocalza/go-bustub/execution/executors/limit_executor.go:17.101,19.2 1 0
github.com/brunocalza/go-bustub/execution/executors/limit_executor.go:21.32,23.2 1 0
github.com/brunocalza/go-bustub/execution/executors/limit_executor.go:25.60,27.16 2 0
github.com/brunocalza/go-bustub/execution/executors/limit_executor.go:31.2,31.36 1 0
github.com/brunocalza/go-bustub/execution/executors/limit_executor.go:36.2,37.35 2 0
github.com/brunocalza/go-bustub/execution/executors/limit_executor.go:41.2,41.26 1 0
github.com/brunocalza/go-bustub/execution/executors/limit_executor.go:27.16,29.3 1 0
github.com/brunocalza/go-bustub/execution/executors/limit_executor.go:31.36,34.3 2 0
github.com/brunocalza/go-bustub/execution/executors/limit_executor.go:37.35,39.3 1 0
github.com/brunocalza/go-bustub/container/hash/linear_probe_hash_table_iterator.go:20.135,27.2 4 0
github.com/brunocalza/go-bustub/container/hash/linear_probe_hash_table_iterator.go:29.38,32.39 2 0
github.com/brunocalza/go-bustub/container/hash/linear_probe_hash_table_iterator.go:32.39,37.47 3 0
github.com/brunocalza/go-bustub/container/hash/linear_probe_hash_table_iterator.go:41.3,45.72 4 0
github.com/brunocalza/go-bustub/container/hash/linear_probe_hash_table_iterator.go:37.47,39.4 1 0
github.com/brunocalza/go-bustub/types/uint32.go:11.37,15.2 3 1
github.com/brunocalza/go-bustub/types/uint32.go:18.51,21.2 2 1
github.com/brunocalza/go-bustub/storage/disk/disk_manager_impl.go:23.56,25.16 2 1
github.com/brunocalza/go-bustub/storage/disk/disk_manager_impl.go:30.2,31.16 2 1
github.com/brunocalza/go-bustub/storage/disk/disk_manager_impl.go:36.2,40.16 4 1
github.com/brunocalza/go-bustub/storage/disk/disk_manager_impl.go:44.2,44.68 1 1
github.com/brunocalza/go-bustub/storage/disk/disk_manager_impl.go:25.16,28.3 2 0
github.com/brunocalza/go-bustub/storage/disk/disk_manager_impl.go:31.16,34.3 2 0
github.com/brunocalza/go-bustub/storage/disk/disk_manager_impl.go:40.16,42.3 1 0
github.com/brunocalza/go-bustub/storage/disk/disk_manager_impl.go:48.38,50.2 1 1
github.com/brunocalza/go-bustub/storage/disk/disk_manager_impl.go:53.81,57.16 4 1
github.com/brunocalza/go-bustub/storage/disk/disk_manager_impl.go:61.2,61.35 1 1
github.com/brunocalza/go-bustub/storage/disk/disk_manager_impl.go:65.2,65.22 1 1
github.com/brunocalza/go-bustub/storage/disk/disk_manager_impl.go:69.2,70.12 2 1
github.com/brunocalza/go-bustub/storage/disk/disk_manager_impl.go:57.16,59.3 1 0
github.com/brunocalza/go-bustub/storage/disk/disk_manager_impl.go:61.35,63.3 1 0
github.com/brunocalza/go-bustub/storage/disk/disk_manager_impl.go:65.22,67.3 1 1
github.com/brunocalza/go-bustub/storage/disk/disk_manager_impl.go:74.80,78.16 3 0
github.com/brunocalza/go-bustub/storage/disk/disk_manager_impl.go:82.2,82.30 1 0
github.com/brunocalza/go-bustub/storage/disk/disk_manager_impl.go:86.2,89.16 3 0
github.com/brunocalza/go-bustub/storage/disk/disk_manager_impl.go:93.2,93.31 1 0
github.com/brunocalza/go-bustub/storage/disk/disk_manager_impl.go:98.2,98.12 1 0
github.com/brunocalza/go-bustub/storage/disk/disk_manager_impl.go:78.16,80.3 1 0
github.com/brunocalza/go-bustub/storage/disk/disk_manager_impl.go:82.30,84.3 1 0
github.com/brunocalza/go-bustub/storage/disk/disk_manager_impl.go:89.16,91.3 1 0
github.com/brunocalza/go-bustub/storage/disk/disk_manager_impl.go:93.31,94.38 1 0
github.com/brunocalza/go-bustub/storage/disk/disk_manager_impl.go:94.38,96.4 1 0
github.com/brunocalza/go-bustub/storage/disk/disk_manager_impl.go:103.55,107.2 3 1
github.com/brunocalza/go-bustub/storage/disk/disk_manager_impl.go:112.64,113.2 0 0
github.com/brunocalza/go-bustub/storage/disk/disk_manager_impl.go:116.49,118.2 1 0
github.com/brunocalza/go-bustub/storage/disk/disk_manager_impl.go:121.40,123.2 1 1
github.com/brunocalza/go-bustub/errors/type.go:5.31,5.51 1 0
github.com/brunocalza/go-bustub/storage/table/schema.go:10.43,16.36 5 1
github.com/brunocalza/go-bustub/storage/table/schema.go:29.2,30.15 2 1
github.com/brunocalza/go-bustub/storage/table/schema.go:16.36,19.26 2 1
github.com/brunocalza/go-bustub/storage/table/schema.go:24.3,27.50 3 1
github.com/brunocalza/go-bustub/storage/table/schema.go:19.26,22.4 2 0
github.com/brunocalza/go-bustub/storage/table/schema.go:33.53,35.2 1 1
github.com/brunocalza/go-bustub/storage/table/schema.go:37.42,39.2 1 1
github.com/brunocalza/go-bustub/storage/table/schema.go:41.34,43.2 1 1
github.com/brunocalza/go-bustub/storage/table/schema.go:45.56,46.50 1 0
github.com/brunocalza/go-bustub/storage/table/schema.go:52.2,52.27 1 0
github.com/brunocalza/go-bustub/storage/table/schema.go:46.50,47.44 1 0
github.com/brunocalza/go-bustub/storage/table/schema.go:47.44,49.4 1 0
github.com/brunocalza/go-bustub/storage/table/schema.go:55.41,57.2 1 0
github.com/brunocalza/go-bustub/execution/expression/constant_value.go:12.53,14.2 1 0
github.com/brunocalza/go-bustub/execution/expression/constant_value.go:16.88,18.2 1 0
github.com/brunocalza/go-bustub/storage/table/tuple.go:15.70,25.55 5 1
github.com/brunocalza/go-bustub/storage/table/tuple.go:29.2,29.14 1 1
github.com/brunocalza/go-bustub/storage/table/tuple.go:25.55,27.3 1 1
github.com/brunocalza/go-bustub/storage/table/tuple.go:32.71,35.18 3 1
github.com/brunocalza/go-bustub/storage/table/tuple.go:38.2,38.15 1 1
github.com/brunocalza/go-bustub/storage/table/tuple.go:35.18,36.15 1 0
github.com/brunocalza/go-bustub/storage/table/tuple.go:41.31,43.2 1 1
github.com/brunocalza/go-bustub/storage/table/tuple.go:45.31,47.2 1 0
github.com/brunocalza/go-bustub/storage/table/tuple.go:49.36,51.2 1 1
github.com/brunocalza/go-bustub/storage/table/tuple.go:53.50,55.2 1 1
github.com/brunocalza/go-bustub/catalog/table_metadata.go:15.48,17.2 1 1
github.com/brunocalza/go-bustub/catalog/table_metadata.go:19.38,21.2 1 1
github.com/brunocalza/go-bustub/catalog/table_metadata.go:23.51,25.2 1 1
github.com/brunocalza/go-bustub/storage/disk/testing.go:15.39,18.16 2 1
github.com/brunocalza/go-bustub/storage/disk/testing.go:21.2,26.44 5 1
github.com/brunocalza/go-bustub/storage/disk/testing.go:18.16,19.13 1 0
github.com/brunocalza/go-bustub/storage/disk/testing.go:30.38,33.2 2 1
github.com/brunocalza/go-bustub/storage/buffer/circular_list.go:22.52,24.38 2 1
github.com/brunocalza/go-bustub/storage/buffer/circular_list.go:32.2,32.12 1 1
github.com/brunocalza/go-bustub/storage/buffer/circular_list.go:24.38,25.21 1 1
github.com/brunocalza/go-bustub/storage/buffer/circular_list.go:29.3,29.17 1 0
github.com/brunocalza/go-bustub/storage/buffer/circular_list.go:25.21,27.4 1 1
github.com/brunocalza/go-bustub/storage/buffer/circular_list.go:35.53,37.2 1 1
github.com/brunocalza/go-bustub/storage/buffer/circular_list.go:39.73,40.26 1 1
github.com/brunocalza/go-bustub/storage/buffer/circular_list.go:44.2,45.17 2 1
github.com/brunocalza/go-bustub/storage/buffer/circular_list.go:54.2,55.17 2 0
github.com/brunocalza/go-bustub/storage/buffer/circular_list.go:60.2,64.22 4 0
github.com/brunocalza/go-bustub/storage/buffer/circular_list.go:68.2,73.12 4 0
github.com/brunocalza/go-bustub/storage/buffer/circular_list.go:40.26,42.3 1 0
github.com/brunocalza/go-bustub/storage/buffer/circular_list.go:45.17,52.3 6 1
github.com/brunocalza/go-bustub/storage/buffer/circular_list.go:55.17,58.3 2 0
github.com/brunocalza/go-bustub/storage/buffer/circular_list.go:64.22,66.3 1 0
github.com/brunocalza/go-bustub/storage/buffer/circular_list.go:76.48,78.17 2 1
github.com/brunocalza/go-bustub/storage/buffer/circular_list.go:82.2,82.17 1 1
github.com/brunocalza/go-bustub/storage/buffer/circular_list.go:89.2,89.20 1 0
github.com/brunocalza/go-bustub/storage/buffer/circular_list.go:93.2,93.20 1 0
github.com/brunocalza/go-bustub/storage/buffer/circular_list.go:97.2,100.10 3 0
github.com/brunocalza/go-bustub/storage/buffer/circular_list.go:78.17,80.3 1 0
github.com/brunocalza/go-bustub/storage/buffer/circular_list.go:82.17,87.3 4 1
github.com/brunocalza/go-bustub/storage/buffer/circular_list.go:89.20,91.3 1 0
github.com/brunocalza/go-bustub/storage/buffer/circular_list.go:93.20,95.3 1 0
github.com/brunocalza/go-bustub/storage/buffer/circular_list.go:103.38,105.2 1 0
github.com/brunocalza/go-bustub/storage/buffer/circular_list.go:107.32,108.17 1 0
github.com/brunocalza/go-bustub/storage/buffer/circular_list.go:111.2,112.38 2 0
github.com/brunocalza/go-bustub/storage/buffer/circular_list.go:108.17,110.3 1 0
github.com/brunocalza/go-bustub/storage/buffer/circular_list.go:112.38,115.3 2 0
github.com/brunocalza/go-bustub/storage/buffer/circular_list.go:118.52,120.2 1 1
github.com/brunocalza/go-bustub/execution/executors/insert_executor.go:16.87,19.2 2 1
github.com/brunocalza/go-bustub/execution/executors/insert_executor.go:21.34,23.2 0 1
github.com/brunocalza/go-bustub/execution/executors/insert_executor.go:28.61,31.47 1 1
github.com/brunocalza/go-bustub/execution/executors/insert_executor.go:39.2,39.23 1 1
github.com/brunocalza/go-bustub/execution/executors/insert_executor.go:31.47,34.17 3 1
github.com/brunocalza/go-bustub/execution/executors/insert_executor.go:34.17,36.4 1 0
github.com/brunocalza/go-bustub/execution/executors/limit_executor.go:17.101,19.2 1 1
github.com/brunocalza/go-bustub/execution/executors/limit_executor.go:21.32,23.2 1 1
github.com/brunocalza/go-bustub/execution/executors/limit_executor.go:25.60,27.16 2 1
github.com/brunocalza/go-bustub/execution/executors/limit_executor.go:31.2,31.36 1 1
github.com/brunocalza/go-bustub/execution/executors/limit_executor.go:36.2,37.35 2 1
github.com/brunocalza/go-bustub/execution/executors/limit_executor.go:41.2,41.26 1 1
github.com/brunocalza/go-bustub/execution/executors/limit_executor.go:27.16,29.3 1 0
github.com/brunocalza/go-bustub/execution/executors/limit_executor.go:31.36,34.3 2 1
github.com/brunocalza/go-bustub/execution/executors/limit_executor.go:37.35,39.3 1 1
github.com/brunocalza/go-bustub/types/column_value.go:14.36,16.2 1 1
github.com/brunocalza/go-bustub/types/column_value.go:18.35,20.2 1 1
github.com/brunocalza/go-bustub/types/column_value.go:22.48,23.21 1 1
github.com/brunocalza/go-bustub/types/column_value.go:27.2,27.14 1 0
github.com/brunocalza/go-bustub/types/column_value.go:24.15,25.38 1 1
github.com/brunocalza/go-bustub/types/column_value.go:30.51,31.21 1 1
github.com/brunocalza/go-bustub/types/column_value.go:35.2,35.14 1 0
github.com/brunocalza/go-bustub/types/column_value.go:32.15,33.38 1 1
github.com/brunocalza/go-bustub/types/column_value.go:38.35,39.21 1 1
github.com/brunocalza/go-bustub/types/column_value.go:45.2,45.17 1 0
github.com/brunocalza/go-bustub/types/column_value.go:40.15,43.21 3 1
github.com/brunocalza/go-bustub/types/column_value.go:48.68,49.19 1 1
github.com/brunocalza/go-bustub/types/column_value.go:56.2,56.12 1 1
github.com/brunocalza/go-bustub/types/column_value.go:50.15,54.18 4 1
github.com/brunocalza/go-bustub/types/column_value.go:59.33,61.2 1 1
github.com/brunocalza/go-bustub/types/column_value.go:63.34,65.2 1 1
github.com/brunocalza/go-bustub/execution/executors/execution_engine.go:17.93,22.6 4 1
github.com/brunocalza/go-bustub/execution/executors/execution_engine.go:33.2,33.15 1 1
github.com/brunocalza/go-bustub/execution/executors/execution_engine.go:22.6,24.25 2 1
github.com/brunocalza/go-bustub/execution/executors/execution_engine.go:28.3,28.19 1 1
github.com/brunocalza/go-bustub/execution/executors/execution_engine.go:24.25,25.9 1 1
github.com/brunocalza/go-bustub/execution/executors/execution_engine.go:28.19,30.4 1 1
github.com/brunocalza/go-bustub/execution/executors/execution_engine.go:36.94,37.26 1 1
github.com/brunocalza/go-bustub/execution/executors/execution_engine.go:45.2,45.12 1 0
github.com/brunocalza/go-bustub/execution/executors/execution_engine.go:38.29,39.39 1 1
github.com/brunocalza/go-bustub/execution/executors/execution_engine.go:40.30,41.40 1 1
github.com/brunocalza/go-bustub/execution/executors/execution_engine.go:42.28,43.85 1 1
github.com/brunocalza/go-bustub/storage/disk/disk_manager_impl.go:23.56,25.16 2 1
github.com/brunocalza/go-bustub/storage/disk/disk_manager_impl.go:30.2,31.16 2 1
github.com/brunocalza/go-bustub/storage/disk/disk_manager_impl.go:36.2,40.16 4 1
github.com/brunocalza/go-bustub/storage/disk/disk_manager_impl.go:44.2,44.68 1 1
github.com/brunocalza/go-bustub/storage/disk/disk_manager_impl.go:25.16,28.3 2 0
github.com/brunocalza/go-bustub/storage/disk/disk_manager_impl.go:31.16,34.3 2 0
github.com/brunocalza/go-bustub/storage/disk/disk_manager_impl.go:40.16,42.3 1 0
github.com/brunocalza/go-bustub/storage/disk/disk_manager_impl.go:48.38,50.2 1 1
github.com/brunocalza/go-bustub/storage/disk/disk_manager_impl.go:53.81,57.16 4 1
github.com/brunocalza/go-bustub/storage/disk/disk_manager_impl.go:61.2,61.35 1 1
github.com/brunocalza/go-bustub/storage/disk/disk_manager_impl.go:65.2,65.22 1 1
github.com/brunocalza/go-bustub/storage/disk/disk_manager_impl.go:69.2,70.12 2 1
github.com/brunocalza/go-bustub/storage/disk/disk_manager_impl.go:57.16,59.3 1 0
github.com/brunocalza/go-bustub/storage/disk/disk_manager_impl.go:61.35,63.3 1 0
github.com/brunocalza/go-bustub/storage/disk/disk_manager_impl.go:65.22,67.3 1 1
github.com/brunocalza/go-bustub/storage/disk/disk_manager_impl.go:74.80,78.16 3 0
github.com/brunocalza/go-bustub/storage/disk/disk_manager_impl.go:82.2,82.30 1 0
github.com/brunocalza/go-bustub/storage/disk/disk_manager_impl.go:86.2,89.16 3 0
github.com/brunocalza/go-bustub/storage/disk/disk_manager_impl.go:93.2,93.31 1 0
github.com/brunocalza/go-bustub/storage/disk/disk_manager_impl.go:98.2,98.12 1 0
github.com/brunocalza/go-bustub/storage/disk/disk_manager_impl.go:78.16,80.3 1 0
github.com/brunocalza/go-bustub/storage/disk/disk_manager_impl.go:82.30,84.3 1 0
github.com/brunocalza/go-bustub/storage/disk/disk_manager_impl.go:89.16,91.3 1 0
github.com/brunocalza/go-bustub/storage/disk/disk_manager_impl.go:93.31,94.38 1 0
github.com/brunocalza/go-bustub/storage/disk/disk_manager_impl.go:94.38,96.4 1 0
github.com/brunocalza/go-bustub/storage/disk/disk_manager_impl.go:103.55,107.2 3 1
github.com/brunocalza/go-bustub/storage/disk/disk_manager_impl.go:112.64,113.2 0 0
github.com/brunocalza/go-bustub/storage/disk/disk_manager_impl.go:116.49,118.2 1 0
github.com/brunocalza/go-bustub/storage/disk/disk_manager_impl.go:121.40,123.2 1 0
github.com/brunocalza/go-bustub/storage/buffer/clock_replacer.go:13.43,14.23 1 0
github.com/brunocalza/go-bustub/storage/buffer/clock_replacer.go:18.2,20.6 3 0
github.com/brunocalza/go-bustub/storage/buffer/clock_replacer.go:14.23,16.3 1 0
github.com/brunocalza/go-bustub/storage/buffer/clock_replacer.go:20.6,21.31 1 0
github.com/brunocalza/go-bustub/storage/buffer/clock_replacer.go:21.31,24.4 2 0
github.com/brunocalza/go-bustub/storage/buffer/clock_replacer.go:24.9,32.4 5 0
github.com/brunocalza/go-bustub/storage/buffer/clock_replacer.go:37.43,38.25 1 1
github.com/brunocalza/go-bustub/storage/buffer/clock_replacer.go:38.25,40.24 2 1
github.com/brunocalza/go-bustub/storage/buffer/clock_replacer.go:40.24,42.4 1 1
github.com/brunocalza/go-bustub/storage/buffer/clock_replacer.go:47.41,49.17 2 1
github.com/brunocalza/go-bustub/storage/buffer/clock_replacer.go:53.2,53.28 1 1
github.com/brunocalza/go-bustub/storage/buffer/clock_replacer.go:56.2,56.20 1 1
github.com/brunocalza/go-bustub/storage/buffer/clock_replacer.go:49.17,51.3 1 1
github.com/brunocalza/go-bustub/storage/buffer/clock_replacer.go:53.28,55.3 1 1
github.com/brunocalza/go-bustub/storage/buffer/clock_replacer.go:61.39,63.2 1 0
github.com/brunocalza/go-bustub/storage/buffer/clock_replacer.go:66.55,69.2 2 1
github.com/brunocalza/go-bustub/execution/plans/seq_scan.go:14.103,16.2 1 1
github.com/brunocalza/go-bustub/execution/plans/seq_scan.go:18.65,20.2 1 1
github.com/brunocalza/go-bustub/execution/plans/seq_scan.go:22.48,24.2 1 1
github.com/brunocalza/go-bustub/execution/plans/seq_scan.go:26.46,28.2 1 0
github.com/brunocalza/go-bustub/container/hash/linear_probe_hash_table.go:19.88,27.34 6 0
github.com/brunocalza/go-bustub/container/hash/linear_probe_hash_table.go:32.2,34.48 2 0
github.com/brunocalza/go-bustub/container/hash/linear_probe_hash_table.go:27.34,31.3 3 0
github.com/brunocalza/go-bustub/container/hash/linear_probe_hash_table.go:37.57,51.35 10 0
github.com/brunocalza/go-bustub/container/hash/linear_probe_hash_table.go:63.2,66.15 3 0
github.com/brunocalza/go-bustub/container/hash/linear_probe_hash_table.go:51.35,52.69 1 0
github.com/brunocalza/go-bustub/container/hash/linear_probe_hash_table.go:56.3,58.70 3 0
github.com/brunocalza/go-bustub/container/hash/linear_probe_hash_table.go:52.69,54.4 1 0
github.com/brunocalza/go-bustub/container/hash/linear_probe_hash_table.go:58.70,59.9 1 0
github.com/brunocalza/go-bustub/container/hash/linear_probe_hash_table.go:69.72,82.6 9 0
github.com/brunocalza/go-bustub/container/hash/linear_probe_hash_table.go:101.2,104.8 3 0
github.com/brunocalza/go-bustub/container/hash/linear_probe_hash_table.go:82.6,83.73 1 0
github.com/brunocalza/go-bustub/container/hash/linear_probe_hash_table.go:88.3,88.36 1 0
github.com/brunocalza/go-bustub/container/hash/linear_probe_hash_table.go:93.3,96.70 3 0
github.com/brunocalza/go-bustub/container/hash/linear_probe_hash_table.go:83.73,85.9 2 0
github.com/brunocalza/go-bustub/container/hash/linear_probe_hash_table.go:88.36,91.9 3 0
github.com/brunocalza/go-bustub/container/hash/linear_probe_hash_table.go:96.70,97.9 1 0
github.com/brunocalza/go-bustub/container/hash/linear_probe_hash_table.go:107.60,120.35 9 0
github.com/brunocalza/go-bustub/container/hash/linear_probe_hash_table.go:132.2,133.42 2 0
github.com/brunocalza/go-bustub/container/hash/linear_probe_hash_table.go:120.35,121.107 1 0
github.com/brunocalza/go-bustub/container/hash/linear_probe_hash_table.go:125.3,127.70 3 0
github.com/brunocalza/go-bustub/container/hash/linear_probe_hash_table.go:121.107,123.4 1 0
github.com/brunocalza/go-bustub/container/hash/linear_probe_hash_table.go:127.70,128.9 1 0
github.com/brunocalza/go-bustub/container/hash/linear_probe_hash_table.go:136.51,146.2 6 0
github.com/brunocalza/go-bustub/execution/executors/seq_scan_executor.go:21.89,24.2 2 1
github.com/brunocalza/go-bustub/execution/executors/seq_scan_executor.go:26.34,28.2 1 1
github.com/brunocalza/go-bustub/execution/executors/seq_scan_executor.go:33.62,36.56 1 1
github.com/brunocalza/go-bustub/execution/executors/seq_scan_executor.go:43.2,43.17 1 1
github.com/brunocalza/go-bustub/execution/executors/seq_scan_executor.go:48.2,48.23 1 1
github.com/brunocalza/go-bustub/execution/executors/seq_scan_executor.go:36.56,37.42 1 1
github.com/brunocalza/go-bustub/execution/executors/seq_scan_executor.go:37.42,38.9 1 1
github.com/brunocalza/go-bustub/execution/executors/seq_scan_executor.go:43.17,46.3 2 1
github.com/brunocalza/go-bustub/execution/executors/seq_scan_executor.go:52.94,54.2 1 1
github.com/brunocalza/go-bustub/execution/executors/seq_scan_executor.go:58.69,62.61 3 1
github.com/brunocalza/go-bustub/execution/executors/seq_scan_executor.go:67.2,67.55 1 1
github.com/brunocalza/go-bustub/execution/executors/seq_scan_executor.go:62.61,65.3 2 1
github.com/brunocalza/go-bustub/storage/buffer/buffer_pool_manager.go:21.71,23.44 1 1
github.com/brunocalza/go-bustub/storage/buffer/buffer_pool_manager.go:31.2,32.20 2 0
github.com/brunocalza/go-bustub/storage/buffer/buffer_pool_manager.go:36.2,36.21 1 0
github.com/brunocalza/go-bustub/storage/buffer/buffer_pool_manager.go:49.2,51.16 3 0
github.com/brunocalza/go-bustub/storage/buffer/buffer_pool_manager.go:54.2,60.11 6 0
github.com/brunocalza/go-bustub/storage/buffer/buffer_pool_manager.go:23.44,28.3 4 1
github.com/brunocalza/go-bustub/storage/buffer/buffer_pool_manager.go:32.20,34.3 1 0
github.com/brunocalza/go-bustub/storage/buffer/buffer_pool_manager.go:36.21,39.25 2 0
github.com/brunocalza/go-bustub/storage/buffer/buffer_pool_manager.go:39.25,40.29 1 0
github.com/brunocalza/go-bustub/storage/buffer/buffer_pool_manager.go:45.4,45.41 1 0
github.com/brunocalza/go-bustub/storage/buffer/buffer_pool_manager.go:40.29,43.5 2 0
github.com/brunocalza/go-bustub/storage/buffer/buffer_pool_manager.go:51.16,53.3 1 0
github.com/brunocalza/go-bustub/storage/buffer/buffer_pool_manager.go:64.80,65.44 1 1
github.com/brunocalza/go-bustub/storage/buffer/buffer_pool_manager.go:82.2,82.42 1 0
github.com/brunocalza/go-bustub/storage/buffer/buffer_pool_manager.go:65.44,69.25 3 1
github.com/brunocalza/go-bustub/storage/buffer/buffer_pool_manager.go:73.3,73.30 1 1
github.com/brunocalza/go-bustub/storage/buffer/buffer_pool_manager.go:79.3,79.13 1 1
github.com/brunocalza/go-bustub/storage/buffer/buffer_pool_manager.go:69.25,71.4 1 1
github.com/brunocalza/go-bustub/storage/buffer/buffer_pool_manager.go:73.30,75.4 1 1
github.com/brunocalza/go-bustub/storage/buffer/buffer_pool_manager.go:75.9,77.4 1 1
github.com/brunocalza/go-bustub/storage/buffer/buffer_pool_manager.go:86.65,87.44 1 1
github.com/brunocalza/go-bustub/storage/buffer/buffer_pool_manager.go:98.2,98.14 1 0
github.com/brunocalza/go-bustub/storage/buffer/buffer_pool_manager.go:87.44,96.3 6 1
github.com/brunocalza/go-bustub/storage/buffer/buffer_pool_manager.go:102.50,104.20 2 1
github.com/brunocalza/go-bustub/storage/buffer/buffer_pool_manager.go:108.2,108.21 1 1
github.com/brunocalza/go-bustub/storage/buffer/buffer_pool_manager.go:122.2,128.11 5 1
github.com/brunocalza/go-bustub/storage/buffer/buffer_pool_manager.go:104.20,106.3 1 0
github.com/brunocalza/go-bustub/storage/buffer/buffer_pool_manager.go:108.21,111.25 2 0
github.com/brunocalza/go-bustub/storage/buffer/buffer_pool_manager.go:111.25,112.29 1 0
github.com/brunocalza/go-bustub/storage/buffer/buffer_pool_manager.go:117.4,117.41 1 0
github.com/brunocalza/go-bustub/storage/buffer/buffer_pool_manager.go:112.29,115.5 2 0
github.com/brunocalza/go-bustub/storage/buffer/buffer_pool_manager.go:132.67,135.44 3 0
github.com/brunocalza/go-bustub/storage/buffer/buffer_pool_manager.go:139.2,141.25 2 0
github.com/brunocalza/go-bustub/storage/buffer/buffer_pool_manager.go:144.2,150.12 5 0
github.com/brunocalza/go-bustub/storage/buffer/buffer_pool_manager.go:135.44,137.3 1 0
github.com/brunocalza/go-bustub/storage/buffer/buffer_pool_manager.go:141.25,143.3 1 0
github.com/brunocalza/go-bustub/storage/buffer/buffer_pool_manager.go:155.45,156.34 1 1
github.com/brunocalza/go-bustub/storage/buffer/buffer_pool_manager.go:156.34,158.3 1 1
github.com/brunocalza/go-bustub/storage/buffer/buffer_pool_manager.go:161.59,162.25 1 1
github.com/brunocalza/go-bustub/storage/buffer/buffer_pool_manager.go:169.2,169.38 1 0
github.com/brunocalza/go-bustub/storage/buffer/buffer_pool_manager.go:162.25,167.3 3 1
github.com/brunocalza/go-bustub/storage/buffer/buffer_pool_manager.go:173.93,176.40 3 1
github.com/brunocalza/go-bustub/storage/buffer/buffer_pool_manager.go:181.2,182.99 2 1
github.com/brunocalza/go-bustub/storage/buffer/buffer_pool_manager.go:176.40,179.3 2 1
github.com/brunocalza/go-bustub/catalog/catalog.go:18.57,20.2 1 1
github.com/brunocalza/go-bustub/catalog/catalog.go:34.63,35.36 1 0
github.com/brunocalza/go-bustub/catalog/catalog.go:38.2,38.12 1 0
github.com/brunocalza/go-bustub/catalog/catalog.go:35.36,37.3 1 0
github.com/brunocalza/go-bustub/catalog/catalog.go:41.60,42.36 1 1
github.com/brunocalza/go-bustub/catalog/catalog.go:45.2,45.12 1 0
github.com/brunocalza/go-bustub/catalog/catalog.go:42.36,44.3 1 1
github.com/brunocalza/go-bustub/catalog/catalog.go:49.81,61.2 7 1
github.com/brunocalza/go-bustub/storage/table/column.go:15.62,17.2 1 1
github.com/brunocalza/go-bustub/storage/table/column.go:19.35,21.2 1 1
github.com/brunocalza/go-bustub/storage/table/column.go:23.41,25.2 1 1
github.com/brunocalza/go-bustub/storage/table/column.go:27.37,29.2 1 1
github.com/brunocalza/go-bustub/storage/table/column.go:31.41,33.2 1 1
github.com/brunocalza/go-bustub/storage/table/schema.go:10.43,16.36 5 1
github.com/brunocalza/go-bustub/storage/table/schema.go:29.2,30.15 2 1
github.com/brunocalza/go-bustub/storage/table/schema.go:16.36,19.26 2 1
github.com/brunocalza/go-bustub/storage/table/schema.go:24.3,27.50 3 1
github.com/brunocalza/go-bustub/storage/table/schema.go:19.26,22.4 2 0
github.com/brunocalza/go-bustub/storage/table/schema.go:33.53,35.2 1 1
github.com/brunocalza/go-bustub/storage/table/schema.go:37.42,39.2 1 1
github.com/brunocalza/go-bustub/storage/table/schema.go:41.34,43.2 1 1
github.com/brunocalza/go-bustub/storage/table/schema.go:45.56,46.50 1 1
github.com/brunocalza/go-bustub/storage/table/schema.go:52.2,52.27 1 0
github.com/brunocalza/go-bustub/storage/table/schema.go:46.50,47.44 1 1
github.com/brunocalza/go-bustub/storage/table/schema.go:47.44,49.4 1 1
github.com/brunocalza/go-bustub/storage/table/schema.go:55.41,57.2 1 1
github.com/brunocalza/go-bustub/storage/access/table_heap_iterator.go:18.68,20.2 1 1
github.com/brunocalza/go-bustub/storage/access/table_heap_iterator.go:23.53,25.2 1 1
github.com/brunocalza/go-bustub/storage/access/table_heap_iterator.go:28.41,30.2 1 1
github.com/brunocalza/go-bustub/storage/access/table_heap_iterator.go:35.50,40.25 4 1
github.com/brunocalza/go-bustub/storage/access/table_heap_iterator.go:52.2,52.63 1 1
github.com/brunocalza/go-bustub/storage/access/table_heap_iterator.go:58.2,59.17 2 1
github.com/brunocalza/go-bustub/storage/access/table_heap_iterator.go:40.25,41.45 1 1
github.com/brunocalza/go-bustub/storage/access/table_heap_iterator.go:41.45,46.27 5 0
github.com/brunocalza/go-bustub/storage/access/table_heap_iterator.go:46.27,47.10 1 0
github.com/brunocalza/go-bustub/storage/access/table_heap_iterator.go:52.63,54.3 1 1
github.com/brunocalza/go-bustub/storage/access/table_heap_iterator.go:54.8,56.3 1 1
github.com/brunocalza/go-bustub/execution/plans/limit.go:9.69,11.2 1 1
github.com/brunocalza/go-bustub/execution/plans/limit.go:13.43,15.2 1 1
github.com/brunocalza/go-bustub/execution/plans/limit.go:17.44,19.2 1 1
github.com/brunocalza/go-bustub/execution/plans/limit.go:21.44,23.2 1 0
github.com/brunocalza/go-bustub/testing/assert.go:12.74,13.16 1 1
github.com/brunocalza/go-bustub/testing/assert.go:13.16,17.3 3 0
github.com/brunocalza/go-bustub/testing/assert.go:21.35,22.16 1 0
github.com/brunocalza/go-bustub/testing/assert.go:22.16,26.3 3 0
github.com/brunocalza/go-bustub/testing/assert.go:30.36,31.16 1 0
github.com/brunocalza/go-bustub/testing/assert.go:31.16,35.3 3 0
github.com/brunocalza/go-bustub/testing/assert.go:39.50,40.34 1 1
github.com/brunocalza/go-bustub/testing/assert.go:40.34,44.3 3 0
github.com/brunocalza/go-bustub/types/page_id.go:15.33,17.2 1 1
github.com/brunocalza/go-bustub/types/page_id.go:20.37,24.2 3 1
github.com/brunocalza/go-bustub/types/page_id.go:27.51,30.2 2 1
github.com/brunocalza/go-bustub/storage/page/page.go:17.30,19.2 1 1
github.com/brunocalza/go-bustub/storage/page/page.go:22.30,23.20 1 1
github.com/brunocalza/go-bustub/storage/page/page.go:23.20,25.3 1 1
github.com/brunocalza/go-bustub/storage/page/page.go:29.34,31.2 1 1
github.com/brunocalza/go-bustub/storage/page/page.go:34.34,36.2 1 1
github.com/brunocalza/go-bustub/storage/page/page.go:39.39,41.2 1 1
github.com/brunocalza/go-bustub/storage/page/page.go:44.41,46.2 1 1
github.com/brunocalza/go-bustub/storage/page/page.go:49.31,51.2 1 1
github.com/brunocalza/go-bustub/storage/page/page.go:54.49,56.2 1 1
github.com/brunocalza/go-bustub/storage/page/page.go:59.69,61.2 1 0
github.com/brunocalza/go-bustub/storage/page/page.go:64.38,66.2 1 1
github.com/brunocalza/go-bustub/storage/page/hash_table_header_page.go:20.73,22.2 1 0
github.com/brunocalza/go-bustub/storage/page/hash_table_header_page.go:24.59,26.2 1 0
github.com/brunocalza/go-bustub/storage/page/hash_table_header_page.go:28.65,30.2 1 0
github.com/brunocalza/go-bustub/storage/page/hash_table_header_page.go:32.47,34.2 1 0
github.com/brunocalza/go-bustub/storage/page/hash_table_header_page.go:36.50,38.2 1 0
github.com/brunocalza/go-bustub/storage/page/hash_table_header_page.go:40.70,43.2 2 0
github.com/brunocalza/go-bustub/storage/page/hash_table_header_page.go:45.50,47.2 1 0
github.com/brunocalza/go-bustub/storage/page/hash_table_header_page.go:49.52,51.2 1 0
github.com/brunocalza/go-bustub/storage/page/hash_table_header_page.go:53.48,55.2 1 0
github.com/brunocalza/go-bustub/storage/page/rid.go:12.53,15.2 2 1
github.com/brunocalza/go-bustub/storage/page/rid.go:18.40,20.2 1 1
github.com/brunocalza/go-bustub/storage/page/rid.go:23.32,25.2 1 1
github.com/brunocalza/go-bustub/errors/type.go:5.31,5.51 1 0
github.com/brunocalza/go-bustub/storage/access/table_heap.go:18.61,24.2 5 1
github.com/brunocalza/go-bustub/storage/access/table_heap.go:32.80,35.6 2 1
github.com/brunocalza/go-bustub/storage/access/table_heap.go:55.2,56.17 2 1
github.com/brunocalza/go-bustub/storage/access/table_heap.go:35.6,37.47 2 1
github.com/brunocalza/go-bustub/storage/access/table_heap.go:41.3,42.27 2 0
github.com/brunocalza/go-bustub/storage/access/table_heap.go:37.47,38.9 1 1
github.com/brunocalza/go-bustub/storage/access/table_heap.go:42.27,45.4 2 0
github.com/brunocalza/go-bustub/storage/access/table_heap.go:45.9,52.4 6 0
github.com/brunocalza/go-bustub/storage/access/table_heap.go:60.58,64.2 3 1
github.com/brunocalza/go-bustub/storage/access/table_heap.go:67.50,70.23 3 1
github.com/brunocalza/go-bustub/storage/access/table_heap.go:79.2,79.24 1 1
github.com/brunocalza/go-bustub/storage/access/table_heap.go:70.23,74.17 4 1
github.com/brunocalza/go-bustub/storage/access/table_heap.go:77.3,77.32 1 0
github.com/brunocalza/go-bustub/storage/access/table_heap.go:74.17,75.9 1 1
github.com/brunocalza/go-bustub/storage/access/table_heap.go:83.51,85.2 1 1
github.com/brunocalza/go-bustub/execution/expression/column_value.go:13.68,15.2 1 1
github.com/brunocalza/go-bustub/execution/expression/column_value.go:17.86,19.2 1 1
github.com/brunocalza/go-bustub/execution/expression/comparison.go:20.97,25.2 4 1
github.com/brunocalza/go-bustub/execution/expression/comparison.go:27.85,31.2 3 1
github.com/brunocalza/go-bustub/execution/expression/comparison.go:33.79,34.26 1 1
github.com/brunocalza/go-bustub/execution/expression/comparison.go:40.2,40.14 1 0
github.com/brunocalza/go-bustub/execution/expression/comparison.go:35.13,36.32 1 1
github.com/brunocalza/go-bustub/execution/expression/comparison.go:37.16,38.35 1 1
github.com/brunocalza/go-bustub/types/uint32.go:11.37,15.2 3 1
github.com/brunocalza/go-bustub/types/uint32.go:18.51,21.2 2 1
github.com/brunocalza/go-bustub/storage/page/hash_table_block_page.go:30.54,32.2 1 0
github.com/brunocalza/go-bustub/storage/page/hash_table_block_page.go:35.56,37.2 1 0
github.com/brunocalza/go-bustub/storage/page/hash_table_block_page.go:40.76,41.28 1 0
github.com/brunocalza/go-bustub/storage/page/hash_table_block_page.go:45.2,48.13 4 0
github.com/brunocalza/go-bustub/storage/page/hash_table_block_page.go:41.28,43.3 1 0
github.com/brunocalza/go-bustub/storage/page/hash_table_block_page.go:51.51,52.29 1 0
github.com/brunocalza/go-bustub/storage/page/hash_table_block_page.go:56.2,56.47 1 0
github.com/brunocalza/go-bustub/storage/page/hash_table_block_page.go:52.29,54.3 1 0
github.com/brunocalza/go-bustub/storage/page/hash_table_block_page.go:60.60,62.2 1 0
github.com/brunocalza/go-bustub/storage/page/hash_table_block_page.go:65.60,67.2 1 0
github.com/brunocalza/go-bustub/container/hash/linear_probe_hash_table_iterator.go:20.135,27.2 4 0
github.com/brunocalza/go-bustub/container/hash/linear_probe_hash_table_iterator.go:29.38,32.39 2 0
github.com/brunocalza/go-bustub/container/hash/linear_probe_hash_table_iterator.go:32.39,37.47 3 0
github.com/brunocalza/go-bustub/container/hash/linear_probe_hash_table_iterator.go:41.3,45.72 4 0
github.com/brunocalza/go-bustub/container/hash/linear_probe_hash_table_iterator.go:37.47,39.4 1 0
github.com/brunocalza/go-bustub/execution/executors/testing_utils.go:42.69,44.37 2 1
github.com/brunocalza/go-bustub/execution/executors/testing_utils.go:47.2,55.42 6 1
github.com/brunocalza/go-bustub/execution/executors/testing_utils.go:44.37,46.3 1 1
github.com/brunocalza/go-bustub/execution/executors/testing_utils.go:55.42,58.3 2 1
github.com/brunocalza/go-bustub/execution/expression/constant_value.go:12.53,14.2 1 1
github.com/brunocalza/go-bustub/execution/expression/constant_value.go:16.88,18.2 1 1
github.com/brunocalza/go-bustub/execution/plans/insert.go:16.68,18.2 1 1
github.com/brunocalza/go-bustub/execution/plans/insert.go:21.47,23.2 1 1
github.com/brunocalza/go-bustub/execution/plans/insert.go:26.57,28.2 1 1
github.com/brunocalza/go-bustub/execution/plans/insert.go:30.45,32.2 1 0
github.com/brunocalza/go-bustub/execution/plans/plan.go:25.63,27.2 1 1
github.com/brunocalza/go-bustub/execution/plans/plan.go:29.49,31.2 1 0
github.com/brunocalza/go-bustub/execution/plans/plan.go:33.57,35.2 1 1
github.com/brunocalza/go-bustub/execution/executors/executor_context.go:14.99,16.2 1 1
github.com/brunocalza/go-bustub/execution/executors/executor_context.go:18.57,20.2 1 1
github.com/brunocalza/go-bustub/execution/executors/executor_context.go:22.76,24.2 1 0
github.com/brunocalza/go-bustub/storage/table/table_page.go:42.54,43.17 1 1
github.com/brunocalza/go-bustub/storage/table/table_page.go:46.2,46.43 1 1
github.com/brunocalza/go-bustub/storage/table/table_page.go:43.17,45.3 1 0
github.com/brunocalza/go-bustub/storage/table/table_page.go:50.67,51.23 1 1
github.com/brunocalza/go-bustub/storage/table/table_page.go:55.2,55.57 1 1
github.com/brunocalza/go-bustub/storage/table/table_page.go:59.2,62.58 2 1
github.com/brunocalza/go-bustub/storage/table/table_page.go:68.2,68.87 1 1
github.com/brunocalza/go-bustub/storage/table/table_page.go:72.2,77.32 5 1
github.com/brunocalza/go-bustub/storage/table/table_page.go:81.2,81.17 1 1
github.com/brunocalza/go-bustub/storage/table/table_page.go:51.23,53.3 1 0
github.com/brunocalza/go-bustub/storage/table/table_page.go:55.57,57.3 1 0
github.com/brunocalza/go-bustub/storage/table/table_page.go:62.58,63.33 1 1
github.com/brunocalza/go-bustub/storage/table/table_page.go:63.33,64.9 1 0
github.com/brunocalza/go-bustub/storage/table/table_page.go:68.87,70.3 1 0
github.com/brunocalza/go-bustub/storage/table/table_page.go:77.32,79.3 1 1
github.com/brunocalza/go-bustub/storage/table/table_page.go:85.73,91.2 5 1
github.com/brunocalza/go-bustub/storage/table/table_page.go:93.53,95.2 1 1
github.com/brunocalza/go-bustub/storage/table/table_page.go:97.57,99.2 1 1
github.com/brunocalza/go-bustub/storage/table/table_page.go:101.57,103.2 1 1
github.com/brunocalza/go-bustub/storage/table/table_page.go:105.67,107.2 1 1
github.com/brunocalza/go-bustub/storage/table/table_page.go:109.55,111.2 1 1
github.com/brunocalza/go-bustub/storage/table/table_page.go:113.58,118.2 4 1
github.com/brunocalza/go-bustub/storage/table/table_page.go:120.52,122.2 1 1
github.com/brunocalza/go-bustub/storage/table/table_page.go:124.51,126.2 1 1
github.com/brunocalza/go-bustub/storage/table/table_page.go:128.45,130.2 1 1
github.com/brunocalza/go-bustub/storage/table/table_page.go:132.63,134.2 1 1
github.com/brunocalza/go-bustub/storage/table/table_page.go:136.55,138.2 1 1
github.com/brunocalza/go-bustub/storage/table/table_page.go:140.53,142.2 1 1
github.com/brunocalza/go-bustub/storage/table/table_page.go:144.51,146.2 1 1
github.com/brunocalza/go-bustub/storage/table/table_page.go:148.53,157.2 6 1
github.com/brunocalza/go-bustub/storage/table/table_page.go:159.51,163.42 3 1
github.com/brunocalza/go-bustub/storage/table/table_page.go:168.2,168.12 1 0
github.com/brunocalza/go-bustub/storage/table/table_page.go:163.42,167.3 2 1
github.com/brunocalza/go-bustub/storage/table/table_page.go:171.63,175.50 3 1
github.com/brunocalza/go-bustub/storage/table/table_page.go:180.2,180.12 1 1
github.com/brunocalza/go-bustub/storage/table/table_page.go:175.50,179.3 2 1
github.com/brunocalza/go-bustub/types/column_value.go:14.36,16.2 1 0
github.com/brunocalza/go-bustub/types/column_value.go:18.35,20.2 1 0
github.com/brunocalza/go-bustub/types/column_value.go:22.48,23.21 1 0
github.com/brunocalza/go-bustub/types/column_value.go:27.2,27.14 1 0
github.com/brunocalza/go-bustub/types/column_value.go:24.15,25.38 1 0
github.com/brunocalza/go-bustub/types/column_value.go:30.51,31.21 1 0
github.com/brunocalza/go-bustub/types/column_value.go:35.2,35.14 1 0
github.com/brunocalza/go-bustub/types/column_value.go:32.15,33.38 1 0
github.com/brunocalza/go-bustub/types/column_value.go:38.35,39.21 1 0
github.com/brunocalza/go-bustub/types/column_value.go:45.2,45.17 1 0
github.com/brunocalza/go-bustub/types/column_value.go:40.15,43.21 3 0
github.com/brunocalza/go-bustub/types/column_value.go:48.68,49.19 1 0
github.com/brunocalza/go-bustub/types/column_value.go:56.2,56.12 1 0
github.com/brunocalza/go-bustub/types/column_value.go:50.15,54.18 4 0
github.com/brunocalza/go-bustub/types/column_value.go:59.33,61.2 1 0
github.com/brunocalza/go-bustub/types/column_value.go:63.34,65.2 1 0
github.com/brunocalza/go-bustub/types/page_id.go:15.33,17.2 1 0
github.com/brunocalza/go-bustub/types/page_id.go:20.37,24.2 3 0
github.com/brunocalza/go-bustub/types/page_id.go:27.51,30.2 2 0
github.com/brunocalza/go-bustub/storage/page/rid.go:12.53,15.2 2 0
github.com/brunocalza/go-bustub/storage/page/rid.go:18.40,20.2 1 0
github.com/brunocalza/go-bustub/storage/page/rid.go:23.32,25.2 1 0
github.com/brunocalza/go-bustub/storage/table/tuple.go:15.70,25.55 5 0
github.com/brunocalza/go-bustub/storage/table/tuple.go:29.2,29.14 1 0
github.com/brunocalza/go-bustub/storage/table/tuple.go:25.55,27.3 1 0
github.com/brunocalza/go-bustub/storage/table/tuple.go:32.71,35.18 3 0
github.com/brunocalza/go-bustub/storage/table/tuple.go:38.2,38.15 1 0
github.com/brunocalza/go-bustub/storage/table/tuple.go:35.18,36.15 1 0
github.com/brunocalza/go-bustub/storage/table/tuple.go:41.31,43.2 1 0
github.com/brunocalza/go-bustub/storage/table/tuple.go:45.31,47.2 1 0
github.com/brunocalza/go-bustub/storage/table/tuple.go:49.36,51.2 1 0
github.com/brunocalza/go-bustub/storage/table/tuple.go:53.50,55.2 1 0
github.com/brunocalza/go-bustub/storage/access/table_heap.go:18.61,24.2 5 0
github.com/brunocalza/go-bustub/storage/access/table_heap.go:32.80,35.6 2 0
github.com/brunocalza/go-bustub/storage/access/table_heap.go:55.2,56.17 2 0
github.com/brunocalza/go-bustub/storage/access/table_heap.go:35.6,37.47 2 0
github.com/brunocalza/go-bustub/storage/access/table_heap.go:41.3,42.27 2 0
github.com/brunocalza/go-bustub/storage/access/table_heap.go:37.47,38.9 1 0
github.com/brunocalza/go-bustub/storage/access/table_heap.go:42.27,45.4 2 0
github.com/brunocalza/go-bustub/storage/access/table_heap.go:45.9,52.4 6 0
github.com/brunocalza/go-bustub/storage/access/table_heap.go:60.58,64.2 3 0
github.com/brunocalza/go-bustub/storage/access/table_heap.go:67.50,70.23 3 0
github.com/brunocalza/go-bustub/storage/access/table_heap.go:79.2,79.24 1 0
github.com/brunocalza/go-bustub/storage/access/table_heap.go:70.23,74.17 4 0
github.com/brunocalza/go-bustub/storage/access/table_heap.go:77.3,77.32 1 0
github.com/brunocalza/go-bustub/storage/access/table_heap.go:74.17,75.9 1 0
github.com/brunocalza/go-bustub/storage/access/table_heap.go:83.51,85.2 1 0
github.com/brunocalza/go-bustub/catalog/catalog.go:18.57,20.2 1 0
github.com/brunocalza/go-bustub/catalog/catalog.go:34.63,35.36 1 0
github.com/brunocalza/go-bustub/catalog/catalog.go:38.2,38.12 1 0
github.com/brunocalza/go-bustub/catalog/catalog.go:35.36,37.3 1 0
github.com/brunocalza/go-bustub/catalog/catalog.go:41.60,42.36 1 0
github.com/brunocalza/go-bustub/catalog/catalog.go:45.2,45.12 1 0
github.com/brunocalza/go-bustub/catalog/catalog.go:42.36,44.3 1 0
github.com/brunocalza/go-bustub/catalog/catalog.go:49.81,61.2 7 0
github.com/brunocalza/go-bustub/execution/executors/execution_engine.go:17.93,22.6 4 0
github.com/brunocalza/go-bustub/execution/executors/execution_engine.go:33.2,33.15 1 0
github.com/brunocalza/go-bustub/execution/executors/execution_engine.go:22.6,24.25 2 0
github.com/brunocalza/go-bustub/execution/executors/execution_engine.go:28.3,28.19 1 0
github.com/brunocalza/go-bustub/execution/executors/execution_engine.go:24.25,25.9 1 0
github.com/brunocalza/go-bustub/execution/executors/execution_engine.go:28.19,30.4 1 0
github.com/brunocalza/go-bustub/execution/executors/execution_engine.go:36.94,37.26 1 0
github.com/brunocalza/go-bustub/execution/executors/execution_engine.go:45.2,45.12 1 0
github.com/brunocalza/go-bustub/execution/executors/execution_engine.go:38.29,39.39 1 0
github.com/brunocalza/go-bustub/execution/executors/execution_engine.go:40.30,41.40 1 0
github.com/brunocalza/go-bustub/execution/executors/execution_engine.go:42.28,43.85 1 0
github.com/brunocalza/go-bustub/execution/executors/executor_context.go:14.99,16.2 1 0
github.com/brunocalza/go-bustub/execution/executors/executor_context.go:18.57,20.2 1 0
github.com/brunocalza/go-bustub/execution/executors/executor_context.go:22.76,24.2 1 0
github.com/brunocalza/go-bustub/execution/executors/insert_executor.go:16.87,19.2 2 0
github.com/brunocalza/go-bustub/execution/executors/insert_executor.go:21.34,23.2 0 0
github.com/brunocalza/go-bustub/execution/executors/insert_executor.go:28.61,31.47 1 0
github.com/brunocalza/go-bustub/execution/executors/insert_executor.go:39.2,39.23 1 0
github.com/brunocalza/go-bustub/execution/executors/insert_executor.go:31.47,34.17 3 0
github.com/brunocalza/go-bustub/execution/executors/insert_executor.go:34.17,36.4 1 0
github.com/brunocalza/go-bustub/execution/expression/comparison.go:20.97,25.2 4 0
github.com/brunocalza/go-bustub/execution/expression/comparison.go:27.85,31.2 3 0
github.com/brunocalza/go-bustub/execution/expression/comparison.go:33.79,34.26 1 0
github.com/brunocalza/go-bustub/execution/expression/comparison.go:40.2,40.14 1 0
github.com/brunocalza/go-bustub/execution/expression/comparison.go:35.13,36.32 1 0
github.com/brunocalza/go-bustub/execution/expression/comparison.go:37.16,38.35 1 0
github.com/brunocalza/go-bustub/testing/assert.go:12.74,13.16 1 0
github.com/brunocalza/go-bustub/testing/assert.go:13.16,17.3 3 0
github.com/brunocalza/go-bustub/testing/assert.go:21.35,22.16 1 1
github.com/brunocalza/go-bustub/testing/assert.go:22.16,26.3 3 0
github.com/brunocalza/go-bustub/testing/assert.go:30.36,31.16 1 0
github.com/brunocalza/go-bustub/testing/assert.go:31.16,35.3 3 0
github.com/brunocalza/go-bustub/testing/assert.go:39.50,40.34 1 1
github.com/brunocalza/go-bustub/testing/assert.go:40.34,44.3 3 0
github.com/brunocalza/go-bustub/storage/page/hash_table_header_page.go:20.73,22.2 1 0
github.com/brunocalza/go-bustub/storage/page/hash_table_header_page.go:24.59,26.2 1 0
github.com/brunocalza/go-bustub/storage/page/hash_table_header_page.go:28.65,30.2 1 0
github.com/brunocalza/go-bustub/storage/page/hash_table_header_page.go:32.47,34.2 1 0
github.com/brunocalza/go-bustub/storage/page/hash_table_header_page.go:36.50,38.2 1 0
github.com/brunocalza/go-bustub/storage/page/hash_table_header_page.go:40.70,43.2 2 0
github.com/brunocalza/go-bustub/storage/page/hash_table_header_page.go:45.50,47.2 1 0
github.com/brunocalza/go-bustub/storage/page/hash_table_header_page.go:49.52,51.2 1 0
github.com/brunocalza/go-bustub/storage/page/hash_table_header_page.go:53.48,55.2 1 0
github.com/brunocalza/go-bustub/errors/type.go:5.31,5.51 1 0
github.com/brunocalza/go-bustub/storage/access/table_heap_iterator.go:18.68,20.2 1 0
github.com/brunocalza/go-bustub/storage/access/table_heap_iterator.go:23.53,25.2 1 0
github.com/brunocalza/go-bustub/storage/access/table_heap_iterator.go:28.41,30.2 1 0
github.com/brunocalza/go-bustub/storage/access/table_heap_iterator.go:35.50,40.25 4 0
github.com/brunocalza/go-bustub/storage/access/table_heap_iterator.go:52.2,52.63 1 0
github.com/brunocalza/go-bustub/storage/access/table_heap_iterator.go:58.2,59.17 2 0
github.com/brunocalza/go-bustub/storage/access/table_heap_iterator.go:40.25,41.45 1 0
github.com/brunocalza/go-bustub/storage/access/table_heap_iterator.go:41.45,46.27 5 0
github.com/brunocalza/go-bustub/storage/access/table_heap_iterator.go:46.27,47.10 1 0
github.com/brunocalza/go-bustub/storage/access/table_heap_iterator.go:52.63,54.3 1 0
github.com/brunocalza/go-bustub/storage/access/table_heap_iterator.go:54.8,56.3 1 0
github.com/brunocalza/go-bustub/execution/expression/constant_value.go:12.53,14.2 1 0
github.com/brunocalza/go-bustub/execution/expression/constant_value.go:16.88,18.2 1 0
github.com/brunocalza/go-bustub/storage/buffer/clock_replacer.go:13.43,14.23 1 1
github.com/brunocalza/go-bustub/storage/buffer/clock_replacer.go:18.2,20.6 3 1
github.com/brunocalza/go-bustub/storage/buffer/clock_replacer.go:14.23,16.3 1 1
github.com/brunocalza/go-bustub/storage/buffer/clock_replacer.go:20.6,21.31 1 1
github.com/brunocalza/go-bustub/storage/buffer/clock_replacer.go:21.31,24.4 2 1
github.com/brunocalza/go-bustub/storage/buffer/clock_replacer.go:24.9,32.4 5 1
github.com/brunocalza/go-bustub/storage/buffer/clock_replacer.go:37.43,38.25 1 1
github.com/brunocalza/go-bustub/storage/buffer/clock_replacer.go:38.25,40.24 2 1
github.com/brunocalza/go-bustub/storage/buffer/clock_replacer.go:40.24,42.4 1 1
github.com/brunocalza/go-bustub/storage/buffer/clock_replacer.go:47.41,49.17 2 1
github.com/brunocalza/go-bustub/storage/buffer/clock_replacer.go:53.2,53.28 1 1
github.com/brunocalza/go-bustub/storage/buffer/clock_replacer.go:56.2,56.20 1 1
github.com/brunocalza/go-bustub/storage/buffer/clock_replacer.go:49.17,51.3 1 1
github.com/brunocalza/go-bustub/storage/buffer/clock_replacer.go:53.28,55.3 1 1
github.com/brunocalza/go-bustub/storage/buffer/clock_replacer.go:61.39,63.2 1 1
github.com/brunocalza/go-bustub/storage/buffer/clock_replacer.go:66.55,69.2 2 1
github.com/brunocalza/go-bustub/types/uint32.go:11.37,15.2 3 0
github.com/brunocalza/go-bustub/types/uint32.go:18.51,21.2 2 0
github.com/brunocalza/go-bustub/storage/disk/disk_manager_impl.go:23.56,25.16 2 1
github.com/brunocalza/go-bustub/storage/disk/disk_manager_impl.go:30.2,31.16 2 1
github.com/brunocalza/go-bustub/storage/disk/disk_manager_impl.go:36.2,40.16 4 1
github.com/brunocalza/go-bustub/storage/disk/disk_manager_impl.go:44.2,44.68 1 1
github.com/brunocalza/go-bustub/storage/disk/disk_manager_impl.go:25.16,28.3 2 0
github.com/brunocalza/go-bustub/storage/disk/disk_manager_impl.go:31.16,34.3 2 0
github.com/brunocalza/go-bustub/storage/disk/disk_manager_impl.go:40.16,42.3 1 0
github.com/brunocalza/go-bustub/storage/disk/disk_manager_impl.go:48.38,50.2 1 1
github.com/brunocalza/go-bustub/storage/disk/disk_manager_impl.go:53.81,57.16 4 1
github.com/brunocalza/go-bustub/storage/disk/disk_manager_impl.go:61.2,61.35 1 1
github.com/brunocalza/go-bustub/storage/disk/disk_manager_impl.go:65.2,65.22 1 1
github.com/brunocalza/go-bustub/storage/disk/disk_manager_impl.go:69.2,70.12 2 1
github.com/brunocalza/go-bustub/storage/disk/disk_manager_impl.go:57.16,59.3 1 0
github.com/brunocalza/go-bustub/storage/disk/disk_manager_impl.go:61.35,63.3 1 0
github.com/brunocalza/go-bustub/storage/disk/disk_manager_impl.go:65.22,67.3 1 1
github.com/brunocalza/go-bustub/storage/disk/disk_manager_impl.go:74.80,78.16 3 1
github.com/brunocalza/go-bustub/storage/disk/disk_manager_impl.go:82.2,82.30 1 1
github.com/brunocalza/go-bustub/storage/disk/disk_manager_impl.go:86.2,89.16 3 1
github.com/brunocalza/go-bustub/storage/disk/disk_manager_impl.go:93.2,93.31 1 1
github.com/brunocalza/go-bustub/storage/disk/disk_manager_impl.go:98.2,98.12 1 1
github.com/brunocalza/go-bustub/storage/disk/disk_manager_impl.go:78.16,80.3 1 0
github.com/brunocalza/go-bustub/storage/disk/disk_manager_impl.go:82.30,84.3 1 0
github.com/brunocalza/go-bustub/storage/disk/disk_manager_impl.go:89.16,91.3 1 0
github.com/brunocalza/go-bustub/storage/disk/disk_manager_impl.go:93.31,94.38 1 0
github.com/brunocalza/go-bustub/storage/disk/disk_manager_impl.go:94.38,96.4 1 0
github.com/brunocalza/go-bustub/storage/disk/disk_manager_impl.go:103.55,107.2 3 1
github.com/brunocalza/go-bustub/storage/disk/disk_manager_impl.go:112.64,113.2 0 0
github.com/brunocalza/go-bustub/storage/disk/disk_manager_impl.go:116.49,118.2 1 0
github.com/brunocalza/go-bustub/storage/disk/disk_manager_impl.go:121.40,123.2 1 0
github.com/brunocalza/go-bustub/execution/executors/testing_utils.go:42.69,44.37 2 0
github.com/brunocalza/go-bustub/execution/executors/testing_utils.go:47.2,55.42 6 0
github.com/brunocalza/go-bustub/execution/executors/testing_utils.go:44.37,46.3 1 0
github.com/brunocalza/go-bustub/execution/executors/testing_utils.go:55.42,58.3 2 0
github.com/brunocalza/go-bustub/storage/table/table_page.go:42.54,43.17 1 0
github.com/brunocalza/go-bustub/storage/table/table_page.go:46.2,46.43 1 0
github.com/brunocalza/go-bustub/storage/table/table_page.go:43.17,45.3 1 0
github.com/brunocalza/go-bustub/storage/table/table_page.go:50.67,51.23 1 0
github.com/brunocalza/go-bustub/storage/table/table_page.go:55.2,55.57 1 0
github.com/brunocalza/go-bustub/storage/table/table_page.go:59.2,62.58 2 0
github.com/brunocalza/go-bustub/storage/table/table_page.go:68.2,68.87 1 0
github.com/brunocalza/go-bustub/storage/table/table_page.go:72.2,77.32 5 0
github.com/brunocalza/go-bustub/storage/table/table_page.go:81.2,81.17 1 0
github.com/brunocalza/go-bustub/storage/table/table_page.go:51.23,53.3 1 0
github.com/brunocalza/go-bustub/storage/table/table_page.go:55.57,57.3 1 0
github.com/brunocalza/go-bustub/storage/table/table_page.go:62.58,63.33 1 0
github.com/brunocalza/go-bustub/storage/table/table_page.go:63.33,64.9 1 0
github.com/brunocalza/go-bustub/storage/table/table_page.go:68.87,70.3 1 0
github.com/brunocalza/go-bustub/storage/table/table_page.go:77.32,79.3 1 0
github.com/brunocalza/go-bustub/storage/table/table_page.go:85.73,91.2 5 0
github.com/brunocalza/go-bustub/storage/table/table_page.go:93.53,95.2 1 0
github.com/brunocalza/go-bustub/storage/table/table_page.go:97.57,99.2 1 0
github.com/brunocalza/go-bustub/storage/table/table_page.go:101.57,103.2 1 0
github.com/brunocalza/go-bustub/storage/table/table_page.go:105.67,107.2 1 0
github.com/brunocalza/go-bustub/storage/table/table_page.go:109.55,111.2 1 0
github.com/brunocalza/go-bustub/storage/table/table_page.go:113.58,118.2 4 0
github.com/brunocalza/go-bustub/storage/table/table_page.go:120.52,122.2 1 0
github.com/brunocalza/go-bustub/storage/table/table_page.go:124.51,126.2 1 0
github.com/brunocalza/go-bustub/storage/table/table_page.go:128.45,130.2 1 0
github.com/brunocalza/go-bustub/storage/table/table_page.go:132.63,134.2 1 0
github.com/brunocalza/go-bustub/storage/table/table_page.go:136.55,138.2 1 0
github.com/brunocalza/go-bustub/storage/table/table_page.go:140.53,142.2 1 0
github.com/brunocalza/go-bustub/storage/table/table_page.go:144.51,146.2 1 0
github.com/brunocalza/go-bustub/storage/table/table_page.go:148.53,157.2 6 0
github.com/brunocalza/go-bustub/storage/table/table_page.go:159.51,163.42 3 0
github.com/brunocalza/go-bustub/storage/table/table_page.go:168.2,168.12 1 0
github.com/brunocalza/go-bustub/storage/table/table_page.go:163.42,167.3 2 0
github.com/brunocalza/go-bustub/storage/table/table_page.go:171.63,175.50 3 0
github.com/brunocalza/go-bustub/storage/table/table_page.go:180.2,180.12 1 0
github.com/brunocalza/go-bustub/storage/table/table_page.go:175.50,179.3 2 0
github.com/brunocalza/go-bustub/execution/plans/insert.go:16.68,18.2 1 0
github.com/brunocalza/go-bustub/execution/plans/insert.go:21.47,23.2 1 0
github.com/brunocalza/go-bustub/execution/plans/insert.go:26.57,28.2 1 0
github.com/brunocalza/go-bustub/execution/plans/insert.go:30.45,32.2 1 0
github.com/brunocalza/go-bustub/execution/plans/plan.go:25.63,27.2 1 0
github.com/brunocalza/go-bustub/execution/plans/plan.go:29.49,31.2 1 0
github.com/brunocalza/go-bustub/execution/plans/plan.go:33.57,35.2 1 0
github.com/brunocalza/go-bustub/container/hash/linear_probe_hash_table.go:19.88,27.34 6 0
github.com/brunocalza/go-bustub/container/hash/linear_probe_hash_table.go:32.2,34.48 2 0
github.com/brunocalza/go-bustub/container/hash/linear_probe_hash_table.go:27.34,31.3 3 0
github.com/brunocalza/go-bustub/container/hash/linear_probe_hash_table.go:37.57,51.35 10 0
github.com/brunocalza/go-bustub/container/hash/linear_probe_hash_table.go:63.2,66.15 3 0
github.com/brunocalza/go-bustub/container/hash/linear_probe_hash_table.go:51.35,52.69 1 0
github.com/brunocalza/go-bustub/container/hash/linear_probe_hash_table.go:56.3,58.70 3 0
github.com/brunocalza/go-bustub/container/hash/linear_probe_hash_table.go:52.69,54.4 1 0
github.com/brunocalza/go-bustub/container/hash/linear_probe_hash_table.go:58.70,59.9 1 0
github.com/brunocalza/go-bustub/container/hash/linear_probe_hash_table.go:69.72,82.6 9 0
github.com/brunocalza/go-bustub/container/hash/linear_probe_hash_table.go:101.2,104.8 3 0
github.com/brunocalza/go-bustub/container/hash/linear_probe_hash_table.go:82.6,83.73 1 0
github.com/brunocalza/go-bustub/container/hash/linear_probe_hash_table.go:88.3,88.36 1 0
github.com/brunocalza/go-bustub/container/hash/linear_probe_hash_table.go:93.3,96.70 3 0
github.com/brunocalza/go-bustub/container/hash/linear_probe_hash_table.go:83.73,85.9 2 0
github.com/brunocalza/go-bustub/container/hash/linear_probe_hash_table.go:88.36,91.9 3 0
github.com/brunocalza/go-bustub/container/hash/linear_probe_hash_table.go:96.70,97.9 1 0
github.com/brunocalza/go-bustub/container/hash/linear_probe_hash_table.go:107.60,120.35 9 0
github.com/brunocalza/go-bustub/container/hash/linear_probe_hash_table.go:132.2,133.42 2 0
github.com/brunocalza/go-bustub/container/hash/linear_probe_hash_table.go:120.35,121.107 1 0
github.com/brunocalza/go-bustub/container/hash/linear_probe_hash_table.go:125.3,127.70 3 0
github.com/brunocalza/go-bustub/container/hash/linear_probe_hash_table.go:121.107,123.4 1 0
github.com/brunocalza/go-bustub/container/hash/linear_probe_hash_table.go:127.70,128.9 1 0
github.com/brunocalza/go-bustub/container/hash/linear_probe_hash_table.go:136.51,146.2 6 0
github.com/brunocalza/go-bustub/storage/page/hash_table_block_page.go:30.54,32.2 1 0
github.com/brunocalza/go-bustub/storage/page/hash_table_block_page.go:35.56,37.2 1 0
github.com/brunocalza/go-bustub/storage/page/hash_table_block_page.go:40.76,41.28 1 0
github.com/brunocalza/go-bustub/storage/page/hash_table_block_page.go:45.2,48.13 4 0
[...]
github.com/brunocalza/go-bustub/storage/disk/disk_manager_impl.go:36.2,40.16 4 1
github.com/brunocalza/go-bustub/storage/disk/disk_manager_impl.go:44.2,44.68 1 1
github.com/brunocalza/go-bustub/storage/disk/disk_manager_impl.go:25.16,28.3 2 0
github.com/brunocalza/go-bustub/storage/disk/disk_manager_impl.go:31.16,34.3 2 0
github.com/brunocalza/go-bustub/storage/disk/disk_manager_impl.go:40.16,42.3 1 0
github.com/brunocalza/go-bustub/storage/disk/disk_manager_impl.go:48.38,50.2 1 1
github.com/brunocalza/go-bustub/storage/disk/disk_manager_impl.go:53.81,57.16 4 1
github.com/brunocalza/go-bustub/storage/disk/disk_manager_impl.go:61.2,61.35 1 1
github.com/brunocalza/go-bustub/storage/disk/disk_manager_impl.go:65.2,65.22 1 1
github.com/brunocalza/go-bustub/storage/disk/disk_manager_impl.go:69.2,70.12 2 1
github.com/brunocalza/go-bustub/storage/disk/disk_manager_impl.go:57.16,59.3 1 0
github.com/brunocalza/go-bustub/storage/disk/disk_manager_impl.go:61.35,63.3 1 0
github.com/brunocalza/go-bustub/storage/disk/disk_manager_impl.go:65.22,67.3 1 1
github.com/brunocalza/go-bustub/storage/disk/disk_manager_impl.go:74.80,78.16 3 1
github.com/brunocalza/go-bustub/storage/disk/disk_manager_impl.go:82.2,82.30 1 1
github.com/brunocalza/go-bustub/storage/disk/disk_manager_impl.go:86.2,89.16 3 1
github.com/brunocalza/go-bustub/storage/disk/disk_manager_impl.go:93.2,93.31 1 1
github.com/brunocalza/go-bustub/storage/disk/disk_manager_impl.go:98.2,98.12 1 1
github.com/brunocalza/go-bustub/storage/disk/disk_manager_impl.go:78.16,80.3 1 0
github.com/brunocalza/go-bustub/storage/disk/disk_manager_impl.go:82.30,84.3 1 0
github.com/brunocalza/go-bustub/storage/disk/disk_manager_impl.go:89.16,91.3 1 0
github.com/brunocalza/go-bustub/storage/disk/disk_manager_impl.go:93.31,94.38 1 0
github.com/brunocalza/go-bustub/storage/disk/disk_manager_impl.go:94.38,96.4 1 0
github.com/brunocalza/go-bustub/storage/disk/disk_manager_impl.go:103.55,107.2 3 1
github.com/brunocalza/go-bustub/storage/disk/disk_manager_impl.go:112.64,113.2 0 0
github.com/brunocalza/go-bustub/storage/disk/disk_manager_impl.go:116.49,118.2 1 0
github.com/brunocalza/go-bustub/storage/disk/disk_manager_impl.go:121.40,123.2 1 0
github.com/brunocalza/go-bustub/storage/buffer/buffer_pool_manager.go:21.71,23.44 1 1
github.com/brunocalza/go-bustub/storage/buffer/buffer_pool_manager.go:31.2,32.20 2 1
github.com/brunocalza/go-bustub/storage/buffer/buffer_pool_manager.go:36.2,36.21 1 1
github.com/brunocalza/go-bustub/storage/buffer/buffer_pool_manager.go:49.2,51.16 3 1
github.com/brunocalza/go-bustub/storage/buffer/buffer_pool_manager.go:54.2,60.11 6 1
github.com/brunocalza/go-bustub/storage/buffer/buffer_pool_manager.go:23.44,28.3 4 1
github.com/brunocalza/go-bustub/storage/buffer/buffer_pool_manager.go:32.20,34.3 1 0
github.com/brunocalza/go-bustub/storage/buffer/buffer_pool_manager.go:36.21,39.25 2 1
github.com/brunocalza/go-bustub/storage/buffer/buffer_pool_manager.go:39.25,40.29 1 1
github.com/brunocalza/go-bustub/storage/buffer/buffer_pool_manager.go:45.4,45.41 1 1
github.com/brunocalza/go-bustub/storage/buffer/buffer_pool_manager.go:40.29,43.5 2 1
github.com/brunocalza/go-bustub/storage/buffer/buffer_pool_manager.go:51.16,53.3 1 0
github.com/brunocalza/go-bustub/storage/buffer/buffer_pool_manager.go:64.80,65.44 1 1
github.com/brunocalza/go-bustub/storage/buffer/buffer_pool_manager.go:82.2,82.42 1 0
github.com/brunocalza/go-bustub/storage/buffer/buffer_pool_manager.go:65.44,69.25 3 1
github.com/brunocalza/go-bustub/storage/buffer/buffer_pool_manager.go:73.3,73.30 1 1
github.com/brunocalza/go-bustub/storage/buffer/buffer_pool_manager.go:79.3,79.13 1 1
github.com/brunocalza/go-bustub/storage/buffer/buffer_pool_manager.go:69.25,71.4 1 1
github.com/brunocalza/go-bustub/storage/buffer/buffer_pool_manager.go:73.30,75.4 1 1
github.com/brunocalza/go-bustub/storage/buffer/buffer_pool_manager.go:75.9,77.4 1 0
github.com/brunocalza/go-bustub/storage/buffer/buffer_pool_manager.go:86.65,87.44 1 1
github.com/brunocalza/go-bustub/storage/buffer/buffer_pool_manager.go:98.2,98.14 1 0
github.com/brunocalza/go-bustub/storage/buffer/buffer_pool_manager.go:87.44,96.3 6 1
github.com/brunocalza/go-bustub/storage/buffer/buffer_pool_manager.go:102.50,104.20 2 1
github.com/brunocalza/go-bustub/storage/buffer/buffer_pool_manager.go:108.2,108.21 1 1
github.com/brunocalza/go-bustub/storage/buffer/buffer_pool_manager.go:122.2,128.11 5 1
github.com/brunocalza/go-bustub/storage/buffer/buffer_pool_manager.go:104.20,106.3 1 0
github.com/brunocalza/go-bustub/storage/buffer/buffer_pool_manager.go:108.21,111.25 2 1
github.com/brunocalza/go-bustub/storage/buffer/buffer_pool_manager.go:111.25,112.29 1 1
github.com/brunocalza/go-bustub/storage/buffer/buffer_pool_manager.go:117.4,117.41 1 1
github.com/brunocalza/go-bustub/storage/buffer/buffer_pool_manager.go:112.29,115.5 2 1
github.com/brunocalza/go-bustub/storage/buffer/buffer_pool_manager.go:132.67,135.44 3 0
github.com/brunocalza/go-bustub/storage/buffer/buffer_pool_manager.go:139.2,141.25 2 0
github.com/brunocalza/go-bustub/storage/buffer/buffer_pool_manager.go:144.2,150.12 5 0
github.com/brunocalza/go-bustub/storage/buffer/buffer_pool_manager.go:135.44,137.3 1 0
github.com/brunocalza/go-bustub/storage/buffer/buffer_pool_manager.go:141.25,143.3 1 0
github.com/brunocalza/go-bustub/storage/buffer/buffer_pool_manager.go:155.45,156.34 1 1
github.com/brunocalza/go-bustub/storage/buffer/buffer_pool_manager.go:156.34,158.3 1 1
github.com/brunocalza/go-bustub/storage/buffer/buffer_pool_manager.go:161.59,162.25 1 1
github.com/brunocalza/go-bustub/storage/buffer/buffer_pool_manager.go:169.2,169.38 1 1
github.com/brunocalza/go-bustub/storage/buffer/buffer_pool_manager.go:162.25,167.3 3 1
github.com/brunocalza/go-bustub/storage/buffer/buffer_pool_manager.go:173.93,176.40 3 1
github.com/brunocalza/go-bustub/storage/buffer/buffer_pool_manager.go:181.2,182.99 2 1
github.com/brunocalza/go-bustub/storage/buffer/buffer_pool_manager.go:176.40,179.3 2 1
github.com/brunocalza/go-bustub/storage/buffer/circular_list.go:22.52,24.38 2 1
github.com/brunocalza/go-bustub/storage/buffer/circular_list.go:32.2,32.12 1 1
github.com/brunocalza/go-bustub/storage/buffer/circular_list.go:24.38,25.21 1 1
github.com/brunocalza/go-bustub/storage/buffer/circular_list.go:29.3,29.17 1 1
github.com/brunocalza/go-bustub/storage/buffer/circular_list.go:25.21,27.4 1 1
github.com/brunocalza/go-bustub/storage/buffer/circular_list.go:35.53,37.2 1 1
github.com/brunocalza/go-bustub/storage/buffer/circular_list.go:39.73,40.26 1 1
github.com/brunocalza/go-bustub/storage/buffer/circular_list.go:44.2,45.17 2 1
github.com/brunocalza/go-bustub/storage/buffer/circular_list.go:54.2,55.17 2 1
github.com/brunocalza/go-bustub/storage/buffer/circular_list.go:60.2,64.22 4 1
github.com/brunocalza/go-bustub/storage/buffer/circular_list.go:68.2,73.12 4 1
github.com/brunocalza/go-bustub/storage/buffer/circular_list.go:40.26,42.3 1 0
github.com/brunocalza/go-bustub/storage/buffer/circular_list.go:45.17,52.3 6 1
github.com/brunocalza/go-bustub/storage/buffer/circular_list.go:55.17,58.3 2 0
github.com/brunocalza/go-bustub/storage/buffer/circular_list.go:64.22,66.3 1 1
github.com/brunocalza/go-bustub/storage/buffer/circular_list.go:76.48,78.17 2 1
github.com/brunocalza/go-bustub/storage/buffer/circular_list.go:82.2,82.17 1 1
github.com/brunocalza/go-bustub/storage/buffer/circular_list.go:89.2,89.20 1 1
github.com/brunocalza/go-bustub/storage/buffer/circular_list.go:93.2,93.20 1 1
github.com/brunocalza/go-bustub/storage/buffer/circular_list.go:97.2,100.10 3 1
github.com/brunocalza/go-bustub/storage/buffer/circular_list.go:78.17,80.3 1 0
github.com/brunocalza/go-bustub/storage/buffer/circular_list.go:82.17,87.3 4 0
github.com/brunocalza/go-bustub/storage/buffer/circular_list.go:89.20,91.3 1 1
github.com/brunocalza/go-bustub/storage/buffer/circular_list.go:93.20,95.3 1 1
github.com/brunocalza/go-bustub/storage/buffer/circular_list.go:103.38,105.2 1 0
github.com/brunocalza/go-bustub/storage/buffer/circular_list.go:107.32,108.17 1 0
github.com/brunocalza/go-bustub/storage/buffer/circular_list.go:111.2,112.38 2 0
github.com/brunocalza/go-bustub/storage/buffer/circular_list.go:108.17,110.3 1 0
github.com/brunocalza/go-bustub/storage/buffer/circular_list.go:112.38,115.3 2 0
github.com/brunocalza/go-bustub/storage/buffer/circular_list.go:118.52,120.2 1 1
github.com/brunocalza/go-bustub/catalog/catalog.go:18.57,20.2 1 0
github.com/brunocalza/go-bustub/catalog/catalog.go:34.63,35.36 1 0
github.com/brunocalza/go-bustub/catalog/catalog.go:38.2,38.12 1 0
github.com/brunocalza/go-bustub/catalog/catalog.go:35.36,37.3 1 0
github.com/brunocalza/go-bustub/catalog/catalog.go:41.60,42.36 1 0
github.com/brunocalza/go-bustub/catalog/catalog.go:45.2,45.12 1 0
github.com/brunocalza/go-bustub/catalog/catalog.go:42.36,44.3 1 0
github.com/brunocalza/go-bustub/catalog/catalog.go:49.81,61.2 7 0
github.com/brunocalza/go-bustub/execution/expression/column_value.go:13.68,15.2 1 0
github.com/brunocalza/go-bustub/execution/expression/column_value.go:17.86,19.2 1 0
github.com/brunocalza/go-bustub/execution/executors/executor_context.go:14.99,16.2 1 0
github.com/brunocalza/go-bustub/execution/executors/executor_context.go:18.57,20.2 1 0
github.com/brunocalza/go-bustub/execution/executors/executor_context.go:22.76,24.2 1 0
github.com/brunocalza/go-bustub/execution/executors/insert_executor.go:16.87,19.2 2 0
github.com/brunocalza/go-bustub/execution/executors/insert_executor.go:21.34,23.2 0 0
github.com/brunocalza/go-bustub/execution/executors/insert_executor.go:28.61,31.47 1 0
github.com/brunocalza/go-bustub/execution/executors/insert_executor.go:39.2,39.23 1 0
github.com/brunocalza/go-bustub/execution/executors/insert_executor.go:31.47,34.17 3 0
github.com/brunocalza/go-bustub/execution/executors/insert_executor.go:34.17,36.4 1 0
github.com/brunocalza/go-bustub/storage/page/rid.go:12.53,15.2 2 0
github.com/brunocalza/go-bustub/storage/page/rid.go:18.40,20.2 1 0
github.com/brunocalza/go-bustub/storage/page/rid.go:23.32,25.2 1 0
github.com/brunocalza/go-bustub/storage/disk/testing.go:15.39,18.16 2 1
github.com/brunocalza/go-bustub/storage/disk/testing.go:21.2,26.44 5 1
github.com/brunocalza/go-bustub/storage/disk/testing.go:18.16,19.13 1 0
github.com/brunocalza/go-bustub/storage/disk/testing.go:30.38,33.2 2 1
github.com/brunocalza/go-bustub/execution/expression/constant_value.go:12.53,14.2 1 0
github.com/brunocalza/go-bustub/execution/expression/constant_value.go:16.88,18.2 1 0
github.com/brunocalza/go-bustub/execution/plans/insert.go:16.68,18.2 1 0
github.com/brunocalza/go-bustub/execution/plans/insert.go:21.47,23.2 1 0
github.com/brunocalza/go-bustub/execution/plans/insert.go:26.57,28.2 1 0
github.com/brunocalza/go-bustub/execution/plans/insert.go:30.45,32.2 1 0
github.com/brunocalza/go-bustub/execution/executors/limit_executor.go:17.101,19.2 1 0
github.com/brunocalza/go-bustub/execution/executors/limit_executor.go:21.32,23.2 1 0
github.com/brunocalza/go-bustub/execution/executors/limit_executor.go:25.60,27.16 2 0
github.com/brunocalza/go-bustub/execution/executors/limit_executor.go:31.2,31.36 1 0
github.com/brunocalza/go-bustub/execution/executors/limit_executor.go:36.2,37.35 2 0
github.com/brunocalza/go-bustub/execution/executors/limit_executor.go:41.2,41.26 1 0
github.com/brunocalza/go-bustub/execution/executors/limit_executor.go:27.16,29.3 1 0
github.com/brunocalza/go-bustub/execution/executors/limit_executor.go:31.36,34.3 2 0
github.com/brunocalza/go-bustub/execution/executors/limit_executor.go:37.35,39.3 1 0
github.com/brunocalza/go-bustub/types/column_value.go:14.36,16.2 1 0
github.com/brunocalza/go-bustub/types/column_value.go:18.35,20.2 1 0
github.com/brunocalza/go-bustub/types/column_value.go:22.48,23.21 1 0
github.com/brunocalza/go-bustub/types/column_value.go:27.2,27.14 1 0
github.com/brunocalza/go-bustub/types/column_value.go:24.15,25.38 1 0
github.com/brunocalza/go-bustub/types/column_value.go:30.51,31.21 1 0
github.com/brunocalza/go-bustub/types/column_value.go:35.2,35.14 1 0
github.com/brunocalza/go-bustub/types/column_value.go:32.15,33.38 1 0
github.com/brunocalza/go-bustub/types/column_value.go:38.35,39.21 1 0
github.com/brunocalza/go-bustub/types/column_value.go:45.2,45.17 1 0
github.com/brunocalza/go-bustub/types/column_value.go:40.15,43.21 3 0
github.com/brunocalza/go-bustub/types/column_value.go:48.68,49.19 1 0
github.com/brunocalza/go-bustub/types/column_value.go:56.2,56.12 1 0
github.com/brunocalza/go-bustub/types/column_value.go:50.15,54.18 4 0
github.com/brunocalza/go-bustub/types/column_value.go:59.33,61.2 1 0
github.com/brunocalza/go-bustub/types/column_value.go:63.34,65.2 1 0
github.com/brunocalza/go-bustub/types/page_id.go:15.33,17.2 1 0
github.com/brunocalza/go-bustub/types/page_id.go:20.37,24.2 3 0
github.com/brunocalza/go-bustub/types/page_id.go:27.51,30.2 2 0
github.com/brunocalza/go-bustub/types/uint32.go:11.37,15.2 3 0
github.com/brunocalza/go-bustub/types/uint32.go:18.51,21.2 2 0
github.com/brunocalza/go-bustub/storage/page/page.go:17.30,19.2 1 1
github.com/brunocalza/go-bustub/storage/page/page.go:22.30,23.20 1 1
github.com/brunocalza/go-bustub/storage/page/page.go:23.20,25.3 1 1
github.com/brunocalza/go-bustub/storage/page/page.go:29.34,31.2 1 1
github.com/brunocalza/go-bustub/storage/page/page.go:34.34,36.2 1 1
github.com/brunocalza/go-bustub/storage/page/page.go:39.39,41.2 1 1
github.com/brunocalza/go-bustub/storage/page/page.go:44.41,46.2 1 1
github.com/brunocalza/go-bustub/storage/page/page.go:49.31,51.2 1 1
github.com/brunocalza/go-bustub/storage/page/page.go:54.49,56.2 1 0
github.com/brunocalza/go-bustub/storage/page/page.go:59.69,61.2 1 1
github.com/brunocalza/go-bustub/storage/page/page.go:64.38,66.2 1 1
github.com/brunocalza/go-bustub/errors/type.go:5.31,5.51 1 0
github.com/brunocalza/go-bustub/storage/table/column.go:15.62,17.2 1 0
github.com/brunocalza/go-bustub/storage/table/column.go:19.35,21.2 1 0
github.com/brunocalza/go-bustub/storage/table/column.go:23.41,25.2 1 0
github.com/brunocalza/go-bustub/storage/table/column.go:27.37,29.2 1 0
github.com/brunocalza/go-bustub/storage/table/column.go:31.41,33.2 1 0
github.com/brunocalza/go-bustub/execution/plans/limit.go:9.69,11.2 1 0
github.com/brunocalza/go-bustub/execution/plans/limit.go:13.43,15.2 1 0
github.com/brunocalza/go-bustub/execution/plans/limit.go:17.44,19.2 1 0
github.com/brunocalza/go-bustub/execution/plans/limit.go:21.44,23.2 1 0
github.com/brunocalza/go-bustub/execution/executors/testing_utils.go:42.69,44.37 2 0
github.com/brunocalza/go-bustub/execution/executors/testing_utils.go:47.2,55.42 6 0
github.com/brunocalza/go-bustub/execution/executors/testing_utils.go:44.37,46.3 1 0
github.com/brunocalza/go-bustub/execution/executors/testing_utils.go:55.42,58.3 2 0
github.com/brunocalza/go-bustub/storage/table/schema.go:10.43,16.36 5 0
github.com/brunocalza/go-bustub/storage/table/schema.go:29.2,30.15 2 0
github.com/brunocalza/go-bustub/storage/table/schema.go:16.36,19.26 2 0
github.com/brunocalza/go-bustub/storage/table/schema.go:24.3,27.50 3 0
github.com/brunocalza/go-bustub/storage/table/schema.go:19.26,22.4 2 0
github.com/brunocalza/go-bustub/storage/table/schema.go:33.53,35.2 1 0
github.com/brunocalza/go-bustub/storage/table/schema.go:37.42,39.2 1 0
github.com/brunocalza/go-bustub/storage/table/schema.go:41.34,43.2 1 0
github.com/brunocalza/go-bustub/storage/table/schema.go:45.56,46.50 1 0
github.com/brunocalza/go-bustub/storage/table/schema.go:52.2,52.27 1 0
github.com/brunocalza/go-bustub/storage/table/schema.go:46.50,47.44 1 0
github.com/brunocalza/go-bustub/storage/table/schema.go:47.44,49.4 1 0
github.com/brunocalza/go-bustub/storage/table/schema.go:55.41,57.2 1 0
github.com/brunocalza/go-bustub/storage/access/table_heap_iterator.go:18.68,20.2 1 0
github.com/brunocalza/go-bustub/storage/access/table_heap_iterator.go:23.53,25.2 1 0
github.com/brunocalza/go-bustub/storage/access/table_heap_iterator.go:28.41,30.2 1 0
github.com/brunocalza/go-bustub/storage/access/table_heap_iterator.go:35.50,40.25 4 0
github.com/brunocalza/go-bustub/storage/access/table_heap_iterator.go:52.2,52.63 1 0
github.com/brunocalza/go-bustub/storage/access/table_heap_iterator.go:58.2,59.17 2 0
github.com/brunocalza/go-bustub/storage/access/table_heap_iterator.go:40.25,41.45 1 0
github.com/brunocalza/go-bustub/storage/access/table_heap_iterator.go:41.45,46.27 5 0
github.com/brunocalza/go-bustub/storage/access/table_heap_iterator.go:46.27,47.10 1 0
github.com/brunocalza/go-bustub/storage/access/table_heap_iterator.go:52.63,54.3 1 0
github.com/brunocalza/go-bustub/storage/access/table_heap_iterator.go:54.8,56.3 1 0
github.com/brunocalza/go-bustub/execution/plans/plan.go:25.63,27.2 1 0
github.com/brunocalza/go-bustub/execution/plans/plan.go:29.49,31.2 1 0
github.com/brunocalza/go-bustub/execution/plans/plan.go:33.57,35.2 1 0
github.com/brunocalza/go-bustub/execution/executors/execution_engine.go:17.93,22.6 4 0
github.com/brunocalza/go-bustub/execution/executors/execution_engine.go:33.2,33.15 1 0
github.com/brunocalza/go-bustub/execution/executors/execution_engine.go:22.6,24.25 2 0
github.com/brunocalza/go-bustub/execution/executors/execution_engine.go:28.3,28.19 1 0
github.com/brunocalza/go-bustub/execution/executors/execution_engine.go:24.25,25.9 1 0
github.com/brunocalza/go-bustub/execution/executors/execution_engine.go:28.19,30.4 1 0
github.com/brunocalza/go-bustub/execution/executors/execution_engine.go:36.94,37.26 1 0
github.com/brunocalza/go-bustub/execution/executors/execution_engine.go:45.2,45.12 1 0
github.com/brunocalza/go-bustub/execution/executors/execution_engine.go:38.29,39.39 1 0
github.com/brunocalza/go-bustub/execution/executors/execution_engine.go:40.30,41.40 1 0
github.com/brunocalza/go-bustub/execution/executors/execution_engine.go:42.28,43.85 1 0
github.com/brunocalza/go-bustub/container/hash/linear_probe_hash_table.go:19.88,27.34 6 1
github.com/brunocalza/go-bustub/container/hash/linear_probe_hash_table.go:32.2,34.48 2 1
github.com/brunocalza/go-bustub/container/hash/linear_probe_hash_table.go:27.34,31.3 3 1
github.com/brunocalza/go-bustub/container/hash/linear_probe_hash_table.go:37.57,51.35 10 1
github.com/brunocalza/go-bustub/container/hash/linear_probe_hash_table.go:63.2,66.15 3 1
github.com/brunocalza/go-bustub/container/hash/linear_probe_hash_table.go:51.35,52.69 1 1
github.com/brunocalza/go-bustub/container/hash/linear_probe_hash_table.go:56.3,58.70 3 1
github.com/brunocalza/go-bustub/container/hash/linear_probe_hash_table.go:52.69,54.4 1 1
github.com/brunocalza/go-bustub/container/hash/linear_probe_hash_table.go:58.70,59.9 1 0
github.com/brunocalza/go-bustub/container/hash/linear_probe_hash_table.go:69.72,82.6 9 1
github.com/brunocalza/go-bustub/container/hash/linear_probe_hash_table.go:101.2,104.8 3 1
github.com/brunocalza/go-bustub/container/hash/linear_probe_hash_table.go:82.6,83.73 1 1
github.com/brunocalza/go-bustub/container/hash/linear_probe_hash_table.go:88.3,88.36 1 1
github.com/brunocalza/go-bustub/container/hash/linear_probe_hash_table.go:93.3,96.70 3 1
github.com/brunocalza/go-bustub/container/hash/linear_probe_hash_table.go:83.73,85.9 2 1
github.com/brunocalza/go-bustub/container/hash/linear_probe_hash_table.go:88.36,91.9 3 1
github.com/brunocalza/go-bustub/container/hash/linear_probe_hash_table.go:96.70,97.9 1 0
github.com/brunocalza/go-bustub/container/hash/linear_probe_hash_table.go:107.60,120.35 9 1
github.com/brunocalza/go-bustub/container/hash/linear_probe_hash_table.go:132.2,133.42 2 1
github.com/brunocalza/go-bustub/container/hash/linear_probe_hash_table.go:120.35,121.107 1 1
github.com/brunocalza/go-bustub/container/hash/linear_probe_hash_table.go:125.3,127.70 3 1
github.com/brunocalza/go-bustub/container/hash/linear_probe_hash_table.go:121.107,123.4 1 1
github.com/brunocalza/go-bustub/container/hash/linear_probe_hash_table.go:127.70,128.9 1 0
github.com/brunocalza/go-bustub/container/hash/linear_probe_hash_table.go:136.51,146.2 6 1
